ALLOCATOR: /home/msteranka/allocators/libdieharder.so
BIT_WIDTH: 16

THREADS: 1      NUM_ALLOCS: 1000         ALLOC_SIZE: 16       ENTROPY: 0.9806     ELAPSED_SECONDS=0.00s
THREADS: 1      NUM_ALLOCS: 1000         ALLOC_SIZE: 32       ENTROPY: 0.9677     ELAPSED_SECONDS=0.00s
THREADS: 1      NUM_ALLOCS: 1000         ALLOC_SIZE: 64       ENTROPY: 0.9658     ELAPSED_SECONDS=0.00s
THREADS: 1      NUM_ALLOCS: 1000         ALLOC_SIZE: 128      ENTROPY: 0.9656     ELAPSED_SECONDS=0.00s
THREADS: 1      NUM_ALLOCS: 1000         ALLOC_SIZE: 256      ENTROPY: 0.9673     ELAPSED_SECONDS=0.01s
THREADS: 1      NUM_ALLOCS: 10000        ALLOC_SIZE: 16       ENTROPY: 0.9680     ELAPSED_SECONDS=0.01s
THREADS: 1      NUM_ALLOCS: 10000        ALLOC_SIZE: 32       ENTROPY: 0.9673     ELAPSED_SECONDS=0.02s
THREADS: 1      NUM_ALLOCS: 10000        ALLOC_SIZE: 64       ENTROPY: 0.9693     ELAPSED_SECONDS=0.02s
THREADS: 1      NUM_ALLOCS: 10000        ALLOC_SIZE: 128      ENTROPY: 0.9694     ELAPSED_SECONDS=0.02s
THREADS: 1      NUM_ALLOCS: 10000        ALLOC_SIZE: 256      ENTROPY: 0.9690     ELAPSED_SECONDS=0.03s
THREADS: 1      NUM_ALLOCS: 100000       ALLOC_SIZE: 16       ENTROPY: 0.9686     ELAPSED_SECONDS=0.12s
THREADS: 1      NUM_ALLOCS: 100000       ALLOC_SIZE: 32       ENTROPY: 0.9692     ELAPSED_SECONDS=0.15s
THREADS: 1      NUM_ALLOCS: 100000       ALLOC_SIZE: 64       ENTROPY: 0.9690     ELAPSED_SECONDS=0.18s
THREADS: 1      NUM_ALLOCS: 100000       ALLOC_SIZE: 128      ENTROPY: 0.9689     ELAPSED_SECONDS=0.20s
THREADS: 1      NUM_ALLOCS: 100000       ALLOC_SIZE: 256      ENTROPY: 0.9685     ELAPSED_SECONDS=0.26s
THREADS: 1      NUM_ALLOCS: 1000000      ALLOC_SIZE: 16       ENTROPY: 0.9831     ELAPSED_SECONDS=1.44s
THREADS: 1      NUM_ALLOCS: 1000000      ALLOC_SIZE: 32       ENTROPY: 0.9832     ELAPSED_SECONDS=1.76s
THREADS: 1      NUM_ALLOCS: 1000000      ALLOC_SIZE: 64       ENTROPY: 0.9835     ELAPSED_SECONDS=2.22s
THREADS: 1      NUM_ALLOCS: 1000000      ALLOC_SIZE: 128      ENTROPY: 0.9836     ELAPSED_SECONDS=2.41s
THREADS: 1      NUM_ALLOCS: 1000000      ALLOC_SIZE: 256      ENTROPY: 0.9834     ELAPSED_SECONDS=3.31s
THREADS: 1      NUM_ALLOCS: 10000000     ALLOC_SIZE: 16       ENTROPY: 0.9825     ELAPSED_SECONDS=16.45s
THREADS: 1      NUM_ALLOCS: 10000000     ALLOC_SIZE: 32       ENTROPY: 0.9824     ELAPSED_SECONDS=19.97s
THREADS: 1      NUM_ALLOCS: 10000000     ALLOC_SIZE: 64       ENTROPY: 0.9825     ELAPSED_SECONDS=24.50s
THREADS: 1      NUM_ALLOCS: 10000000     ALLOC_SIZE: 128      ENTROPY: Command terminated by signal 2
     ELAPSED_SECONDS=1373.38s
THREADS: 1      NUM_ALLOCS: 10000000     ALLOC_SIZE: 256      ENTROPY: Command terminated by signal 2
     ELAPSED_SECONDS=2.00s
THREADS: 2      NUM_ALLOCS: 1000         ALLOC_SIZE: 16       ENTROPY: 0.9840     ELAPSED_SECONDS=0.01s
THREADS: 2      NUM_ALLOCS: 1000         ALLOC_SIZE: 32       ENTROPY: 0.9818     ELAPSED_SECONDS=0.01s
THREADS: 2      NUM_ALLOCS: 1000         ALLOC_SIZE: 64       ENTROPY: 0.9679     ELAPSED_SECONDS=0.01s
THREADS: 2      NUM_ALLOCS: 1000         ALLOC_SIZE: 128      ENTROPY: 0.9835     ELAPSED_SECONDS=0.01s
THREADS: 2      NUM_ALLOCS: 1000         ALLOC_SIZE: 256      ENTROPY: 0.9655     ELAPSED_SECONDS=0.01s
THREADS: 2      NUM_ALLOCS: 10000        ALLOC_SIZE: 16       ENTROPY: 0.9840     ELAPSED_SECONDS=0.08s
THREADS: 2      NUM_ALLOCS: 10000        ALLOC_SIZE: 32       ENTROPY: 0.9833     ELAPSED_SECONDS=0.09s
THREADS: 2      NUM_ALLOCS: 10000        ALLOC_SIZE: 64       ENTROPY: 0.9842     ELAPSED_SECONDS=0.11s
THREADS: 2      NUM_ALLOCS: 10000        ALLOC_SIZE: 128      ENTROPY: 0.9839     ELAPSED_SECONDS=0.12s
THREADS: 2      NUM_ALLOCS: 10000        ALLOC_SIZE: 256      ENTROPY: 0.9834     ELAPSED_SECONDS=0.13s
THREADS: 2      NUM_ALLOCS: 100000       ALLOC_SIZE: 16       ENTROPY: 0.9837     ELAPSED_SECONDS=0.60s
THREADS: 2      NUM_ALLOCS: 100000       ALLOC_SIZE: 32       ENTROPY: 0.9839     ELAPSED_SECONDS=0.66s
THREADS: 2      NUM_ALLOCS: 100000       ALLOC_SIZE: 64       ENTROPY: 0.9841     ELAPSED_SECONDS=0.83s
THREADS: 2      NUM_ALLOCS: 100000       ALLOC_SIZE: 128      ENTROPY: 0.9841     ELAPSED_SECONDS=1.02s
THREADS: 2      NUM_ALLOCS: 100000       ALLOC_SIZE: 256      ENTROPY: 0.9840     ELAPSED_SECONDS=1.20s
THREADS: 2      NUM_ALLOCS: 1000000      ALLOC_SIZE: 16       ENTROPY: 0.9915     ELAPSED_SECONDS=7.16s
THREADS: 2      NUM_ALLOCS: 1000000      ALLOC_SIZE: 32       ENTROPY: 0.9919     ELAPSED_SECONDS=8.54s
THREADS: 2      NUM_ALLOCS: 1000000      ALLOC_SIZE: 64       ENTROPY: 0.9917     ELAPSED_SECONDS=9.06s
THREADS: 2      NUM_ALLOCS: 1000000      ALLOC_SIZE: 128      ENTROPY: 0.9914     ELAPSED_SECONDS=11.28s
THREADS: 2      NUM_ALLOCS: 1000000      ALLOC_SIZE: 256      ENTROPY: 0.9916     ELAPSED_SECONDS=13.68s
THREADS: 2      NUM_ALLOCS: 10000000     ALLOC_SIZE: 16       ENTROPY: 0.9908     ELAPSED_SECONDS=73.82s
THREADS: 2      NUM_ALLOCS: 10000000     ALLOC_SIZE: 32       ENTROPY: 0.9910     ELAPSED_SECONDS=87.33s
THREADS: 2      NUM_ALLOCS: 10000000     ALLOC_SIZE: 64       ENTROPY: Command terminated by signal 2
     ELAPSED_SECONDS=264.03s
THREADS: 2      NUM_ALLOCS: 10000000     ALLOC_SIZE: 128      ENTROPY: Command terminated by signal 2
     ELAPSED_SECONDS=0.96s
THREADS: 2      NUM_ALLOCS: 10000000     ALLOC_SIZE: 256      ENTROPY: Command terminated by signal 2
     ELAPSED_SECONDS=0.76s
THREADS: 4      NUM_ALLOCS: 1000         ALLOC_SIZE: 16       ENTROPY: 0.9829     ELAPSED_SECONDS=0.02s
THREADS: 4      NUM_ALLOCS: 1000         ALLOC_SIZE: 32       ENTROPY: 0.9908     ELAPSED_SECONDS=0.02s
THREADS: 4      NUM_ALLOCS: 1000         ALLOC_SIZE: 64       ENTROPY: 0.9912     ELAPSED_SECONDS=0.03s
THREADS: 4      NUM_ALLOCS: 1000         ALLOC_SIZE: 128      ENTROPY: 0.9913     ELAPSED_SECONDS=0.03s
THREADS: 4      NUM_ALLOCS: 1000         ALLOC_SIZE: 256      ENTROPY: 0.9821     ELAPSED_SECONDS=0.03s
THREADS: 4      NUM_ALLOCS: 10000        ALLOC_SIZE: 16       ENTROPY: 0.9916     ELAPSED_SECONDS=0.18s
THREADS: 4      NUM_ALLOCS: 10000        ALLOC_SIZE: 32       ENTROPY: 0.9918     ELAPSED_SECONDS=0.19s
THREADS: 4      NUM_ALLOCS: 10000        ALLOC_SIZE: 64       ENTROPY: 0.9918     ELAPSED_SECONDS=0.24s
THREADS: 4      NUM_ALLOCS: 10000        ALLOC_SIZE: 128      ENTROPY: 0.9917     ELAPSED_SECONDS=0.25s
THREADS: 4      NUM_ALLOCS: 10000        ALLOC_SIZE: 256      ENTROPY: 0.9917     ELAPSED_SECONDS=0.31s
THREADS: 4      NUM_ALLOCS: 100000       ALLOC_SIZE: 16       ENTROPY: 0.9920     ELAPSED_SECONDS=1.72s
THREADS: 4      NUM_ALLOCS: 100000       ALLOC_SIZE: 32       ENTROPY: 0.9919     ELAPSED_SECONDS=1.92s
THREADS: 4      NUM_ALLOCS: 100000       ALLOC_SIZE: 64       ENTROPY: 0.9918     ELAPSED_SECONDS=2.41s
THREADS: 4      NUM_ALLOCS: 100000       ALLOC_SIZE: 128      ENTROPY: 0.9918     ELAPSED_SECONDS=2.53s
THREADS: 4      NUM_ALLOCS: 100000       ALLOC_SIZE: 256      ENTROPY: 0.9920     ELAPSED_SECONDS=3.24s
THREADS: 4      NUM_ALLOCS: 1000000      ALLOC_SIZE: 16       ENTROPY: 0.9955     ELAPSED_SECONDS=20.21s
THREADS: 4      NUM_ALLOCS: 1000000      ALLOC_SIZE: 32       ENTROPY: 0.9958     ELAPSED_SECONDS=23.24s
THREADS: 4      NUM_ALLOCS: 1000000      ALLOC_SIZE: 64       ENTROPY: 0.9959     ELAPSED_SECONDS=27.27s
THREADS: 4      NUM_ALLOCS: 1000000      ALLOC_SIZE: 128      ENTROPY: 0.9958     ELAPSED_SECONDS=30.12s
THREADS: 4      NUM_ALLOCS: 1000000      ALLOC_SIZE: 256      ENTROPY: Command terminated by signal 2
     ELAPSED_SECONDS=265.17s
THREADS: 4      NUM_ALLOCS: 10000000     ALLOC_SIZE: 16       ENTROPY: 0.9952     ELAPSED_SECONDS=242.25s
THREADS: 4      NUM_ALLOCS: 10000000     ALLOC_SIZE: 32       ENTROPY: Command terminated by signal 2
     ELAPSED_SECONDS=196.87s
THREADS: 4      NUM_ALLOCS: 10000000     ALLOC_SIZE: 64       ENTROPY: Command terminated by signal 2
     ELAPSED_SECONDS=1.97s
THREADS: 4      NUM_ALLOCS: 10000000     ALLOC_SIZE: 128      ENTROPY: Command terminated by signal 2
     ELAPSED_SECONDS=0.59s
THREADS: 4      NUM_ALLOCS: 10000000     ALLOC_SIZE: 256      ENTROPY: Command terminated by signal 2
     ELAPSED_SECONDS=0.55s
THREADS: 8      NUM_ALLOCS: 1000         ALLOC_SIZE: 16       ENTROPY: 0.9954     ELAPSED_SECONDS=0.05s
THREADS: 8      NUM_ALLOCS: 1000         ALLOC_SIZE: 32       ENTROPY: 0.9914     ELAPSED_SECONDS=0.05s
THREADS: 8      NUM_ALLOCS: 1000         ALLOC_SIZE: 64       ENTROPY: 0.9952     ELAPSED_SECONDS=0.06s
THREADS: 8      NUM_ALLOCS: 1000         ALLOC_SIZE: 128      ENTROPY: 0.9912     ELAPSED_SECONDS=0.07s
THREADS: 8      NUM_ALLOCS: 1000         ALLOC_SIZE: 256      ENTROPY: 0.9957     ELAPSED_SECONDS=0.08s
THREADS: 8      NUM_ALLOCS: 10000        ALLOC_SIZE: 16       ENTROPY: 0.9960     ELAPSED_SECONDS=0.53s
THREADS: 8      NUM_ALLOCS: 10000        ALLOC_SIZE: 32       ENTROPY: 0.9958     ELAPSED_SECONDS=0.56s
THREADS: 8      NUM_ALLOCS: 10000        ALLOC_SIZE: 64       ENTROPY: 0.9959     ELAPSED_SECONDS=0.64s
THREADS: 8      NUM_ALLOCS: 10000        ALLOC_SIZE: 128      ENTROPY: 0.9957     ELAPSED_SECONDS=0.64s
THREADS: 8      NUM_ALLOCS: 10000        ALLOC_SIZE: 256      ENTROPY: 0.9960     ELAPSED_SECONDS=0.72s
THREADS: 8      NUM_ALLOCS: 100000       ALLOC_SIZE: 16       ENTROPY: 0.9958     ELAPSED_SECONDS=5.51s
THREADS: 8      NUM_ALLOCS: 100000       ALLOC_SIZE: 32       ENTROPY: 0.9959     ELAPSED_SECONDS=6.06s
THREADS: 8      NUM_ALLOCS: 100000       ALLOC_SIZE: 64       ENTROPY: 0.9960     ELAPSED_SECONDS=6.61s
THREADS: 8      NUM_ALLOCS: 100000       ALLOC_SIZE: 128      ENTROPY: 0.9957     ELAPSED_SECONDS=6.76s
THREADS: 8      NUM_ALLOCS: 100000       ALLOC_SIZE: 256      ENTROPY: 0.9958     ELAPSED_SECONDS=7.92s
THREADS: 8      NUM_ALLOCS: 1000000      ALLOC_SIZE: 16       ENTROPY: 0.9980     ELAPSED_SECONDS=61.23s
THREADS: 8      NUM_ALLOCS: 1000000      ALLOC_SIZE: 32       ENTROPY: 0.9978     ELAPSED_SECONDS=66.56s
THREADS: 8      NUM_ALLOCS: 1000000      ALLOC_SIZE: 64       ENTROPY: 0.9979     ELAPSED_SECONDS=76.01s
THREADS: 8      NUM_ALLOCS: 1000000      ALLOC_SIZE: 128      ENTROPY: Command terminated by signal 2
     ELAPSED_SECONDS=268.29s
THREADS: 8      NUM_ALLOCS: 1000000      ALLOC_SIZE: 256      ENTROPY: Command terminated by signal 2
     ELAPSED_SECONDS=0.83s
THREADS: 8      NUM_ALLOCS: 10000000     ALLOC_SIZE: 16       ENTROPY: Command terminated by signal 2
     ELAPSED_SECONDS=1.27s
THREADS: 8      NUM_ALLOCS: 10000000     ALLOC_SIZE: 32       ENTROPY: Command terminated by signal 2
     ELAPSED_SECONDS=0.33s
THREADS: 8      NUM_ALLOCS: 10000000     ALLOC_SIZE: 64       ENTROPY: Command terminated by signal 2
     ELAPSED_SECONDS=0.27s
THREADS: 8      NUM_ALLOCS: 10000000     ALLOC_SIZE: 128      ENTROPY: Command terminated by signal 2
     ELAPSED_SECONDS=0.73s
THREADS: 8      NUM_ALLOCS: 10000000     ALLOC_SIZE: 256      ENTROPY: Command terminated by signal 2
     ELAPSED_SECONDS=0.47s
