ALLOCATOR: /home/msteranka/allocators/libffmalloc.so
BIT_WIDTH: 16

THREADS: 1      NUM_ALLOCS: 1000         ALLOC_SIZE: 16       ENTROPY: 0.9995     ELAPSED_SECONDS=0.04s
THREADS: 1      NUM_ALLOCS: 1000         ALLOC_SIZE: 32       ENTROPY: 1.0001     ELAPSED_SECONDS=0.04s
THREADS: 1      NUM_ALLOCS: 1000         ALLOC_SIZE: 64       ENTROPY: 1.0004     ELAPSED_SECONDS=0.04s
THREADS: 1      NUM_ALLOCS: 1000         ALLOC_SIZE: 128      ENTROPY: 1.0001     ELAPSED_SECONDS=0.04s
THREADS: 1      NUM_ALLOCS: 1000         ALLOC_SIZE: 256      ENTROPY: 1.0007     ELAPSED_SECONDS=0.04s
THREADS: 1      NUM_ALLOCS: 10000        ALLOC_SIZE: 16       ENTROPY: 1.0001     ELAPSED_SECONDS=0.04s
THREADS: 1      NUM_ALLOCS: 10000        ALLOC_SIZE: 32       ENTROPY: 1.0001     ELAPSED_SECONDS=0.04s
THREADS: 1      NUM_ALLOCS: 10000        ALLOC_SIZE: 64       ENTROPY: 1.0000     ELAPSED_SECONDS=0.04s
THREADS: 1      NUM_ALLOCS: 10000        ALLOC_SIZE: 128      ENTROPY: 1.0001     ELAPSED_SECONDS=0.04s
THREADS: 1      NUM_ALLOCS: 10000        ALLOC_SIZE: 256      ENTROPY: 0.9998     ELAPSED_SECONDS=0.05s
THREADS: 1      NUM_ALLOCS: 100000       ALLOC_SIZE: 16       ENTROPY: 0.9999     ELAPSED_SECONDS=0.06s
THREADS: 1      NUM_ALLOCS: 100000       ALLOC_SIZE: 32       ENTROPY: 1.0000     ELAPSED_SECONDS=0.06s
THREADS: 1      NUM_ALLOCS: 100000       ALLOC_SIZE: 64       ENTROPY: 0.9998     ELAPSED_SECONDS=0.07s
THREADS: 1      NUM_ALLOCS: 100000       ALLOC_SIZE: 128      ENTROPY: 0.9998     ELAPSED_SECONDS=0.07s
THREADS: 1      NUM_ALLOCS: 100000       ALLOC_SIZE: 256      ENTROPY: 0.9992     ELAPSED_SECONDS=0.09s
THREADS: 1      NUM_ALLOCS: 1000000      ALLOC_SIZE: 16       ENTROPY: 0.9999     ELAPSED_SECONDS=0.22s
THREADS: 1      NUM_ALLOCS: 1000000      ALLOC_SIZE: 32       ENTROPY: 1.0000     ELAPSED_SECONDS=0.24s
THREADS: 1      NUM_ALLOCS: 1000000      ALLOC_SIZE: 64       ENTROPY: 0.9997     ELAPSED_SECONDS=0.27s
THREADS: 1      NUM_ALLOCS: 1000000      ALLOC_SIZE: 128      ENTROPY: 0.9995     ELAPSED_SECONDS=0.35s
THREADS: 1      NUM_ALLOCS: 1000000      ALLOC_SIZE: 256      ENTROPY: 0.9997     ELAPSED_SECONDS=0.49s
THREADS: 1      NUM_ALLOCS: 10000000     ALLOC_SIZE: 16       ENTROPY: 1.0000     ELAPSED_SECONDS=1.84s
THREADS: 1      NUM_ALLOCS: 10000000     ALLOC_SIZE: 32       ENTROPY: 0.9998     ELAPSED_SECONDS=1.95s
THREADS: 1      NUM_ALLOCS: 10000000     ALLOC_SIZE: 64       ENTROPY: 1.0003     ELAPSED_SECONDS=2.27s
THREADS: 1      NUM_ALLOCS: 10000000     ALLOC_SIZE: 128      ENTROPY: 1.0003     ELAPSED_SECONDS=3.10s
THREADS: 1      NUM_ALLOCS: 10000000     ALLOC_SIZE: 256      ENTROPY: 0.9997     ELAPSED_SECONDS=4.51s
THREADS: 2      NUM_ALLOCS: 1000         ALLOC_SIZE: 16       ENTROPY: 1.0000     ELAPSED_SECONDS=0.04s
THREADS: 2      NUM_ALLOCS: 1000         ALLOC_SIZE: 32       ENTROPY: 1.0002     ELAPSED_SECONDS=0.04s
THREADS: 2      NUM_ALLOCS: 1000         ALLOC_SIZE: 64       ENTROPY: 1.0002     ELAPSED_SECONDS=0.04s
THREADS: 2      NUM_ALLOCS: 1000         ALLOC_SIZE: 128      ENTROPY: 0.9999     ELAPSED_SECONDS=0.04s
THREADS: 2      NUM_ALLOCS: 1000         ALLOC_SIZE: 256      ENTROPY: 0.9999     ELAPSED_SECONDS=0.04s
THREADS: 2      NUM_ALLOCS: 10000        ALLOC_SIZE: 16       ENTROPY: 0.9998     ELAPSED_SECONDS=0.05s
THREADS: 2      NUM_ALLOCS: 10000        ALLOC_SIZE: 32       ENTROPY: 1.0004     ELAPSED_SECONDS=0.05s
THREADS: 2      NUM_ALLOCS: 10000        ALLOC_SIZE: 64       ENTROPY: 0.9999     ELAPSED_SECONDS=0.04s
THREADS: 2      NUM_ALLOCS: 10000        ALLOC_SIZE: 128      ENTROPY: 1.0000     ELAPSED_SECONDS=0.05s
THREADS: 2      NUM_ALLOCS: 10000        ALLOC_SIZE: 256      ENTROPY: 1.0000     ELAPSED_SECONDS=0.05s
THREADS: 2      NUM_ALLOCS: 100000       ALLOC_SIZE: 16       ENTROPY: 0.9997     ELAPSED_SECONDS=0.11s
THREADS: 2      NUM_ALLOCS: 100000       ALLOC_SIZE: 32       ENTROPY: 1.0003     ELAPSED_SECONDS=0.11s
THREADS: 2      NUM_ALLOCS: 100000       ALLOC_SIZE: 64       ENTROPY: 0.9996     ELAPSED_SECONDS=0.08s
THREADS: 2      NUM_ALLOCS: 100000       ALLOC_SIZE: 128      ENTROPY: 1.0001     ELAPSED_SECONDS=0.11s
THREADS: 2      NUM_ALLOCS: 100000       ALLOC_SIZE: 256      ENTROPY: 0.9999     ELAPSED_SECONDS=0.15s
THREADS: 2      NUM_ALLOCS: 1000000      ALLOC_SIZE: 16       ENTROPY: 1.0001     ELAPSED_SECONDS=0.39s
THREADS: 2      NUM_ALLOCS: 1000000      ALLOC_SIZE: 32       ENTROPY: 0.9998     ELAPSED_SECONDS=0.44s
THREADS: 2      NUM_ALLOCS: 1000000      ALLOC_SIZE: 64       ENTROPY: 0.9999     ELAPSED_SECONDS=0.42s
THREADS: 2      NUM_ALLOCS: 1000000      ALLOC_SIZE: 128      ENTROPY: 0.9999     ELAPSED_SECONDS=0.60s
THREADS: 2      NUM_ALLOCS: 1000000      ALLOC_SIZE: 256      ENTROPY: 0.9999     ELAPSED_SECONDS=1.02s
THREADS: 2      NUM_ALLOCS: 10000000     ALLOC_SIZE: 16       ENTROPY: 0.9997     ELAPSED_SECONDS=3.10s
THREADS: 2      NUM_ALLOCS: 10000000     ALLOC_SIZE: 32       ENTROPY: 1.0003     ELAPSED_SECONDS=3.71s
THREADS: 2      NUM_ALLOCS: 10000000     ALLOC_SIZE: 64       ENTROPY: 1.0003     ELAPSED_SECONDS=3.65s
THREADS: 2      NUM_ALLOCS: 10000000     ALLOC_SIZE: 128      ENTROPY: 0.9998     ELAPSED_SECONDS=5.96s
THREADS: 2      NUM_ALLOCS: 10000000     ALLOC_SIZE: 256      ENTROPY: 1.0001     ELAPSED_SECONDS=10.17s
THREADS: 4      NUM_ALLOCS: 1000         ALLOC_SIZE: 16       ENTROPY: 0.9999     ELAPSED_SECONDS=0.04s
THREADS: 4      NUM_ALLOCS: 1000         ALLOC_SIZE: 32       ENTROPY: 0.9999     ELAPSED_SECONDS=0.04s
THREADS: 4      NUM_ALLOCS: 1000         ALLOC_SIZE: 64       ENTROPY: 1.0001     ELAPSED_SECONDS=0.04s
THREADS: 4      NUM_ALLOCS: 1000         ALLOC_SIZE: 128      ENTROPY: 1.0000     ELAPSED_SECONDS=0.04s
THREADS: 4      NUM_ALLOCS: 1000         ALLOC_SIZE: 256      ENTROPY: 0.9999     ELAPSED_SECONDS=0.04s
THREADS: 4      NUM_ALLOCS: 10000        ALLOC_SIZE: 16       ENTROPY: 0.9997     ELAPSED_SECONDS=0.05s
THREADS: 4      NUM_ALLOCS: 10000        ALLOC_SIZE: 32       ENTROPY: 1.0002     ELAPSED_SECONDS=0.05s
THREADS: 4      NUM_ALLOCS: 10000        ALLOC_SIZE: 64       ENTROPY: 1.0001     ELAPSED_SECONDS=0.05s
THREADS: 4      NUM_ALLOCS: 10000        ALLOC_SIZE: 128      ENTROPY: 0.9999     ELAPSED_SECONDS=0.05s
THREADS: 4      NUM_ALLOCS: 10000        ALLOC_SIZE: 256      ENTROPY: 1.0000     ELAPSED_SECONDS=0.07s
THREADS: 4      NUM_ALLOCS: 100000       ALLOC_SIZE: 16       ENTROPY: 1.0001     ELAPSED_SECONDS=0.10s
THREADS: 4      NUM_ALLOCS: 100000       ALLOC_SIZE: 32       ENTROPY: 0.9999     ELAPSED_SECONDS=0.12s
THREADS: 4      NUM_ALLOCS: 100000       ALLOC_SIZE: 64       ENTROPY: 1.0001     ELAPSED_SECONDS=0.12s
THREADS: 4      NUM_ALLOCS: 100000       ALLOC_SIZE: 128      ENTROPY: 0.9998     ELAPSED_SECONDS=0.16s
THREADS: 4      NUM_ALLOCS: 100000       ALLOC_SIZE: 256      ENTROPY: 1.0000     ELAPSED_SECONDS=0.27s
THREADS: 4      NUM_ALLOCS: 1000000      ALLOC_SIZE: 16       ENTROPY: 1.0000     ELAPSED_SECONDS=0.44s
THREADS: 4      NUM_ALLOCS: 1000000      ALLOC_SIZE: 32       ENTROPY: 0.9999     ELAPSED_SECONDS=0.59s
THREADS: 4      NUM_ALLOCS: 1000000      ALLOC_SIZE: 64       ENTROPY: 0.9999     ELAPSED_SECONDS=0.75s
THREADS: 4      NUM_ALLOCS: 1000000      ALLOC_SIZE: 128      ENTROPY: 1.0002     ELAPSED_SECONDS=1.19s
THREADS: 4      NUM_ALLOCS: 1000000      ALLOC_SIZE: 256      ENTROPY: 1.0002     ELAPSED_SECONDS=2.13s
THREADS: 4      NUM_ALLOCS: 10000000     ALLOC_SIZE: 16       ENTROPY: 1.0000     ELAPSED_SECONDS=3.53s
THREADS: 4      NUM_ALLOCS: 10000000     ALLOC_SIZE: 32       ENTROPY: 1.0003     ELAPSED_SECONDS=4.96s
THREADS: 4      NUM_ALLOCS: 10000000     ALLOC_SIZE: 64       ENTROPY: 0.9998     ELAPSED_SECONDS=6.91s
THREADS: 4      NUM_ALLOCS: 10000000     ALLOC_SIZE: 128      ENTROPY: 1.0000     ELAPSED_SECONDS=11.84s
THREADS: 4      NUM_ALLOCS: 10000000     ALLOC_SIZE: 256      ENTROPY: 1.0001     ELAPSED_SECONDS=20.84s
THREADS: 8      NUM_ALLOCS: 1000         ALLOC_SIZE: 16       ENTROPY: 1.0000     ELAPSED_SECONDS=0.05s
THREADS: 8      NUM_ALLOCS: 1000         ALLOC_SIZE: 32       ENTROPY: 1.0001     ELAPSED_SECONDS=0.05s
THREADS: 8      NUM_ALLOCS: 1000         ALLOC_SIZE: 64       ENTROPY: 0.9999     ELAPSED_SECONDS=0.05s
THREADS: 8      NUM_ALLOCS: 1000         ALLOC_SIZE: 128      ENTROPY: 1.0001     ELAPSED_SECONDS=0.05s
THREADS: 8      NUM_ALLOCS: 1000         ALLOC_SIZE: 256      ENTROPY: 1.0000     ELAPSED_SECONDS=0.05s
THREADS: 8      NUM_ALLOCS: 10000        ALLOC_SIZE: 16       ENTROPY: 1.0000     ELAPSED_SECONDS=0.05s
THREADS: 8      NUM_ALLOCS: 10000        ALLOC_SIZE: 32       ENTROPY: 0.9998     ELAPSED_SECONDS=0.06s
THREADS: 8      NUM_ALLOCS: 10000        ALLOC_SIZE: 64       ENTROPY: 1.0000     ELAPSED_SECONDS=0.06s
THREADS: 8      NUM_ALLOCS: 10000        ALLOC_SIZE: 128      ENTROPY: 0.9999     ELAPSED_SECONDS=0.07s
THREADS: 8      NUM_ALLOCS: 10000        ALLOC_SIZE: 256      ENTROPY: 0.9998     ELAPSED_SECONDS=0.09s
THREADS: 8      NUM_ALLOCS: 100000       ALLOC_SIZE: 16       ENTROPY: 1.0000     ELAPSED_SECONDS=0.11s
THREADS: 8      NUM_ALLOCS: 100000       ALLOC_SIZE: 32       ENTROPY: 1.0000     ELAPSED_SECONDS=0.15s
THREADS: 8      NUM_ALLOCS: 100000       ALLOC_SIZE: 64       ENTROPY: 1.0000     ELAPSED_SECONDS=0.18s
THREADS: 8      NUM_ALLOCS: 100000       ALLOC_SIZE: 128      ENTROPY: 1.0000     ELAPSED_SECONDS=0.28s
THREADS: 8      NUM_ALLOCS: 100000       ALLOC_SIZE: 256      ENTROPY: 0.9999     ELAPSED_SECONDS=0.50s
THREADS: 8      NUM_ALLOCS: 1000000      ALLOC_SIZE: 16       ENTROPY: 0.9998     ELAPSED_SECONDS=0.61s
THREADS: 8      NUM_ALLOCS: 1000000      ALLOC_SIZE: 32       ENTROPY: 1.0001     ELAPSED_SECONDS=1.03s
THREADS: 8      NUM_ALLOCS: 1000000      ALLOC_SIZE: 64       ENTROPY: 1.0003     ELAPSED_SECONDS=1.35s
THREADS: 8      NUM_ALLOCS: 1000000      ALLOC_SIZE: 128      ENTROPY: 1.0001     ELAPSED_SECONDS=2.42s
THREADS: 8      NUM_ALLOCS: 1000000      ALLOC_SIZE: 256      ENTROPY: 0.9999     ELAPSED_SECONDS=4.48s
THREADS: 8      NUM_ALLOCS: 10000000     ALLOC_SIZE: 16       ENTROPY: 1.0001     ELAPSED_SECONDS=5.00s
THREADS: 8      NUM_ALLOCS: 10000000     ALLOC_SIZE: 32       ENTROPY: 1.0000     ELAPSED_SECONDS=8.47s
THREADS: 8      NUM_ALLOCS: 10000000     ALLOC_SIZE: 64       ENTROPY: 1.0000     ELAPSED_SECONDS=12.09s
THREADS: 8      NUM_ALLOCS: 10000000     ALLOC_SIZE: 128      ENTROPY: 1.0001     ELAPSED_SECONDS=24.40s
THREADS: 8      NUM_ALLOCS: 10000000     ALLOC_SIZE: 256      ENTROPY: 1.0000     ELAPSED_SECONDS=46.77s
