ALLOCATOR: /home/msteranka/allocators/libguarder.so
BIT_WIDTH: 16

THREADS: 1      NUM_ALLOCS: 1000         ALLOC_SIZE: 16       ENTROPY: 1.0001     ELAPSED_SECONDS=0.01s
THREADS: 1      NUM_ALLOCS: 1000         ALLOC_SIZE: 32       ENTROPY: 0.9995     ELAPSED_SECONDS=0.01s
THREADS: 1      NUM_ALLOCS: 1000         ALLOC_SIZE: 64       ENTROPY: 0.9999     ELAPSED_SECONDS=0.01s
THREADS: 1      NUM_ALLOCS: 1000         ALLOC_SIZE: 128      ENTROPY: 1.0002     ELAPSED_SECONDS=0.01s
THREADS: 1      NUM_ALLOCS: 1000         ALLOC_SIZE: 256      ENTROPY: 1.0007     ELAPSED_SECONDS=0.01s
THREADS: 1      NUM_ALLOCS: 10000        ALLOC_SIZE: 16       ENTROPY: 0.9998     ELAPSED_SECONDS=0.01s
THREADS: 1      NUM_ALLOCS: 10000        ALLOC_SIZE: 32       ENTROPY: 0.9997     ELAPSED_SECONDS=0.01s
THREADS: 1      NUM_ALLOCS: 10000        ALLOC_SIZE: 64       ENTROPY: 0.9999     ELAPSED_SECONDS=0.01s
THREADS: 1      NUM_ALLOCS: 10000        ALLOC_SIZE: 128      ENTROPY: 1.0001     ELAPSED_SECONDS=0.01s
THREADS: 1      NUM_ALLOCS: 10000        ALLOC_SIZE: 256      ENTROPY: 1.0001     ELAPSED_SECONDS=0.02s
THREADS: 1      NUM_ALLOCS: 100000       ALLOC_SIZE: 16       ENTROPY: 0.9995     ELAPSED_SECONDS=0.05s
THREADS: 1      NUM_ALLOCS: 100000       ALLOC_SIZE: 32       ENTROPY: 1.0000     ELAPSED_SECONDS=0.06s
THREADS: 1      NUM_ALLOCS: 100000       ALLOC_SIZE: 64       ENTROPY: 0.9998     ELAPSED_SECONDS=0.07s
THREADS: 1      NUM_ALLOCS: 100000       ALLOC_SIZE: 128      ENTROPY: 0.9996     ELAPSED_SECONDS=0.08s
THREADS: 1      NUM_ALLOCS: 100000       ALLOC_SIZE: 256      ENTROPY: 0.9994     ELAPSED_SECONDS=0.11s
THREADS: 1      NUM_ALLOCS: 1000000      ALLOC_SIZE: 16       ENTROPY: 1.0004     ELAPSED_SECONDS=0.41s
THREADS: 1      NUM_ALLOCS: 1000000      ALLOC_SIZE: 32       ENTROPY: 1.0001     ELAPSED_SECONDS=0.50s
THREADS: 1      NUM_ALLOCS: 1000000      ALLOC_SIZE: 64       ENTROPY: 1.0003     ELAPSED_SECONDS=0.57s
THREADS: 1      NUM_ALLOCS: 1000000      ALLOC_SIZE: 128      ENTROPY: 1.0001     ELAPSED_SECONDS=0.70s
THREADS: 1      NUM_ALLOCS: 1000000      ALLOC_SIZE: 256      ENTROPY: 0.9996     ELAPSED_SECONDS=0.96s
THREADS: 1      NUM_ALLOCS: 10000000     ALLOC_SIZE: 16       ENTROPY: 0.9997     ELAPSED_SECONDS=4.13s
THREADS: 1      NUM_ALLOCS: 10000000     ALLOC_SIZE: 32       ENTROPY: 0.9898     ELAPSED_SECONDS=4.64s
THREADS: 1      NUM_ALLOCS: 10000000     ALLOC_SIZE: 64       ENTROPY: 0.9458     ELAPSED_SECONDS=5.36s
THREADS: 1      NUM_ALLOCS: 10000000     ALLOC_SIZE: 128      ENTROPY: 0.9037     ELAPSED_SECONDS=6.44s
THREADS: 1      NUM_ALLOCS: 10000000     ALLOC_SIZE: 256      ENTROPY: 0.8603     ELAPSED_SECONDS=8.57s
THREADS: 2      NUM_ALLOCS: 1000         ALLOC_SIZE: 16       ENTROPY: 1.0001     ELAPSED_SECONDS=0.01s
THREADS: 2      NUM_ALLOCS: 1000         ALLOC_SIZE: 32       ENTROPY: 0.9997     ELAPSED_SECONDS=0.01s
THREADS: 2      NUM_ALLOCS: 1000         ALLOC_SIZE: 64       ENTROPY: 0.9999     ELAPSED_SECONDS=0.01s
THREADS: 2      NUM_ALLOCS: 1000         ALLOC_SIZE: 128      ENTROPY: 1.0001     ELAPSED_SECONDS=0.01s
THREADS: 2      NUM_ALLOCS: 1000         ALLOC_SIZE: 256      ENTROPY: 0.9997     ELAPSED_SECONDS=0.01s
THREADS: 2      NUM_ALLOCS: 10000        ALLOC_SIZE: 16       ENTROPY: 0.9997     ELAPSED_SECONDS=0.01s
THREADS: 2      NUM_ALLOCS: 10000        ALLOC_SIZE: 32       ENTROPY: 1.0002     ELAPSED_SECONDS=0.01s
THREADS: 2      NUM_ALLOCS: 10000        ALLOC_SIZE: 64       ENTROPY: 1.0000     ELAPSED_SECONDS=0.01s
THREADS: 2      NUM_ALLOCS: 10000        ALLOC_SIZE: 128      ENTROPY: 0.9998     ELAPSED_SECONDS=0.01s
THREADS: 2      NUM_ALLOCS: 10000        ALLOC_SIZE: 256      ENTROPY: 1.0003     ELAPSED_SECONDS=0.02s
THREADS: 2      NUM_ALLOCS: 100000       ALLOC_SIZE: 16       ENTROPY: 1.0000     ELAPSED_SECONDS=0.05s
THREADS: 2      NUM_ALLOCS: 100000       ALLOC_SIZE: 32       ENTROPY: 0.9996     ELAPSED_SECONDS=0.06s
THREADS: 2      NUM_ALLOCS: 100000       ALLOC_SIZE: 64       ENTROPY: 1.0000     ELAPSED_SECONDS=0.07s
THREADS: 2      NUM_ALLOCS: 100000       ALLOC_SIZE: 128      ENTROPY: 1.0001     ELAPSED_SECONDS=0.09s
THREADS: 2      NUM_ALLOCS: 100000       ALLOC_SIZE: 256      ENTROPY: 1.0002     ELAPSED_SECONDS=0.13s
THREADS: 2      NUM_ALLOCS: 1000000      ALLOC_SIZE: 16       ENTROPY: 1.0001     ELAPSED_SECONDS=0.47s
THREADS: 2      NUM_ALLOCS: 1000000      ALLOC_SIZE: 32       ENTROPY: 1.0001     ELAPSED_SECONDS=0.57s
THREADS: 2      NUM_ALLOCS: 1000000      ALLOC_SIZE: 64       ENTROPY: 1.0000     ELAPSED_SECONDS=0.63s
THREADS: 2      NUM_ALLOCS: 1000000      ALLOC_SIZE: 128      ENTROPY: 1.0002     ELAPSED_SECONDS=0.92s
THREADS: 2      NUM_ALLOCS: 1000000      ALLOC_SIZE: 256      ENTROPY: 0.9997     ELAPSED_SECONDS=1.26s
THREADS: 2      NUM_ALLOCS: 10000000     ALLOC_SIZE: 16       ENTROPY: 0.9999     ELAPSED_SECONDS=4.46s
THREADS: 2      NUM_ALLOCS: 10000000     ALLOC_SIZE: 32       ENTROPY: 0.9891     ELAPSED_SECONDS=4.87s
THREADS: 2      NUM_ALLOCS: 10000000     ALLOC_SIZE: 64       ENTROPY: 0.9462     ELAPSED_SECONDS=5.54s
THREADS: 2      NUM_ALLOCS: 10000000     ALLOC_SIZE: 128      ENTROPY: 0.9030     ELAPSED_SECONDS=7.48s
THREADS: 2      NUM_ALLOCS: 10000000     ALLOC_SIZE: 256      ENTROPY: 0.8600     ELAPSED_SECONDS=9.65s
THREADS: 4      NUM_ALLOCS: 1000         ALLOC_SIZE: 16       ENTROPY: 0.9999     ELAPSED_SECONDS=0.01s
THREADS: 4      NUM_ALLOCS: 1000         ALLOC_SIZE: 32       ENTROPY: 1.0002     ELAPSED_SECONDS=0.02s
THREADS: 4      NUM_ALLOCS: 1000         ALLOC_SIZE: 64       ENTROPY: 1.0001     ELAPSED_SECONDS=0.02s
THREADS: 4      NUM_ALLOCS: 1000         ALLOC_SIZE: 128      ENTROPY: 1.0002     ELAPSED_SECONDS=0.02s
THREADS: 4      NUM_ALLOCS: 1000         ALLOC_SIZE: 256      ENTROPY: 1.0002     ELAPSED_SECONDS=0.02s
THREADS: 4      NUM_ALLOCS: 10000        ALLOC_SIZE: 16       ENTROPY: 1.0000     ELAPSED_SECONDS=0.02s
THREADS: 4      NUM_ALLOCS: 10000        ALLOC_SIZE: 32       ENTROPY: 0.9999     ELAPSED_SECONDS=0.02s
THREADS: 4      NUM_ALLOCS: 10000        ALLOC_SIZE: 64       ENTROPY: 1.0002     ELAPSED_SECONDS=0.02s
THREADS: 4      NUM_ALLOCS: 10000        ALLOC_SIZE: 128      ENTROPY: 1.0000     ELAPSED_SECONDS=0.02s
THREADS: 4      NUM_ALLOCS: 10000        ALLOC_SIZE: 256      ENTROPY: 1.0002     ELAPSED_SECONDS=0.04s
THREADS: 4      NUM_ALLOCS: 100000       ALLOC_SIZE: 16       ENTROPY: 1.0002     ELAPSED_SECONDS=0.07s
THREADS: 4      NUM_ALLOCS: 100000       ALLOC_SIZE: 32       ENTROPY: 1.0002     ELAPSED_SECONDS=0.07s
THREADS: 4      NUM_ALLOCS: 100000       ALLOC_SIZE: 64       ENTROPY: 1.0000     ELAPSED_SECONDS=0.09s
THREADS: 4      NUM_ALLOCS: 100000       ALLOC_SIZE: 128      ENTROPY: 1.0000     ELAPSED_SECONDS=0.13s
THREADS: 4      NUM_ALLOCS: 100000       ALLOC_SIZE: 256      ENTROPY: 1.0000     ELAPSED_SECONDS=0.22s
THREADS: 4      NUM_ALLOCS: 1000000      ALLOC_SIZE: 16       ENTROPY: 1.0000     ELAPSED_SECONDS=0.52s
THREADS: 4      NUM_ALLOCS: 1000000      ALLOC_SIZE: 32       ENTROPY: 1.0000     ELAPSED_SECONDS=0.64s
THREADS: 4      NUM_ALLOCS: 1000000      ALLOC_SIZE: 64       ENTROPY: 1.0000     ELAPSED_SECONDS=0.79s
THREADS: 4      NUM_ALLOCS: 1000000      ALLOC_SIZE: 128      ENTROPY: 1.0001     ELAPSED_SECONDS=1.21s
THREADS: 4      NUM_ALLOCS: 1000000      ALLOC_SIZE: 256      ENTROPY: 1.0000     ELAPSED_SECONDS=1.80s
THREADS: 4      NUM_ALLOCS: 10000000     ALLOC_SIZE: 16       ENTROPY: 1.0001     ELAPSED_SECONDS=4.32s
THREADS: 4      NUM_ALLOCS: 10000000     ALLOC_SIZE: 32       ENTROPY: 0.9892     ELAPSED_SECONDS=5.18s
THREADS: 4      NUM_ALLOCS: 10000000     ALLOC_SIZE: 64       ENTROPY: 0.9463     ELAPSED_SECONDS=6.34s
THREADS: 4      NUM_ALLOCS: 10000000     ALLOC_SIZE: 128      ENTROPY: 0.9032     ELAPSED_SECONDS=9.85s
THREADS: 4      NUM_ALLOCS: 10000000     ALLOC_SIZE: 256      ENTROPY: 0.8601     ELAPSED_SECONDS=15.30s
THREADS: 8      NUM_ALLOCS: 1000         ALLOC_SIZE: 16       ENTROPY: 1.0001     ELAPSED_SECONDS=0.04s
THREADS: 8      NUM_ALLOCS: 1000         ALLOC_SIZE: 32       ENTROPY: 1.0002     ELAPSED_SECONDS=0.03s
THREADS: 8      NUM_ALLOCS: 1000         ALLOC_SIZE: 64       ENTROPY: 0.9999     ELAPSED_SECONDS=0.03s
THREADS: 8      NUM_ALLOCS: 1000         ALLOC_SIZE: 128      ENTROPY: 0.9997     ELAPSED_SECONDS=0.04s
THREADS: 8      NUM_ALLOCS: 1000         ALLOC_SIZE: 256      ENTROPY: 1.0000     ELAPSED_SECONDS=0.04s
THREADS: 8      NUM_ALLOCS: 10000        ALLOC_SIZE: 16       ENTROPY: 0.9999     ELAPSED_SECONDS=0.03s
THREADS: 8      NUM_ALLOCS: 10000        ALLOC_SIZE: 32       ENTROPY: 0.9999     ELAPSED_SECONDS=0.03s
THREADS: 8      NUM_ALLOCS: 10000        ALLOC_SIZE: 64       ENTROPY: 1.0000     ELAPSED_SECONDS=0.04s
THREADS: 8      NUM_ALLOCS: 10000        ALLOC_SIZE: 128      ENTROPY: 1.0000     ELAPSED_SECONDS=0.04s
THREADS: 8      NUM_ALLOCS: 10000        ALLOC_SIZE: 256      ENTROPY: 0.9998     ELAPSED_SECONDS=0.07s
THREADS: 8      NUM_ALLOCS: 100000       ALLOC_SIZE: 16       ENTROPY: 1.0003     ELAPSED_SECONDS=0.12s
THREADS: 8      NUM_ALLOCS: 100000       ALLOC_SIZE: 32       ENTROPY: 1.0001     ELAPSED_SECONDS=0.12s
THREADS: 8      NUM_ALLOCS: 100000       ALLOC_SIZE: 64       ENTROPY: 0.9999     ELAPSED_SECONDS=0.16s
THREADS: 8      NUM_ALLOCS: 100000       ALLOC_SIZE: 128      ENTROPY: 0.9999     ELAPSED_SECONDS=0.26s
THREADS: 8      NUM_ALLOCS: 100000       ALLOC_SIZE: 256      ENTROPY: 1.0000     ELAPSED_SECONDS=0.44s
THREADS: 8      NUM_ALLOCS: 1000000      ALLOC_SIZE: 16       ENTROPY: 1.0000     ELAPSED_SECONDS=0.68s
THREADS: 8      NUM_ALLOCS: 1000000      ALLOC_SIZE: 32       ENTROPY: 1.0001     ELAPSED_SECONDS=0.91s
THREADS: 8      NUM_ALLOCS: 1000000      ALLOC_SIZE: 64       ENTROPY: 1.0000     ELAPSED_SECONDS=1.26s
THREADS: 8      NUM_ALLOCS: 1000000      ALLOC_SIZE: 128      ENTROPY: 1.0002     ELAPSED_SECONDS=2.11s
THREADS: 8      NUM_ALLOCS: 1000000      ALLOC_SIZE: 256      ENTROPY: 1.0000     ELAPSED_SECONDS=3.47s
THREADS: 8      NUM_ALLOCS: 10000000     ALLOC_SIZE: 16       ENTROPY: 1.0000     ELAPSED_SECONDS=5.13s
THREADS: 8      NUM_ALLOCS: 10000000     ALLOC_SIZE: 32       ENTROPY: 0.9892     ELAPSED_SECONDS=6.73s
THREADS: 8      NUM_ALLOCS: 10000000     ALLOC_SIZE: 64       ENTROPY: 0.9462     ELAPSED_SECONDS=11.03s
THREADS: 8      NUM_ALLOCS: 10000000     ALLOC_SIZE: 128      ENTROPY: 0.9032     ELAPSED_SECONDS=19.71s
THREADS: 8      NUM_ALLOCS: 10000000     ALLOC_SIZE: 256      ENTROPY: 0.8603     ELAPSED_SECONDS=34.81s
