ALLOCATOR: /home/msteranka/allocators/libmarkus.so
BIT_WIDTH: 16

THREADS: 1      NUM_ALLOCS: 1000         ALLOC_SIZE: 16       ENTROPY: 1.0007     ELAPSED_SECONDS=0.00s
THREADS: 1      NUM_ALLOCS: 1000         ALLOC_SIZE: 32       ENTROPY: 1.0002     ELAPSED_SECONDS=0.00s
THREADS: 1      NUM_ALLOCS: 1000         ALLOC_SIZE: 64       ENTROPY: 1.0005     ELAPSED_SECONDS=0.00s
THREADS: 1      NUM_ALLOCS: 1000         ALLOC_SIZE: 128      ENTROPY: 0.9999     ELAPSED_SECONDS=0.01s
THREADS: 1      NUM_ALLOCS: 1000         ALLOC_SIZE: 256      ENTROPY: 0.9968     ELAPSED_SECONDS=0.01s
THREADS: 1      NUM_ALLOCS: 10000        ALLOC_SIZE: 16       ENTROPY: 0.9995     ELAPSED_SECONDS=0.01s
THREADS: 1      NUM_ALLOCS: 10000        ALLOC_SIZE: 32       ENTROPY: 0.9977     ELAPSED_SECONDS=0.01s
THREADS: 1      NUM_ALLOCS: 10000        ALLOC_SIZE: 64       ENTROPY: 0.9870     ELAPSED_SECONDS=0.01s
THREADS: 1      NUM_ALLOCS: 10000        ALLOC_SIZE: 128      ENTROPY: 0.8992     ELAPSED_SECONDS=0.02s
THREADS: 1      NUM_ALLOCS: 10000        ALLOC_SIZE: 256      ENTROPY: 0.8636     ELAPSED_SECONDS=0.03s
THREADS: 1      NUM_ALLOCS: 100000       ALLOC_SIZE: 16       ENTROPY: 0.8269     ELAPSED_SECONDS=0.05s
THREADS: 1      NUM_ALLOCS: 100000       ALLOC_SIZE: 32       ENTROPY: 0.8400     ELAPSED_SECONDS=0.07s
THREADS: 1      NUM_ALLOCS: 100000       ALLOC_SIZE: 64       ENTROPY: 0.7537     ELAPSED_SECONDS=0.09s
THREADS: 1      NUM_ALLOCS: 100000       ALLOC_SIZE: 128      ENTROPY: 0.7332     ELAPSED_SECONDS=0.13s
THREADS: 1      NUM_ALLOCS: 100000       ALLOC_SIZE: 256      ENTROPY: 0.6416     ELAPSED_SECONDS=0.21s
THREADS: 1      NUM_ALLOCS: 1000000      ALLOC_SIZE: 16       ENTROPY: 0.6885     ELAPSED_SECONDS=0.45s
THREADS: 1      NUM_ALLOCS: 1000000      ALLOC_SIZE: 32       ENTROPY: 0.6705     ELAPSED_SECONDS=0.58s
THREADS: 1      NUM_ALLOCS: 1000000      ALLOC_SIZE: 64       ENTROPY: 0.6266     ELAPSED_SECONDS=0.81s
THREADS: 1      NUM_ALLOCS: 1000000      ALLOC_SIZE: 128      ENTROPY: 0.5808     ELAPSED_SECONDS=1.26s
THREADS: 1      NUM_ALLOCS: 1000000      ALLOC_SIZE: 256      ENTROPY: 0.5358     ELAPSED_SECONDS=2.34s
THREADS: 1      NUM_ALLOCS: 10000000     ALLOC_SIZE: 16       ENTROPY: 0.5908     ELAPSED_SECONDS=5.11s
THREADS: 1      NUM_ALLOCS: 10000000     ALLOC_SIZE: 32       ENTROPY: 0.5656     ELAPSED_SECONDS=6.97s
THREADS: 1      NUM_ALLOCS: 10000000     ALLOC_SIZE: 64       ENTROPY: 0.5337     ELAPSED_SECONDS=11.52s
THREADS: 1      NUM_ALLOCS: 10000000     ALLOC_SIZE: 128      ENTROPY: 0.4977     ELAPSED_SECONDS=23.48s
THREADS: 1      NUM_ALLOCS: 10000000     ALLOC_SIZE: 256      ENTROPY: 0.4576     ELAPSED_SECONDS=60.74s
THREADS: 2      NUM_ALLOCS: 1000         ALLOC_SIZE: 16       ENTROPY: 0.9999     ELAPSED_SECONDS=0.01s
THREADS: 2      NUM_ALLOCS: 1000         ALLOC_SIZE: 32       ENTROPY: 1.0002     ELAPSED_SECONDS=0.01s
THREADS: 2      NUM_ALLOCS: 1000         ALLOC_SIZE: 64       ENTROPY: 0.9994     ELAPSED_SECONDS=0.01s
THREADS: 2      NUM_ALLOCS: 1000         ALLOC_SIZE: 128      ENTROPY: 0.9999     ELAPSED_SECONDS=0.01s
THREADS: 2      NUM_ALLOCS: 1000         ALLOC_SIZE: 256      ENTROPY: 0.9965     ELAPSED_SECONDS=0.01s
THREADS: 2      NUM_ALLOCS: 10000        ALLOC_SIZE: 16       ENTROPY: 0.9988     ELAPSED_SECONDS=0.03s
THREADS: 2      NUM_ALLOCS: 10000        ALLOC_SIZE: 32       ENTROPY: Command terminated by signal 11
     ELAPSED_SECONDS=1.14s
THREADS: 2      NUM_ALLOCS: 10000        ALLOC_SIZE: 64       ENTROPY: 0.9322     ELAPSED_SECONDS=0.03s
THREADS: 2      NUM_ALLOCS: 10000        ALLOC_SIZE: 128      ENTROPY: 0.9296     ELAPSED_SECONDS=0.03s
THREADS: 2      NUM_ALLOCS: 10000        ALLOC_SIZE: 256      ENTROPY: 0.8138     ELAPSED_SECONDS=0.05s
THREADS: 2      NUM_ALLOCS: 100000       ALLOC_SIZE: 16       ENTROPY: 0.9212     ELAPSED_SECONDS=0.19s
THREADS: 2      NUM_ALLOCS: 100000       ALLOC_SIZE: 32       ENTROPY: 0.9104     ELAPSED_SECONDS=0.21s
THREADS: 2      NUM_ALLOCS: 100000       ALLOC_SIZE: 64       ENTROPY: 0.7649     ELAPSED_SECONDS=0.22s
THREADS: 2      NUM_ALLOCS: 100000       ALLOC_SIZE: 128      ENTROPY: 0.7592     ELAPSED_SECONDS=0.29s
THREADS: 2      NUM_ALLOCS: 100000       ALLOC_SIZE: 256      ENTROPY: 0.8849     ELAPSED_SECONDS=0.41s
THREADS: 2      NUM_ALLOCS: 1000000      ALLOC_SIZE: 16       ENTROPY: 0.7190     ELAPSED_SECONDS=1.36s
THREADS: 2      NUM_ALLOCS: 1000000      ALLOC_SIZE: 32       ENTROPY: 0.6946     ELAPSED_SECONDS=1.58s
THREADS: 2      NUM_ALLOCS: 1000000      ALLOC_SIZE: 64       ENTROPY: 0.6581     ELAPSED_SECONDS=2.06s
THREADS: 2      NUM_ALLOCS: 1000000      ALLOC_SIZE: 128      ENTROPY: 0.6645     ELAPSED_SECONDS=2.99s
THREADS: 2      NUM_ALLOCS: 1000000      ALLOC_SIZE: 256      ENTROPY: 0.7364     ELAPSED_SECONDS=5.82s
THREADS: 2      NUM_ALLOCS: 10000000     ALLOC_SIZE: 16       ENTROPY: 0.6319     ELAPSED_SECONDS=15.97s
THREADS: 2      NUM_ALLOCS: 10000000     ALLOC_SIZE: 32       ENTROPY: 0.5969     ELAPSED_SECONDS=21.29s
THREADS: 2      NUM_ALLOCS: 10000000     ALLOC_SIZE: 64       ENTROPY: 0.5602     ELAPSED_SECONDS=34.94s
THREADS: 2      NUM_ALLOCS: 10000000     ALLOC_SIZE: 128      ENTROPY: 0.8683     ELAPSED_SECONDS=77.33s
THREADS: 2      NUM_ALLOCS: 10000000     ALLOC_SIZE: 256      ENTROPY: 0.4846     ELAPSED_SECONDS=241.69s
THREADS: 4      NUM_ALLOCS: 1000         ALLOC_SIZE: 16       ENTROPY: 0.9998     ELAPSED_SECONDS=0.01s
THREADS: 4      NUM_ALLOCS: 1000         ALLOC_SIZE: 32       ENTROPY: 0.9964     ELAPSED_SECONDS=0.01s
THREADS: 4      NUM_ALLOCS: 1000         ALLOC_SIZE: 64       ENTROPY: 0.9901     ELAPSED_SECONDS=0.01s
THREADS: 4      NUM_ALLOCS: 1000         ALLOC_SIZE: 128      ENTROPY: 0.9890     ELAPSED_SECONDS=0.01s
THREADS: 4      NUM_ALLOCS: 1000         ALLOC_SIZE: 256      ENTROPY: 0.9948     ELAPSED_SECONDS=0.01s
THREADS: 4      NUM_ALLOCS: 10000        ALLOC_SIZE: 16       ENTROPY: 0.9919     ELAPSED_SECONDS=0.05s
THREADS: 4      NUM_ALLOCS: 10000        ALLOC_SIZE: 32       ENTROPY: 0.9681     ELAPSED_SECONDS=0.06s
THREADS: 4      NUM_ALLOCS: 10000        ALLOC_SIZE: 64       ENTROPY: 0.9560     ELAPSED_SECONDS=0.06s
THREADS: 4      NUM_ALLOCS: 10000        ALLOC_SIZE: 128      ENTROPY: 0.8998     ELAPSED_SECONDS=0.07s
THREADS: 4      NUM_ALLOCS: 10000        ALLOC_SIZE: 256      ENTROPY: Command terminated by signal 11
     ELAPSED_SECONDS=0.36s
THREADS: 4      NUM_ALLOCS: 100000       ALLOC_SIZE: 16       ENTROPY: 0.9089     ELAPSED_SECONDS=0.44s
THREADS: 4      NUM_ALLOCS: 100000       ALLOC_SIZE: 32       ENTROPY: 0.8931     ELAPSED_SECONDS=0.45s
THREADS: 4      NUM_ALLOCS: 100000       ALLOC_SIZE: 64       ENTROPY: 0.8825     ELAPSED_SECONDS=0.53s
THREADS: 4      NUM_ALLOCS: 100000       ALLOC_SIZE: 128      ENTROPY: 0.8916     ELAPSED_SECONDS=0.63s
THREADS: 4      NUM_ALLOCS: 100000       ALLOC_SIZE: 256      ENTROPY: 0.7460     ELAPSED_SECONDS=0.99s
THREADS: 4      NUM_ALLOCS: 1000000      ALLOC_SIZE: 16       ENTROPY: 0.8184     ELAPSED_SECONDS=3.76s
THREADS: 4      NUM_ALLOCS: 1000000      ALLOC_SIZE: 32       ENTROPY: 0.8974     ELAPSED_SECONDS=4.41s
THREADS: 4      NUM_ALLOCS: 1000000      ALLOC_SIZE: 64       ENTROPY: 0.8338     ELAPSED_SECONDS=5.77s
THREADS: 4      NUM_ALLOCS: 1000000      ALLOC_SIZE: 128      ENTROPY: 0.8241     ELAPSED_SECONDS=8.74s
THREADS: 4      NUM_ALLOCS: 1000000      ALLOC_SIZE: 256      ENTROPY: 0.5436     ELAPSED_SECONDS=17.37s
THREADS: 4      NUM_ALLOCS: 10000000     ALLOC_SIZE: 16       ENTROPY: 0.8711     ELAPSED_SECONDS=47.95s
THREADS: 4      NUM_ALLOCS: 10000000     ALLOC_SIZE: 32       ENTROPY: 0.9129     ELAPSED_SECONDS=60.33s
THREADS: 4      NUM_ALLOCS: 10000000     ALLOC_SIZE: 64       ENTROPY: 0.8449     ELAPSED_SECONDS=121.83s
THREADS: 4      NUM_ALLOCS: 10000000     ALLOC_SIZE: 128      ENTROPY: 0.8729     ELAPSED_SECONDS=274.95s
THREADS: 4      NUM_ALLOCS: 10000000     ALLOC_SIZE: 256      ENTROPY: Command terminated by signal 2
     ELAPSED_SECONDS=265.26s
THREADS: 8      NUM_ALLOCS: 1000         ALLOC_SIZE: 16       ENTROPY: 0.9991     ELAPSED_SECONDS=0.02s
THREADS: 8      NUM_ALLOCS: 1000         ALLOC_SIZE: 32       ENTROPY: 0.9989     ELAPSED_SECONDS=0.02s
THREADS: 8      NUM_ALLOCS: 1000         ALLOC_SIZE: 64       ENTROPY: Command terminated by signal 11
     ELAPSED_SECONDS=0.32s
THREADS: 8      NUM_ALLOCS: 1000         ALLOC_SIZE: 128      ENTROPY: 0.9905     ELAPSED_SECONDS=0.02s
THREADS: 8      NUM_ALLOCS: 1000         ALLOC_SIZE: 256      ENTROPY: 0.9784     ELAPSED_SECONDS=0.03s
THREADS: 8      NUM_ALLOCS: 10000        ALLOC_SIZE: 16       ENTROPY: 0.9845     ELAPSED_SECONDS=0.14s
THREADS: 8      NUM_ALLOCS: 10000        ALLOC_SIZE: 32       ENTROPY: 0.9691     ELAPSED_SECONDS=0.15s
THREADS: 8      NUM_ALLOCS: 10000        ALLOC_SIZE: 64       ENTROPY: 0.9697     ELAPSED_SECONDS=0.15s
THREADS: 8      NUM_ALLOCS: 10000        ALLOC_SIZE: 128      ENTROPY: Command terminated by signal 11
     ELAPSED_SECONDS=0.39s
THREADS: 8      NUM_ALLOCS: 10000        ALLOC_SIZE: 256      ENTROPY: 0.9073     ELAPSED_SECONDS=0.22s
THREADS: 8      NUM_ALLOCS: 100000       ALLOC_SIZE: 16       ENTROPY: 0.9049     ELAPSED_SECONDS=1.23s
THREADS: 8      NUM_ALLOCS: 100000       ALLOC_SIZE: 32       ENTROPY: 0.8897     ELAPSED_SECONDS=1.38s
THREADS: 8      NUM_ALLOCS: 100000       ALLOC_SIZE: 64       ENTROPY: 0.9044     ELAPSED_SECONDS=1.47s
THREADS: 8      NUM_ALLOCS: 100000       ALLOC_SIZE: 128      ENTROPY: 0.8253     ELAPSED_SECONDS=1.90s
THREADS: 8      NUM_ALLOCS: 100000       ALLOC_SIZE: 256      ENTROPY: 0.7956     ELAPSED_SECONDS=2.81s
THREADS: 8      NUM_ALLOCS: 1000000      ALLOC_SIZE: 16       ENTROPY: 0.8361     ELAPSED_SECONDS=11.35s
THREADS: 8      NUM_ALLOCS: 1000000      ALLOC_SIZE: 32       ENTROPY: 0.8050     ELAPSED_SECONDS=12.77s
THREADS: 8      NUM_ALLOCS: 1000000      ALLOC_SIZE: 64       ENTROPY: 0.8982     ELAPSED_SECONDS=15.61s
THREADS: 8      NUM_ALLOCS: 1000000      ALLOC_SIZE: 128      ENTROPY: 0.8115     ELAPSED_SECONDS=24.38s
THREADS: 8      NUM_ALLOCS: 1000000      ALLOC_SIZE: 256      ENTROPY: 0.7652     ELAPSED_SECONDS=53.52s
THREADS: 8      NUM_ALLOCS: 10000000     ALLOC_SIZE: 16       ENTROPY: 0.8780     ELAPSED_SECONDS=160.44s
THREADS: 8      NUM_ALLOCS: 10000000     ALLOC_SIZE: 32       ENTROPY: 0.8297     ELAPSED_SECONDS=229.69s
THREADS: 8      NUM_ALLOCS: 10000000     ALLOC_SIZE: 64       ENTROPY: 0.8774     ELAPSED_SECONDS=391.99s
THREADS: 8      NUM_ALLOCS: 10000000     ALLOC_SIZE: 128      ENTROPY: Command terminated by signal 2
     ELAPSED_SECONDS=803.63s
THREADS: 8      NUM_ALLOCS: 10000000     ALLOC_SIZE: 256      ENTROPY: Command terminated by signal 2
     ELAPSED_SECONDS=1.01s
