ALLOCATOR: /home/msteranka/allocators/libptmalloc.so
BIT_WIDTH: 16

THREADS: 1      NUM_ALLOCS: 1000         ALLOC_SIZE: 16       ENTROPY: 0.0000     ELAPSED_SECONDS=0.00s
THREADS: 1      NUM_ALLOCS: 1000         ALLOC_SIZE: 32       ENTROPY: 0.0000     ELAPSED_SECONDS=0.00s
THREADS: 1      NUM_ALLOCS: 1000         ALLOC_SIZE: 64       ENTROPY: 0.0000     ELAPSED_SECONDS=0.00s
THREADS: 1      NUM_ALLOCS: 1000         ALLOC_SIZE: 128      ENTROPY: 0.0000     ELAPSED_SECONDS=0.00s
THREADS: 1      NUM_ALLOCS: 1000         ALLOC_SIZE: 256      ENTROPY: 0.0000     ELAPSED_SECONDS=0.00s
THREADS: 1      NUM_ALLOCS: 10000        ALLOC_SIZE: 16       ENTROPY: 0.0000     ELAPSED_SECONDS=0.00s
THREADS: 1      NUM_ALLOCS: 10000        ALLOC_SIZE: 32       ENTROPY: 0.0000     ELAPSED_SECONDS=0.00s
THREADS: 1      NUM_ALLOCS: 10000        ALLOC_SIZE: 64       ENTROPY: 0.0000     ELAPSED_SECONDS=0.00s
THREADS: 1      NUM_ALLOCS: 10000        ALLOC_SIZE: 128      ENTROPY: 0.0000     ELAPSED_SECONDS=0.00s
THREADS: 1      NUM_ALLOCS: 10000        ALLOC_SIZE: 256      ENTROPY: 0.0000     ELAPSED_SECONDS=0.00s
THREADS: 1      NUM_ALLOCS: 100000       ALLOC_SIZE: 16       ENTROPY: 0.0000     ELAPSED_SECONDS=0.02s
THREADS: 1      NUM_ALLOCS: 100000       ALLOC_SIZE: 32       ENTROPY: 0.0000     ELAPSED_SECONDS=0.02s
THREADS: 1      NUM_ALLOCS: 100000       ALLOC_SIZE: 64       ENTROPY: 0.0000     ELAPSED_SECONDS=0.02s
THREADS: 1      NUM_ALLOCS: 100000       ALLOC_SIZE: 128      ENTROPY: 0.0000     ELAPSED_SECONDS=0.03s
THREADS: 1      NUM_ALLOCS: 100000       ALLOC_SIZE: 256      ENTROPY: 0.0000     ELAPSED_SECONDS=0.05s
THREADS: 1      NUM_ALLOCS: 1000000      ALLOC_SIZE: 16       ENTROPY: 0.0000     ELAPSED_SECONDS=0.19s
THREADS: 1      NUM_ALLOCS: 1000000      ALLOC_SIZE: 32       ENTROPY: 0.0000     ELAPSED_SECONDS=0.21s
THREADS: 1      NUM_ALLOCS: 1000000      ALLOC_SIZE: 64       ENTROPY: 0.0000     ELAPSED_SECONDS=0.26s
THREADS: 1      NUM_ALLOCS: 1000000      ALLOC_SIZE: 128      ENTROPY: 0.0000     ELAPSED_SECONDS=0.32s
THREADS: 1      NUM_ALLOCS: 1000000      ALLOC_SIZE: 256      ENTROPY: 0.0000     ELAPSED_SECONDS=0.46s
THREADS: 1      NUM_ALLOCS: 10000000     ALLOC_SIZE: 16       ENTROPY: 0.0000     ELAPSED_SECONDS=2.07s
THREADS: 1      NUM_ALLOCS: 10000000     ALLOC_SIZE: 32       ENTROPY: 0.0000     ELAPSED_SECONDS=2.27s
THREADS: 1      NUM_ALLOCS: 10000000     ALLOC_SIZE: 64       ENTROPY: 0.0000     ELAPSED_SECONDS=2.73s
THREADS: 1      NUM_ALLOCS: 10000000     ALLOC_SIZE: 128      ENTROPY: 0.0000     ELAPSED_SECONDS=3.38s
THREADS: 1      NUM_ALLOCS: 10000000     ALLOC_SIZE: 256      ENTROPY: 0.0000     ELAPSED_SECONDS=5.17s
THREADS: 2      NUM_ALLOCS: 1000         ALLOC_SIZE: 16       ENTROPY: 0.0000     ELAPSED_SECONDS=0.00s
THREADS: 2      NUM_ALLOCS: 1000         ALLOC_SIZE: 32       ENTROPY: 0.0000     ELAPSED_SECONDS=0.00s
THREADS: 2      NUM_ALLOCS: 1000         ALLOC_SIZE: 64       ENTROPY: 0.0000     ELAPSED_SECONDS=0.00s
THREADS: 2      NUM_ALLOCS: 1000         ALLOC_SIZE: 128      ENTROPY: 0.0000     ELAPSED_SECONDS=0.00s
THREADS: 2      NUM_ALLOCS: 1000         ALLOC_SIZE: 256      ENTROPY: 0.0000     ELAPSED_SECONDS=0.00s
THREADS: 2      NUM_ALLOCS: 10000        ALLOC_SIZE: 16       ENTROPY: 0.0000     ELAPSED_SECONDS=0.00s
THREADS: 2      NUM_ALLOCS: 10000        ALLOC_SIZE: 32       ENTROPY: 0.0000     ELAPSED_SECONDS=0.00s
THREADS: 2      NUM_ALLOCS: 10000        ALLOC_SIZE: 64       ENTROPY: 0.0000     ELAPSED_SECONDS=0.00s
THREADS: 2      NUM_ALLOCS: 10000        ALLOC_SIZE: 128      ENTROPY: 0.0000     ELAPSED_SECONDS=0.00s
THREADS: 2      NUM_ALLOCS: 10000        ALLOC_SIZE: 256      ENTROPY: 0.0000     ELAPSED_SECONDS=0.00s
THREADS: 2      NUM_ALLOCS: 100000       ALLOC_SIZE: 16       ENTROPY: 0.0000     ELAPSED_SECONDS=0.02s
THREADS: 2      NUM_ALLOCS: 100000       ALLOC_SIZE: 32       ENTROPY: 0.0000     ELAPSED_SECONDS=0.02s
THREADS: 2      NUM_ALLOCS: 100000       ALLOC_SIZE: 64       ENTROPY: 0.0000     ELAPSED_SECONDS=0.03s
THREADS: 2      NUM_ALLOCS: 100000       ALLOC_SIZE: 128      ENTROPY: 0.0000     ELAPSED_SECONDS=0.04s
THREADS: 2      NUM_ALLOCS: 100000       ALLOC_SIZE: 256      ENTROPY: 0.0000     ELAPSED_SECONDS=0.06s
THREADS: 2      NUM_ALLOCS: 1000000      ALLOC_SIZE: 16       ENTROPY: 0.0000     ELAPSED_SECONDS=0.19s
THREADS: 2      NUM_ALLOCS: 1000000      ALLOC_SIZE: 32       ENTROPY: 0.0000     ELAPSED_SECONDS=0.23s
THREADS: 2      NUM_ALLOCS: 1000000      ALLOC_SIZE: 64       ENTROPY: 0.0000     ELAPSED_SECONDS=0.27s
THREADS: 2      NUM_ALLOCS: 1000000      ALLOC_SIZE: 128      ENTROPY: 0.0000     ELAPSED_SECONDS=0.41s
THREADS: 2      NUM_ALLOCS: 1000000      ALLOC_SIZE: 256      ENTROPY: 0.0000     ELAPSED_SECONDS=0.59s
THREADS: 2      NUM_ALLOCS: 10000000     ALLOC_SIZE: 16       ENTROPY: 0.0000     ELAPSED_SECONDS=2.05s
THREADS: 2      NUM_ALLOCS: 10000000     ALLOC_SIZE: 32       ENTROPY: 0.0000     ELAPSED_SECONDS=2.99s
THREADS: 2      NUM_ALLOCS: 10000000     ALLOC_SIZE: 64       ENTROPY: 0.0000     ELAPSED_SECONDS=2.96s
THREADS: 2      NUM_ALLOCS: 10000000     ALLOC_SIZE: 128      ENTROPY: 0.0000     ELAPSED_SECONDS=4.66s
THREADS: 2      NUM_ALLOCS: 10000000     ALLOC_SIZE: 256      ENTROPY: 0.0000     ELAPSED_SECONDS=6.89s
THREADS: 4      NUM_ALLOCS: 1000         ALLOC_SIZE: 16       ENTROPY: 0.0000     ELAPSED_SECONDS=0.00s
THREADS: 4      NUM_ALLOCS: 1000         ALLOC_SIZE: 32       ENTROPY: 0.0000     ELAPSED_SECONDS=0.00s
THREADS: 4      NUM_ALLOCS: 1000         ALLOC_SIZE: 64       ENTROPY: 0.0000     ELAPSED_SECONDS=0.00s
THREADS: 4      NUM_ALLOCS: 1000         ALLOC_SIZE: 128      ENTROPY: 0.0000     ELAPSED_SECONDS=0.00s
THREADS: 4      NUM_ALLOCS: 1000         ALLOC_SIZE: 256      ENTROPY: 0.0000     ELAPSED_SECONDS=0.00s
THREADS: 4      NUM_ALLOCS: 10000        ALLOC_SIZE: 16       ENTROPY: 0.0000     ELAPSED_SECONDS=0.00s
THREADS: 4      NUM_ALLOCS: 10000        ALLOC_SIZE: 32       ENTROPY: 0.0000     ELAPSED_SECONDS=0.00s
THREADS: 4      NUM_ALLOCS: 10000        ALLOC_SIZE: 64       ENTROPY: 0.0000     ELAPSED_SECONDS=0.00s
THREADS: 4      NUM_ALLOCS: 10000        ALLOC_SIZE: 128      ENTROPY: 0.0000     ELAPSED_SECONDS=0.01s
THREADS: 4      NUM_ALLOCS: 10000        ALLOC_SIZE: 256      ENTROPY: 0.0000     ELAPSED_SECONDS=0.01s
THREADS: 4      NUM_ALLOCS: 100000       ALLOC_SIZE: 16       ENTROPY: 0.0000     ELAPSED_SECONDS=0.03s
THREADS: 4      NUM_ALLOCS: 100000       ALLOC_SIZE: 32       ENTROPY: 0.0000     ELAPSED_SECONDS=0.03s
THREADS: 4      NUM_ALLOCS: 100000       ALLOC_SIZE: 64       ENTROPY: 0.0000     ELAPSED_SECONDS=0.05s
THREADS: 4      NUM_ALLOCS: 100000       ALLOC_SIZE: 128      ENTROPY: 0.0000     ELAPSED_SECONDS=0.08s
THREADS: 4      NUM_ALLOCS: 100000       ALLOC_SIZE: 256      ENTROPY: 0.0000     ELAPSED_SECONDS=0.12s
THREADS: 4      NUM_ALLOCS: 1000000      ALLOC_SIZE: 16       ENTROPY: 0.0000     ELAPSED_SECONDS=0.24s
THREADS: 4      NUM_ALLOCS: 1000000      ALLOC_SIZE: 32       ENTROPY: 0.0000     ELAPSED_SECONDS=0.33s
THREADS: 4      NUM_ALLOCS: 1000000      ALLOC_SIZE: 64       ENTROPY: 0.0000     ELAPSED_SECONDS=0.45s
THREADS: 4      NUM_ALLOCS: 1000000      ALLOC_SIZE: 128      ENTROPY: 0.0000     ELAPSED_SECONDS=0.69s
THREADS: 4      NUM_ALLOCS: 1000000      ALLOC_SIZE: 256      ENTROPY: 0.0000     ELAPSED_SECONDS=1.10s
THREADS: 4      NUM_ALLOCS: 10000000     ALLOC_SIZE: 16       ENTROPY: 0.0000     ELAPSED_SECONDS=2.31s
THREADS: 4      NUM_ALLOCS: 10000000     ALLOC_SIZE: 32       ENTROPY: 0.0000     ELAPSED_SECONDS=3.13s
THREADS: 4      NUM_ALLOCS: 10000000     ALLOC_SIZE: 64       ENTROPY: 0.0000     ELAPSED_SECONDS=4.52s
THREADS: 4      NUM_ALLOCS: 10000000     ALLOC_SIZE: 128      ENTROPY: 0.0000     ELAPSED_SECONDS=7.61s
THREADS: 4      NUM_ALLOCS: 10000000     ALLOC_SIZE: 256      ENTROPY: 0.0000     ELAPSED_SECONDS=12.42s
THREADS: 8      NUM_ALLOCS: 1000         ALLOC_SIZE: 16       ENTROPY: 0.0000     ELAPSED_SECONDS=0.00s
THREADS: 8      NUM_ALLOCS: 1000         ALLOC_SIZE: 32       ENTROPY: 0.0000     ELAPSED_SECONDS=0.00s
THREADS: 8      NUM_ALLOCS: 1000         ALLOC_SIZE: 64       ENTROPY: 0.0000     ELAPSED_SECONDS=0.00s
THREADS: 8      NUM_ALLOCS: 1000         ALLOC_SIZE: 128      ENTROPY: 0.0000     ELAPSED_SECONDS=0.00s
THREADS: 8      NUM_ALLOCS: 1000         ALLOC_SIZE: 256      ENTROPY: 0.0000     ELAPSED_SECONDS=0.00s
THREADS: 8      NUM_ALLOCS: 10000        ALLOC_SIZE: 16       ENTROPY: 0.0000     ELAPSED_SECONDS=0.00s
THREADS: 8      NUM_ALLOCS: 10000        ALLOC_SIZE: 32       ENTROPY: 0.0000     ELAPSED_SECONDS=0.01s
THREADS: 8      NUM_ALLOCS: 10000        ALLOC_SIZE: 64       ENTROPY: 0.0000     ELAPSED_SECONDS=0.01s
THREADS: 8      NUM_ALLOCS: 10000        ALLOC_SIZE: 128      ENTROPY: 0.0000     ELAPSED_SECONDS=0.02s
THREADS: 8      NUM_ALLOCS: 10000        ALLOC_SIZE: 256      ENTROPY: 0.0000     ELAPSED_SECONDS=0.03s
THREADS: 8      NUM_ALLOCS: 100000       ALLOC_SIZE: 16       ENTROPY: 0.0000     ELAPSED_SECONDS=0.05s
THREADS: 8      NUM_ALLOCS: 100000       ALLOC_SIZE: 32       ENTROPY: 0.0000     ELAPSED_SECONDS=0.07s
THREADS: 8      NUM_ALLOCS: 100000       ALLOC_SIZE: 64       ENTROPY: 0.0000     ELAPSED_SECONDS=0.11s
THREADS: 8      NUM_ALLOCS: 100000       ALLOC_SIZE: 128      ENTROPY: 0.0000     ELAPSED_SECONDS=0.19s
THREADS: 8      NUM_ALLOCS: 100000       ALLOC_SIZE: 256      ENTROPY: 0.0000     ELAPSED_SECONDS=0.31s
THREADS: 8      NUM_ALLOCS: 1000000      ALLOC_SIZE: 16       ENTROPY: 0.0000     ELAPSED_SECONDS=0.44s
THREADS: 8      NUM_ALLOCS: 1000000      ALLOC_SIZE: 32       ENTROPY: 0.0000     ELAPSED_SECONDS=0.61s
THREADS: 8      NUM_ALLOCS: 1000000      ALLOC_SIZE: 64       ENTROPY: 0.0000     ELAPSED_SECONDS=0.88s
THREADS: 8      NUM_ALLOCS: 1000000      ALLOC_SIZE: 128      ENTROPY: 0.0000     ELAPSED_SECONDS=1.49s
THREADS: 8      NUM_ALLOCS: 1000000      ALLOC_SIZE: 256      ENTROPY: 0.0000     ELAPSED_SECONDS=2.78s
THREADS: 8      NUM_ALLOCS: 10000000     ALLOC_SIZE: 16       ENTROPY: 0.0000     ELAPSED_SECONDS=3.87s
THREADS: 8      NUM_ALLOCS: 10000000     ALLOC_SIZE: 32       ENTROPY: 0.0000     ELAPSED_SECONDS=5.34s
THREADS: 8      NUM_ALLOCS: 10000000     ALLOC_SIZE: 64       ENTROPY: 0.0000     ELAPSED_SECONDS=8.86s
THREADS: 8      NUM_ALLOCS: 10000000     ALLOC_SIZE: 128      ENTROPY: 0.0000     ELAPSED_SECONDS=16.31s
THREADS: 8      NUM_ALLOCS: 10000000     ALLOC_SIZE: 256      ENTROPY: 0.0000     ELAPSED_SECONDS=25.91s
