ALLOCATOR: /nfs/cm/scratch1/emery/msteranka/shared/libdieharder.so
BIT_WIDTH: 16

THREADS: 1      NUM_ALLOCS: 10000        ALLOC_SIZE: 16       ENTROPY: 0.9691     ELAPSED_SECONDS=0.02s
THREADS: 1      NUM_ALLOCS: 10000        ALLOC_SIZE: 32       ENTROPY: 0.9690     ELAPSED_SECONDS=0.02s
THREADS: 1      NUM_ALLOCS: 10000        ALLOC_SIZE: 64       ENTROPY: 0.9676     ELAPSED_SECONDS=0.02s
THREADS: 1      NUM_ALLOCS: 100000       ALLOC_SIZE: 16       ENTROPY: 0.9694     ELAPSED_SECONDS=0.18s
THREADS: 1      NUM_ALLOCS: 100000       ALLOC_SIZE: 32       ENTROPY: 0.9692     ELAPSED_SECONDS=0.18s
THREADS: 1      NUM_ALLOCS: 100000       ALLOC_SIZE: 64       ENTROPY: 0.9690     ELAPSED_SECONDS=0.21s
THREADS: 1      NUM_ALLOCS: 1000000      ALLOC_SIZE: 16       ENTROPY: 0.9837     ELAPSED_SECONDS=1.63s
THREADS: 1      NUM_ALLOCS: 1000000      ALLOC_SIZE: 32       ENTROPY: 0.9833     ELAPSED_SECONDS=2.00s
THREADS: 1      NUM_ALLOCS: 1000000      ALLOC_SIZE: 64       ENTROPY: 0.9835     ELAPSED_SECONDS=2.38s
THREADS: 2      NUM_ALLOCS: 10000        ALLOC_SIZE: 16       ENTROPY: 0.9840     ELAPSED_SECONDS=0.10s
THREADS: 2      NUM_ALLOCS: 10000        ALLOC_SIZE: 32       ENTROPY: 0.9838     ELAPSED_SECONDS=0.10s
THREADS: 2      NUM_ALLOCS: 10000        ALLOC_SIZE: 64       ENTROPY: 0.9839     ELAPSED_SECONDS=0.13s
THREADS: 2      NUM_ALLOCS: 100000       ALLOC_SIZE: 16       ENTROPY: 0.9838     ELAPSED_SECONDS=0.90s
THREADS: 2      NUM_ALLOCS: 100000       ALLOC_SIZE: 32       ENTROPY: 0.9839     ELAPSED_SECONDS=1.23s
THREADS: 2      NUM_ALLOCS: 100000       ALLOC_SIZE: 64       ENTROPY: 0.9839     ELAPSED_SECONDS=1.27s
THREADS: 2      NUM_ALLOCS: 1000000      ALLOC_SIZE: 16       ENTROPY: 0.9917     ELAPSED_SECONDS=11.49s
THREADS: 2      NUM_ALLOCS: 1000000      ALLOC_SIZE: 32       ENTROPY: 0.9915     ELAPSED_SECONDS=12.10s
THREADS: 2      NUM_ALLOCS: 1000000      ALLOC_SIZE: 64       ENTROPY: 0.9916     ELAPSED_SECONDS=14.97s
THREADS: 4      NUM_ALLOCS: 10000        ALLOC_SIZE: 16       ENTROPY: 0.9922     ELAPSED_SECONDS=0.34s
THREADS: 4      NUM_ALLOCS: 10000        ALLOC_SIZE: 32       ENTROPY: 0.9921     ELAPSED_SECONDS=0.37s
THREADS: 4      NUM_ALLOCS: 10000        ALLOC_SIZE: 64       ENTROPY: 0.9918     ELAPSED_SECONDS=0.40s
THREADS: 4      NUM_ALLOCS: 100000       ALLOC_SIZE: 16       ENTROPY: 0.9918     ELAPSED_SECONDS=4.70s
THREADS: 4      NUM_ALLOCS: 100000       ALLOC_SIZE: 32       ENTROPY: 0.9916     ELAPSED_SECONDS=3.81s
THREADS: 4      NUM_ALLOCS: 100000       ALLOC_SIZE: 64       ENTROPY: 0.9918     ELAPSED_SECONDS=4.61s
THREADS: 4      NUM_ALLOCS: 1000000      ALLOC_SIZE: 16       ENTROPY: 0.9956     ELAPSED_SECONDS=48.93s
THREADS: 4      NUM_ALLOCS: 1000000      ALLOC_SIZE: 32       ENTROPY: 0.9959     ELAPSED_SECONDS=46.15s
THREADS: 4      NUM_ALLOCS: 1000000      ALLOC_SIZE: 64       ENTROPY: 0.9959     ELAPSED_SECONDS=53.32s
THREADS: 8      NUM_ALLOCS: 10000        ALLOC_SIZE: 16       ENTROPY: 0.9959     ELAPSED_SECONDS=0.83s
THREADS: 8      NUM_ALLOCS: 10000        ALLOC_SIZE: 32       ENTROPY: 0.9958     ELAPSED_SECONDS=0.91s
THREADS: 8      NUM_ALLOCS: 10000        ALLOC_SIZE: 64       ENTROPY: 0.9958     ELAPSED_SECONDS=1.03s
THREADS: 8      NUM_ALLOCS: 100000       ALLOC_SIZE: 16       ENTROPY: 0.9959     ELAPSED_SECONDS=8.50s
THREADS: 8      NUM_ALLOCS: 100000       ALLOC_SIZE: 32       ENTROPY: 0.9958     ELAPSED_SECONDS=9.44s
THREADS: 8      NUM_ALLOCS: 100000       ALLOC_SIZE: 64       ENTROPY: 0.9958     ELAPSED_SECONDS=10.65s
THREADS: 8      NUM_ALLOCS: 1000000      ALLOC_SIZE: 16       ENTROPY: 0.9978     ELAPSED_SECONDS=94.75s
THREADS: 8      NUM_ALLOCS: 1000000      ALLOC_SIZE: 32       ENTROPY: 0.9979     ELAPSED_SECONDS=107.06s
THREADS: 8      NUM_ALLOCS: 1000000      ALLOC_SIZE: 64       ENTROPY: 0.9979     ELAPSED_SECONDS=116.80s
