ALLOCATOR: /nfs/cm/scratch1/emery/msteranka/shared/libffmalloc.so
BIT_WIDTH: 16

THREADS: 1      NUM_ALLOCS: 10000        ALLOC_SIZE: 16       ENTROPY: 1.0000     ELAPSED_SECONDS=0.07s
THREADS: 1      NUM_ALLOCS: 10000        ALLOC_SIZE: 32       ENTROPY: 0.9998     ELAPSED_SECONDS=0.07s
THREADS: 1      NUM_ALLOCS: 10000        ALLOC_SIZE: 64       ENTROPY: 1.0007     ELAPSED_SECONDS=0.06s
THREADS: 1      NUM_ALLOCS: 10000        ALLOC_SIZE: 128      ENTROPY: 0.9999     ELAPSED_SECONDS=0.07s
THREADS: 1      NUM_ALLOCS: 10000        ALLOC_SIZE: 256      ENTROPY: 1.0002     ELAPSED_SECONDS=0.07s
THREADS: 1      NUM_ALLOCS: 100000       ALLOC_SIZE: 16       ENTROPY: 1.0006     ELAPSED_SECONDS=0.08s
THREADS: 1      NUM_ALLOCS: 100000       ALLOC_SIZE: 32       ENTROPY: 1.0000     ELAPSED_SECONDS=0.09s
THREADS: 1      NUM_ALLOCS: 100000       ALLOC_SIZE: 64       ENTROPY: 1.0001     ELAPSED_SECONDS=0.09s
THREADS: 1      NUM_ALLOCS: 100000       ALLOC_SIZE: 128      ENTROPY: 1.0001     ELAPSED_SECONDS=0.10s
THREADS: 1      NUM_ALLOCS: 100000       ALLOC_SIZE: 256      ENTROPY: 1.0000     ELAPSED_SECONDS=0.12s
THREADS: 1      NUM_ALLOCS: 1000000      ALLOC_SIZE: 16       ENTROPY: 0.9999     ELAPSED_SECONDS=0.29s
THREADS: 1      NUM_ALLOCS: 1000000      ALLOC_SIZE: 32       ENTROPY: 1.0002     ELAPSED_SECONDS=0.32s
THREADS: 1      NUM_ALLOCS: 1000000      ALLOC_SIZE: 64       ENTROPY: 1.0001     ELAPSED_SECONDS=0.35s
THREADS: 1      NUM_ALLOCS: 1000000      ALLOC_SIZE: 128      ENTROPY: 0.9994     ELAPSED_SECONDS=0.45s
THREADS: 1      NUM_ALLOCS: 1000000      ALLOC_SIZE: 256      ENTROPY: 0.9998     ELAPSED_SECONDS=0.64s
THREADS: 1      NUM_ALLOCS: 10000000     ALLOC_SIZE: 16       ENTROPY: 1.0000     ELAPSED_SECONDS=2.33s
THREADS: 1      NUM_ALLOCS: 10000000     ALLOC_SIZE: 32       ENTROPY: 0.9999     ELAPSED_SECONDS=2.58s
THREADS: 1      NUM_ALLOCS: 10000000     ALLOC_SIZE: 64       ENTROPY: 1.0003     ELAPSED_SECONDS=2.86s
THREADS: 1      NUM_ALLOCS: 10000000     ALLOC_SIZE: 128      ENTROPY: 1.0002     ELAPSED_SECONDS=3.81s
THREADS: 1      NUM_ALLOCS: 10000000     ALLOC_SIZE: 256      ENTROPY: 0.9997     ELAPSED_SECONDS=5.71s
THREADS: 2      NUM_ALLOCS: 10000        ALLOC_SIZE: 16       ENTROPY: 1.0001     ELAPSED_SECONDS=0.07s
THREADS: 2      NUM_ALLOCS: 10000        ALLOC_SIZE: 32       ENTROPY: 0.9997     ELAPSED_SECONDS=0.07s
THREADS: 2      NUM_ALLOCS: 10000        ALLOC_SIZE: 64       ENTROPY: 1.0000     ELAPSED_SECONDS=0.07s
THREADS: 2      NUM_ALLOCS: 10000        ALLOC_SIZE: 128      ENTROPY: 1.0003     ELAPSED_SECONDS=0.07s
THREADS: 2      NUM_ALLOCS: 10000        ALLOC_SIZE: 256      ENTROPY: 1.0000     ELAPSED_SECONDS=0.08s
THREADS: 2      NUM_ALLOCS: 100000       ALLOC_SIZE: 16       ENTROPY: 1.0002     ELAPSED_SECONDS=0.10s
THREADS: 2      NUM_ALLOCS: 100000       ALLOC_SIZE: 32       ENTROPY: 0.9997     ELAPSED_SECONDS=0.12s
THREADS: 2      NUM_ALLOCS: 100000       ALLOC_SIZE: 64       ENTROPY: 1.0001     ELAPSED_SECONDS=0.12s
THREADS: 2      NUM_ALLOCS: 100000       ALLOC_SIZE: 128      ENTROPY: 0.9997     ELAPSED_SECONDS=0.15s
THREADS: 2      NUM_ALLOCS: 100000       ALLOC_SIZE: 256      ENTROPY: 0.9997     ELAPSED_SECONDS=0.22s
THREADS: 2      NUM_ALLOCS: 1000000      ALLOC_SIZE: 16       ENTROPY: 0.9997     ELAPSED_SECONDS=0.38s
THREADS: 2      NUM_ALLOCS: 1000000      ALLOC_SIZE: 32       ENTROPY: 1.0000     ELAPSED_SECONDS=0.50s
THREADS: 2      NUM_ALLOCS: 1000000      ALLOC_SIZE: 64       ENTROPY: 0.9997     ELAPSED_SECONDS=0.62s
THREADS: 2      NUM_ALLOCS: 1000000      ALLOC_SIZE: 128      ENTROPY: 1.0000     ELAPSED_SECONDS=0.97s
THREADS: 2      NUM_ALLOCS: 1000000      ALLOC_SIZE: 256      ENTROPY: 1.0000     ELAPSED_SECONDS=1.61s
THREADS: 2      NUM_ALLOCS: 10000000     ALLOC_SIZE: 16       ENTROPY: 0.9999     ELAPSED_SECONDS=3.03s
THREADS: 2      NUM_ALLOCS: 10000000     ALLOC_SIZE: 32       ENTROPY: 1.0002     ELAPSED_SECONDS=4.21s
THREADS: 2      NUM_ALLOCS: 10000000     ALLOC_SIZE: 64       ENTROPY: 1.0004     ELAPSED_SECONDS=5.34s
THREADS: 2      NUM_ALLOCS: 10000000     ALLOC_SIZE: 128      ENTROPY: 0.9999     ELAPSED_SECONDS=8.05s
THREADS: 2      NUM_ALLOCS: 10000000     ALLOC_SIZE: 256      ENTROPY: 0.9999     ELAPSED_SECONDS=14.27s
THREADS: 4      NUM_ALLOCS: 10000        ALLOC_SIZE: 16       ENTROPY: 1.0001     ELAPSED_SECONDS=0.07s
THREADS: 4      NUM_ALLOCS: 10000        ALLOC_SIZE: 32       ENTROPY: 1.0000     ELAPSED_SECONDS=0.07s
THREADS: 4      NUM_ALLOCS: 10000        ALLOC_SIZE: 64       ENTROPY: 1.0000     ELAPSED_SECONDS=0.07s
THREADS: 4      NUM_ALLOCS: 10000        ALLOC_SIZE: 128      ENTROPY: 1.0000     ELAPSED_SECONDS=0.08s
THREADS: 4      NUM_ALLOCS: 10000        ALLOC_SIZE: 256      ENTROPY: 1.0001     ELAPSED_SECONDS=0.10s
THREADS: 4      NUM_ALLOCS: 100000       ALLOC_SIZE: 16       ENTROPY: 1.0001     ELAPSED_SECONDS=0.11s
THREADS: 4      NUM_ALLOCS: 100000       ALLOC_SIZE: 32       ENTROPY: 0.9999     ELAPSED_SECONDS=0.13s
THREADS: 4      NUM_ALLOCS: 100000       ALLOC_SIZE: 64       ENTROPY: 1.0000     ELAPSED_SECONDS=0.16s
THREADS: 4      NUM_ALLOCS: 100000       ALLOC_SIZE: 128      ENTROPY: 1.0000     ELAPSED_SECONDS=0.23s
THREADS: 4      NUM_ALLOCS: 100000       ALLOC_SIZE: 256      ENTROPY: 0.9998     ELAPSED_SECONDS=0.37s
THREADS: 4      NUM_ALLOCS: 1000000      ALLOC_SIZE: 16       ENTROPY: 0.9999     ELAPSED_SECONDS=0.52s
THREADS: 4      NUM_ALLOCS: 1000000      ALLOC_SIZE: 32       ENTROPY: 1.0000     ELAPSED_SECONDS=0.73s
THREADS: 4      NUM_ALLOCS: 1000000      ALLOC_SIZE: 64       ENTROPY: 1.0001     ELAPSED_SECONDS=1.01s
THREADS: 4      NUM_ALLOCS: 1000000      ALLOC_SIZE: 128      ENTROPY: 1.0000     ELAPSED_SECONDS=1.73s
THREADS: 4      NUM_ALLOCS: 1000000      ALLOC_SIZE: 256      ENTROPY: 0.9998     ELAPSED_SECONDS=3.09s
THREADS: 4      NUM_ALLOCS: 10000000     ALLOC_SIZE: 16       ENTROPY: 1.0002     ELAPSED_SECONDS=4.25s
THREADS: 4      NUM_ALLOCS: 10000000     ALLOC_SIZE: 32       ENTROPY: 1.0003     ELAPSED_SECONDS=6.32s
THREADS: 4      NUM_ALLOCS: 10000000     ALLOC_SIZE: 64       ENTROPY: 1.0000     ELAPSED_SECONDS=9.20s
THREADS: 4      NUM_ALLOCS: 10000000     ALLOC_SIZE: 128      ENTROPY: 0.9999     ELAPSED_SECONDS=16.31s
THREADS: 4      NUM_ALLOCS: 10000000     ALLOC_SIZE: 256      ENTROPY: 1.0002     ELAPSED_SECONDS=29.99s
THREADS: 8      NUM_ALLOCS: 10000        ALLOC_SIZE: 16       ENTROPY: 1.0000     ELAPSED_SECONDS=0.08s
THREADS: 8      NUM_ALLOCS: 10000        ALLOC_SIZE: 32       ENTROPY: 1.0001     ELAPSED_SECONDS=0.08s
THREADS: 8      NUM_ALLOCS: 10000        ALLOC_SIZE: 64       ENTROPY: 1.0000     ELAPSED_SECONDS=0.08s
THREADS: 8      NUM_ALLOCS: 10000        ALLOC_SIZE: 128      ENTROPY: 1.0001     ELAPSED_SECONDS=0.09s
THREADS: 8      NUM_ALLOCS: 10000        ALLOC_SIZE: 256      ENTROPY: 0.9999     ELAPSED_SECONDS=0.12s
THREADS: 8      NUM_ALLOCS: 100000       ALLOC_SIZE: 16       ENTROPY: 1.0001     ELAPSED_SECONDS=0.13s
THREADS: 8      NUM_ALLOCS: 100000       ALLOC_SIZE: 32       ENTROPY: 1.0001     ELAPSED_SECONDS=0.18s
THREADS: 8      NUM_ALLOCS: 100000       ALLOC_SIZE: 64       ENTROPY: 0.9999     ELAPSED_SECONDS=0.22s
THREADS: 8      NUM_ALLOCS: 100000       ALLOC_SIZE: 128      ENTROPY: 1.0000     ELAPSED_SECONDS=0.38s
THREADS: 8      NUM_ALLOCS: 100000       ALLOC_SIZE: 256      ENTROPY: 0.9999     ELAPSED_SECONDS=0.64s
THREADS: 8      NUM_ALLOCS: 1000000      ALLOC_SIZE: 16       ENTROPY: 0.9999     ELAPSED_SECONDS=0.65s
THREADS: 8      NUM_ALLOCS: 1000000      ALLOC_SIZE: 32       ENTROPY: 1.0001     ELAPSED_SECONDS=1.03s
THREADS: 8      NUM_ALLOCS: 1000000      ALLOC_SIZE: 64       ENTROPY: 1.0001     ELAPSED_SECONDS=1.65s
THREADS: 8      NUM_ALLOCS: 1000000      ALLOC_SIZE: 128      ENTROPY: 1.0001     ELAPSED_SECONDS=3.00s
THREADS: 8      NUM_ALLOCS: 1000000      ALLOC_SIZE: 256      ENTROPY: 1.0000     ELAPSED_SECONDS=5.87s
THREADS: 8      NUM_ALLOCS: 10000000     ALLOC_SIZE: 16       ENTROPY: 1.0001     ELAPSED_SECONDS=5.50s
THREADS: 8      NUM_ALLOCS: 10000000     ALLOC_SIZE: 32       ENTROPY: 1.0000     ELAPSED_SECONDS=9.40s
THREADS: 8      NUM_ALLOCS: 10000000     ALLOC_SIZE: 64       ENTROPY: 1.0000     ELAPSED_SECONDS=15.60s
THREADS: 8      NUM_ALLOCS: 10000000     ALLOC_SIZE: 128      ENTROPY: 1.0000     ELAPSED_SECONDS=29.08s
THREADS: 8      NUM_ALLOCS: 10000000     ALLOC_SIZE: 256      ENTROPY: 0.9999     ELAPSED_SECONDS=133.41s
