ALLOCATOR: /nfs/cm/scratch1/emery/msteranka/shared/libguarder.so
BIT_WIDTH: 16

THREADS: 1      NUM_ALLOCS: 10000        ALLOC_SIZE: 16       ENTROPY: 1.0004     ELAPSED_SECONDS=0.08s
THREADS: 1      NUM_ALLOCS: 10000        ALLOC_SIZE: 32       ENTROPY: 1.0001     ELAPSED_SECONDS=0.01s
THREADS: 1      NUM_ALLOCS: 10000        ALLOC_SIZE: 64       ENTROPY: 0.9997     ELAPSED_SECONDS=0.01s
THREADS: 1      NUM_ALLOCS: 100000       ALLOC_SIZE: 16       ENTROPY: 0.9998     ELAPSED_SECONDS=0.05s
THREADS: 1      NUM_ALLOCS: 100000       ALLOC_SIZE: 32       ENTROPY: 1.0004     ELAPSED_SECONDS=0.06s
THREADS: 1      NUM_ALLOCS: 100000       ALLOC_SIZE: 64       ENTROPY: 0.9997     ELAPSED_SECONDS=0.07s
THREADS: 1      NUM_ALLOCS: 1000000      ALLOC_SIZE: 16       ENTROPY: 0.9997     ELAPSED_SECONDS=0.44s
THREADS: 1      NUM_ALLOCS: 1000000      ALLOC_SIZE: 32       ENTROPY: 0.9998     ELAPSED_SECONDS=0.53s
THREADS: 1      NUM_ALLOCS: 1000000      ALLOC_SIZE: 64       ENTROPY: 1.0001     ELAPSED_SECONDS=0.66s
THREADS: 1      NUM_ALLOCS: 10000000     ALLOC_SIZE: 16       ENTROPY: 0.9998     ELAPSED_SECONDS=4.28s
THREADS: 1      NUM_ALLOCS: 10000000     ALLOC_SIZE: 32       ENTROPY: 0.9890     ELAPSED_SECONDS=5.14s
THREADS: 1      NUM_ALLOCS: 10000000     ALLOC_SIZE: 64       ENTROPY: 0.9464     ELAPSED_SECONDS=6.41s
THREADS: 2      NUM_ALLOCS: 10000        ALLOC_SIZE: 16       ENTROPY: 1.0000     ELAPSED_SECONDS=0.01s
THREADS: 2      NUM_ALLOCS: 10000        ALLOC_SIZE: 32       ENTROPY: 1.0002     ELAPSED_SECONDS=0.01s
THREADS: 2      NUM_ALLOCS: 10000        ALLOC_SIZE: 64       ENTROPY: 1.0003     ELAPSED_SECONDS=0.01s
THREADS: 2      NUM_ALLOCS: 100000       ALLOC_SIZE: 16       ENTROPY: 0.9999     ELAPSED_SECONDS=0.06s
THREADS: 2      NUM_ALLOCS: 100000       ALLOC_SIZE: 32       ENTROPY: 0.9997     ELAPSED_SECONDS=0.07s
THREADS: 2      NUM_ALLOCS: 100000       ALLOC_SIZE: 64       ENTROPY: 1.0000     ELAPSED_SECONDS=0.09s
THREADS: 2      NUM_ALLOCS: 1000000      ALLOC_SIZE: 16       ENTROPY: 1.0001     ELAPSED_SECONDS=0.47s
THREADS: 2      NUM_ALLOCS: 1000000      ALLOC_SIZE: 32       ENTROPY: 1.0000     ELAPSED_SECONDS=0.59s
THREADS: 2      NUM_ALLOCS: 1000000      ALLOC_SIZE: 64       ENTROPY: 1.0004     ELAPSED_SECONDS=0.75s
THREADS: 2      NUM_ALLOCS: 10000000     ALLOC_SIZE: 16       ENTROPY: 1.0001     ELAPSED_SECONDS=4.64s
THREADS: 2      NUM_ALLOCS: 10000000     ALLOC_SIZE: 32       ENTROPY: 0.9894     ELAPSED_SECONDS=5.74s
THREADS: 2      NUM_ALLOCS: 10000000     ALLOC_SIZE: 64       ENTROPY: 0.9460     ELAPSED_SECONDS=7.49s
THREADS: 4      NUM_ALLOCS: 10000        ALLOC_SIZE: 16       ENTROPY: 1.0002     ELAPSED_SECONDS=0.02s
THREADS: 4      NUM_ALLOCS: 10000        ALLOC_SIZE: 32       ENTROPY: 1.0002     ELAPSED_SECONDS=0.03s
THREADS: 4      NUM_ALLOCS: 10000        ALLOC_SIZE: 64       ENTROPY: 0.9999     ELAPSED_SECONDS=0.03s
THREADS: 4      NUM_ALLOCS: 100000       ALLOC_SIZE: 16       ENTROPY: 1.0000     ELAPSED_SECONDS=0.07s
THREADS: 4      NUM_ALLOCS: 100000       ALLOC_SIZE: 32       ENTROPY: 1.0002     ELAPSED_SECONDS=0.09s
THREADS: 4      NUM_ALLOCS: 100000       ALLOC_SIZE: 64       ENTROPY: 1.0000     ELAPSED_SECONDS=0.12s
THREADS: 4      NUM_ALLOCS: 1000000      ALLOC_SIZE: 16       ENTROPY: 0.9999     ELAPSED_SECONDS=0.59s
THREADS: 4      NUM_ALLOCS: 1000000      ALLOC_SIZE: 32       ENTROPY: 1.0002     ELAPSED_SECONDS=0.78s
THREADS: 4      NUM_ALLOCS: 1000000      ALLOC_SIZE: 64       ENTROPY: 0.9998     ELAPSED_SECONDS=1.15s
THREADS: 4      NUM_ALLOCS: 10000000     ALLOC_SIZE: 16       ENTROPY: 1.0000     ELAPSED_SECONDS=8.80s
THREADS: 4      NUM_ALLOCS: 10000000     ALLOC_SIZE: 32       ENTROPY: 0.9891     ELAPSED_SECONDS=7.08s
THREADS: 4      NUM_ALLOCS: 10000000     ALLOC_SIZE: 64       ENTROPY: 0.9461     ELAPSED_SECONDS=10.10s
THREADS: 8      NUM_ALLOCS: 10000        ALLOC_SIZE: 16       ENTROPY: 0.9999     ELAPSED_SECONDS=0.04s
THREADS: 8      NUM_ALLOCS: 10000        ALLOC_SIZE: 32       ENTROPY: 1.0000     ELAPSED_SECONDS=0.05s
THREADS: 8      NUM_ALLOCS: 10000        ALLOC_SIZE: 64       ENTROPY: 1.0000     ELAPSED_SECONDS=0.05s
THREADS: 8      NUM_ALLOCS: 100000       ALLOC_SIZE: 16       ENTROPY: 1.0002     ELAPSED_SECONDS=0.12s
THREADS: 8      NUM_ALLOCS: 100000       ALLOC_SIZE: 32       ENTROPY: 1.0002     ELAPSED_SECONDS=0.16s
THREADS: 8      NUM_ALLOCS: 100000       ALLOC_SIZE: 64       ENTROPY: 1.0000     ELAPSED_SECONDS=0.21s
THREADS: 8      NUM_ALLOCS: 1000000      ALLOC_SIZE: 16       ENTROPY: 0.9999     ELAPSED_SECONDS=0.78s
THREADS: 8      NUM_ALLOCS: 1000000      ALLOC_SIZE: 32       ENTROPY: 1.0001     ELAPSED_SECONDS=1.13s
THREADS: 8      NUM_ALLOCS: 1000000      ALLOC_SIZE: 64       ENTROPY: 1.0001     ELAPSED_SECONDS=1.70s
THREADS: 8      NUM_ALLOCS: 10000000     ALLOC_SIZE: 16       ENTROPY: 1.0001     ELAPSED_SECONDS=6.98s
THREADS: 8      NUM_ALLOCS: 10000000     ALLOC_SIZE: 32       ENTROPY: 0.9890     ELAPSED_SECONDS=9.57s
THREADS: 8      NUM_ALLOCS: 10000000     ALLOC_SIZE: 64       ENTROPY: 0.9462     ELAPSED_SECONDS=14.49s
