ALLOCATOR: /nfs/cm/scratch1/emery/msteranka/shared/libptmalloc.so
BIT_WIDTH: 16

THREADS: 1      NUM_ALLOCS: 10000        ALLOC_SIZE: 16       ENTROPY: 0.0000     ELAPSED_SECONDS=0.00s
THREADS: 1      NUM_ALLOCS: 10000        ALLOC_SIZE: 32       ENTROPY: 0.0000     ELAPSED_SECONDS=0.00s
THREADS: 1      NUM_ALLOCS: 10000        ALLOC_SIZE: 64       ENTROPY: 0.0000     ELAPSED_SECONDS=0.00s
THREADS: 1      NUM_ALLOCS: 10000        ALLOC_SIZE: 128      ENTROPY: 0.0000     ELAPSED_SECONDS=0.00s
THREADS: 1      NUM_ALLOCS: 10000        ALLOC_SIZE: 256      ENTROPY: 0.0000     ELAPSED_SECONDS=0.00s
THREADS: 1      NUM_ALLOCS: 100000       ALLOC_SIZE: 16       ENTROPY: 0.0000     ELAPSED_SECONDS=0.02s
THREADS: 1      NUM_ALLOCS: 100000       ALLOC_SIZE: 32       ENTROPY: 0.0000     ELAPSED_SECONDS=0.02s
THREADS: 1      NUM_ALLOCS: 100000       ALLOC_SIZE: 64       ENTROPY: 0.0000     ELAPSED_SECONDS=0.03s
THREADS: 1      NUM_ALLOCS: 100000       ALLOC_SIZE: 128      ENTROPY: 0.0000     ELAPSED_SECONDS=0.05s
THREADS: 1      NUM_ALLOCS: 100000       ALLOC_SIZE: 256      ENTROPY: 0.0000     ELAPSED_SECONDS=0.06s
THREADS: 1      NUM_ALLOCS: 1000000      ALLOC_SIZE: 16       ENTROPY: 0.0000     ELAPSED_SECONDS=0.20s
THREADS: 1      NUM_ALLOCS: 1000000      ALLOC_SIZE: 32       ENTROPY: 0.0000     ELAPSED_SECONDS=0.23s
THREADS: 1      NUM_ALLOCS: 1000000      ALLOC_SIZE: 64       ENTROPY: 0.0000     ELAPSED_SECONDS=0.30s
THREADS: 1      NUM_ALLOCS: 1000000      ALLOC_SIZE: 128      ENTROPY: 0.0000     ELAPSED_SECONDS=0.48s
THREADS: 1      NUM_ALLOCS: 1000000      ALLOC_SIZE: 256      ENTROPY: 0.0000     ELAPSED_SECONDS=0.63s
THREADS: 1      NUM_ALLOCS: 10000000     ALLOC_SIZE: 16       ENTROPY: 0.0000     ELAPSED_SECONDS=2.04s
THREADS: 1      NUM_ALLOCS: 10000000     ALLOC_SIZE: 32       ENTROPY: 0.0000     ELAPSED_SECONDS=2.33s
THREADS: 1      NUM_ALLOCS: 10000000     ALLOC_SIZE: 64       ENTROPY: 0.0000     ELAPSED_SECONDS=3.04s
THREADS: 1      NUM_ALLOCS: 10000000     ALLOC_SIZE: 128      ENTROPY: 0.0000     ELAPSED_SECONDS=4.73s
THREADS: 1      NUM_ALLOCS: 10000000     ALLOC_SIZE: 256      ENTROPY: 0.0000     ELAPSED_SECONDS=6.23s
THREADS: 2      NUM_ALLOCS: 10000        ALLOC_SIZE: 16       ENTROPY: 0.0000     ELAPSED_SECONDS=0.00s
THREADS: 2      NUM_ALLOCS: 10000        ALLOC_SIZE: 32       ENTROPY: 0.0000     ELAPSED_SECONDS=0.00s
THREADS: 2      NUM_ALLOCS: 10000        ALLOC_SIZE: 64       ENTROPY: 0.0000     ELAPSED_SECONDS=0.00s
THREADS: 2      NUM_ALLOCS: 10000        ALLOC_SIZE: 128      ENTROPY: 0.0000     ELAPSED_SECONDS=0.00s
THREADS: 2      NUM_ALLOCS: 10000        ALLOC_SIZE: 256      ENTROPY: 0.0000     ELAPSED_SECONDS=0.01s
THREADS: 2      NUM_ALLOCS: 100000       ALLOC_SIZE: 16       ENTROPY: 0.0000     ELAPSED_SECONDS=0.02s
THREADS: 2      NUM_ALLOCS: 100000       ALLOC_SIZE: 32       ENTROPY: 0.0000     ELAPSED_SECONDS=0.03s
THREADS: 2      NUM_ALLOCS: 100000       ALLOC_SIZE: 64       ENTROPY: 0.0000     ELAPSED_SECONDS=0.05s
THREADS: 2      NUM_ALLOCS: 100000       ALLOC_SIZE: 128      ENTROPY: 0.0000     ELAPSED_SECONDS=0.09s
THREADS: 2      NUM_ALLOCS: 100000       ALLOC_SIZE: 256      ENTROPY: 0.0000     ELAPSED_SECONDS=0.15s
THREADS: 2      NUM_ALLOCS: 1000000      ALLOC_SIZE: 16       ENTROPY: 0.0000     ELAPSED_SECONDS=0.24s
THREADS: 2      NUM_ALLOCS: 1000000      ALLOC_SIZE: 32       ENTROPY: 0.0000     ELAPSED_SECONDS=0.35s
THREADS: 2      NUM_ALLOCS: 1000000      ALLOC_SIZE: 64       ENTROPY: 0.0000     ELAPSED_SECONDS=0.48s
THREADS: 2      NUM_ALLOCS: 1000000      ALLOC_SIZE: 128      ENTROPY: 0.0000     ELAPSED_SECONDS=0.95s
THREADS: 2      NUM_ALLOCS: 1000000      ALLOC_SIZE: 256      ENTROPY: 0.0000     ELAPSED_SECONDS=1.56s
THREADS: 2      NUM_ALLOCS: 10000000     ALLOC_SIZE: 16       ENTROPY: 0.0000     ELAPSED_SECONDS=2.51s
THREADS: 2      NUM_ALLOCS: 10000000     ALLOC_SIZE: 32       ENTROPY: 0.0000     ELAPSED_SECONDS=3.50s
THREADS: 2      NUM_ALLOCS: 10000000     ALLOC_SIZE: 64       ENTROPY: 0.0000     ELAPSED_SECONDS=5.33s
THREADS: 2      NUM_ALLOCS: 10000000     ALLOC_SIZE: 128      ENTROPY: 0.0000     ELAPSED_SECONDS=9.51s
THREADS: 2      NUM_ALLOCS: 10000000     ALLOC_SIZE: 256      ENTROPY: 0.0000     ELAPSED_SECONDS=15.90s
THREADS: 4      NUM_ALLOCS: 10000        ALLOC_SIZE: 16       ENTROPY: 0.0000     ELAPSED_SECONDS=0.00s
THREADS: 4      NUM_ALLOCS: 10000        ALLOC_SIZE: 32       ENTROPY: 0.0000     ELAPSED_SECONDS=0.00s
THREADS: 4      NUM_ALLOCS: 10000        ALLOC_SIZE: 64       ENTROPY: 0.0000     ELAPSED_SECONDS=0.01s
THREADS: 4      NUM_ALLOCS: 10000        ALLOC_SIZE: 128      ENTROPY: 0.0000     ELAPSED_SECONDS=0.01s
THREADS: 4      NUM_ALLOCS: 10000        ALLOC_SIZE: 256      ENTROPY: 0.0000     ELAPSED_SECONDS=0.03s
THREADS: 4      NUM_ALLOCS: 100000       ALLOC_SIZE: 16       ENTROPY: 0.0000     ELAPSED_SECONDS=0.05s
THREADS: 4      NUM_ALLOCS: 100000       ALLOC_SIZE: 32       ENTROPY: 0.0000     ELAPSED_SECONDS=0.07s
THREADS: 4      NUM_ALLOCS: 100000       ALLOC_SIZE: 64       ENTROPY: 0.0000     ELAPSED_SECONDS=0.10s
THREADS: 4      NUM_ALLOCS: 100000       ALLOC_SIZE: 128      ENTROPY: 0.0000     ELAPSED_SECONDS=0.17s
THREADS: 4      NUM_ALLOCS: 100000       ALLOC_SIZE: 256      ENTROPY: 0.0000     ELAPSED_SECONDS=0.30s
THREADS: 4      NUM_ALLOCS: 1000000      ALLOC_SIZE: 16       ENTROPY: 0.0000     ELAPSED_SECONDS=0.53s
THREADS: 4      NUM_ALLOCS: 1000000      ALLOC_SIZE: 32       ENTROPY: 0.0000     ELAPSED_SECONDS=0.69s
THREADS: 4      NUM_ALLOCS: 1000000      ALLOC_SIZE: 64       ENTROPY: 0.0000     ELAPSED_SECONDS=1.16s
THREADS: 4      NUM_ALLOCS: 1000000      ALLOC_SIZE: 128      ENTROPY: 0.0000     ELAPSED_SECONDS=1.87s
THREADS: 4      NUM_ALLOCS: 1000000      ALLOC_SIZE: 256      ENTROPY: 0.0000     ELAPSED_SECONDS=3.26s
THREADS: 4      NUM_ALLOCS: 10000000     ALLOC_SIZE: 16       ENTROPY: 0.0000     ELAPSED_SECONDS=5.85s
THREADS: 4      NUM_ALLOCS: 10000000     ALLOC_SIZE: 32       ENTROPY: 0.0000     ELAPSED_SECONDS=7.95s
THREADS: 4      NUM_ALLOCS: 10000000     ALLOC_SIZE: 64       ENTROPY: 0.0000     ELAPSED_SECONDS=11.72s
THREADS: 4      NUM_ALLOCS: 10000000     ALLOC_SIZE: 128      ENTROPY: 0.0000     ELAPSED_SECONDS=19.91s
THREADS: 4      NUM_ALLOCS: 10000000     ALLOC_SIZE: 256      ENTROPY: 0.0000     ELAPSED_SECONDS=35.15s
THREADS: 8      NUM_ALLOCS: 10000        ALLOC_SIZE: 16       ENTROPY: 0.0000     ELAPSED_SECONDS=0.01s
THREADS: 8      NUM_ALLOCS: 10000        ALLOC_SIZE: 32       ENTROPY: 0.0000     ELAPSED_SECONDS=0.02s
THREADS: 8      NUM_ALLOCS: 10000        ALLOC_SIZE: 64       ENTROPY: 0.0000     ELAPSED_SECONDS=0.02s
THREADS: 8      NUM_ALLOCS: 10000        ALLOC_SIZE: 128      ENTROPY: 0.0000     ELAPSED_SECONDS=0.04s
THREADS: 8      NUM_ALLOCS: 10000        ALLOC_SIZE: 256      ENTROPY: 0.0000     ELAPSED_SECONDS=0.07s
THREADS: 8      NUM_ALLOCS: 100000       ALLOC_SIZE: 16       ENTROPY: 0.0000     ELAPSED_SECONDS=0.12s
THREADS: 8      NUM_ALLOCS: 100000       ALLOC_SIZE: 32       ENTROPY: 0.0000     ELAPSED_SECONDS=0.15s
THREADS: 8      NUM_ALLOCS: 100000       ALLOC_SIZE: 64       ENTROPY: 0.0000     ELAPSED_SECONDS=0.26s
THREADS: 8      NUM_ALLOCS: 100000       ALLOC_SIZE: 128      ENTROPY: 0.0000     ELAPSED_SECONDS=0.39s
THREADS: 8      NUM_ALLOCS: 100000       ALLOC_SIZE: 256      ENTROPY: 0.0000     ELAPSED_SECONDS=0.73s
THREADS: 8      NUM_ALLOCS: 1000000      ALLOC_SIZE: 16       ENTROPY: 0.0000     ELAPSED_SECONDS=0.98s
THREADS: 8      NUM_ALLOCS: 1000000      ALLOC_SIZE: 32       ENTROPY: 0.0000     ELAPSED_SECONDS=1.43s
THREADS: 8      NUM_ALLOCS: 1000000      ALLOC_SIZE: 64       ENTROPY: 0.0000     ELAPSED_SECONDS=2.26s
THREADS: 8      NUM_ALLOCS: 1000000      ALLOC_SIZE: 128      ENTROPY: 0.0000     ELAPSED_SECONDS=3.68s
THREADS: 8      NUM_ALLOCS: 1000000      ALLOC_SIZE: 256      ENTROPY: 0.0000     ELAPSED_SECONDS=6.89s
THREADS: 8      NUM_ALLOCS: 10000000     ALLOC_SIZE: 16       ENTROPY: 0.0000     ELAPSED_SECONDS=9.90s
THREADS: 8      NUM_ALLOCS: 10000000     ALLOC_SIZE: 32       ENTROPY: 0.0000     ELAPSED_SECONDS=14.02s
THREADS: 8      NUM_ALLOCS: 10000000     ALLOC_SIZE: 64       ENTROPY: 0.0000     ELAPSED_SECONDS=22.01s
THREADS: 8      NUM_ALLOCS: 10000000     ALLOC_SIZE: 128      ENTROPY: 0.0000     ELAPSED_SECONDS=37.75s
THREADS: 8      NUM_ALLOCS: 10000000     ALLOC_SIZE: 256      ENTROPY: Command terminated by signal 2
     ELAPSED_SECONDS=589.84s
