Allocator: /nfs/cm/scratch1/emery/msteranka/shared/libdieharder.so
Bit width: 10

8  THREADS   1000    OBJECTS   16   BYTES:   0.9927
8  THREADS   1000    OBJECTS   32   BYTES:   0.9952
8  THREADS   1000    OBJECTS   64   BYTES:   0.9971
8  THREADS   1000    OBJECTS   128  BYTES:   0.9951
8  THREADS   1000    OBJECTS   256  BYTES:   0.9887
8  THREADS   1000    OBJECTS   512  BYTES:   0.9967
8  THREADS   10000   OBJECTS   16   BYTES:   0.9967
8  THREADS   10000   OBJECTS   32   BYTES:   0.9959
8  THREADS   10000   OBJECTS   64   BYTES:   0.9961
8  THREADS   10000   OBJECTS   128  BYTES:   0.9958
8  THREADS   10000   OBJECTS   256  BYTES:   0.9939
8  THREADS   10000   OBJECTS   512  BYTES:   0.9972
8  THREADS   100000  OBJECTS   16   BYTES:   0.9967
8  THREADS   100000  OBJECTS   32   BYTES:   0.9955
8  THREADS   100000  OBJECTS   64   BYTES:   0.9943
8  THREADS   100000  OBJECTS   128  BYTES:   0.9950
8  THREADS   100000  OBJECTS   256  BYTES:   0.9959
8  THREADS   100000  OBJECTS   512  BYTES:   0.9972
8  THREADS   1000000 OBJECTS   16   BYTES:   0.9977
8  THREADS   1000000 OBJECTS   32   BYTES:   0.9973
8  THREADS   1000000 OBJECTS   64   BYTES:   0.9963
8  THREADS   1000000 OBJECTS   128  BYTES:   