Allocator: /nfs/cm/scratch1/emery/msteranka/shared/libfreeguard.so
Bit width: 10

8  THREADS   1000    OBJECTS   16   BYTES:   0.9993
8  THREADS   1000    OBJECTS   32   BYTES:   0.9980
8  THREADS   1000    OBJECTS   64   BYTES:   0.9975
8  THREADS   1000    OBJECTS   128  BYTES:   0.9970
8  THREADS   1000    OBJECTS   256  BYTES:   0.9955
8  THREADS   1000    OBJECTS   512  BYTES:   0.9951
8  THREADS   10000   OBJECTS   16   BYTES:   0.9993
8  THREADS   10000   OBJECTS   32   BYTES:   0.9999
8  THREADS   10000   OBJECTS   64   BYTES:   1.0010
8  THREADS   10000   OBJECTS   128  BYTES:   0.9978
8  THREADS   10000   OBJECTS   256  BYTES:   0.9987
8  THREADS   10000   OBJECTS   512  BYTES:   0.9981
8  THREADS   100000  OBJECTS   16   BYTES:   1.0000
8  THREADS   100000  OBJECTS   32   BYTES:   0.9992
8  THREADS   100000  OBJECTS   64   BYTES:   1.0011
8  THREADS   100000  OBJECTS   128  BYTES:   0.9987
8  THREADS   100000  OBJECTS   256  BYTES:   0.9991
8  THREADS   100000  OBJECTS   512  BYTES:   1.0001
8  THREADS   1000000 OBJECTS   16   BYTES:   1.0018
8  THREADS   1000000 OBJECTS   32   BYTES:   1.0000
8  THREADS   1000000 OBJECTS   64   BYTES:   1.0009
8  THREADS   1000000 OBJECTS   128  BYTES:   1.0010
8  THREADS   1000000 OBJECTS   256  BYTES:   0.9996
8  THREADS   1000000 OBJECTS   512  BYTES:   1.0003
