Allocator: /nfs/cm/scratch1/emery/msteranka/shared/libguarder.so
Bit width: 10

8  THREADS   1000    OBJECTS   16   BYTES:   1.0005
8  THREADS   1000    OBJECTS   32   BYTES:   1.0004
8  THREADS   1000    OBJECTS   64   BYTES:   0.9977
8  THREADS   1000    OBJECTS   128  BYTES:   1.0004
8  THREADS   1000    OBJECTS   256  BYTES:   0.9998
8  THREADS   1000    OBJECTS   512  BYTES:   1.0010
8  THREADS   10000   OBJECTS   16   BYTES:   1.0004
8  THREADS   10000   OBJECTS   32   BYTES:   0.9988
8  THREADS   10000   OBJECTS   64   BYTES:   1.0002
8  THREADS   10000   OBJECTS   128  BYTES:   0.9994
8  THREADS   10000   OBJECTS   256  BYTES:   1.0001
8  THREADS   10000   OBJECTS   512  BYTES:   0.9984
8  THREADS   100000  OBJECTS   16   BYTES:   0.9998
8  THREADS   100000  OBJECTS   32   BYTES:   1.0000
8  THREADS   100000  OBJECTS   64   BYTES:   0.9987
8  THREADS   100000  OBJECTS   128  BYTES:   1.0012
8  THREADS   100000  OBJECTS   256  BYTES:   0.9994
8  THREADS   100000  OBJECTS   512  BYTES:   1.0000
8  THREADS   1000000 OBJECTS   16   BYTES:   0.9993
8  THREADS   1000000 OBJECTS   32   BYTES:   0.9997
8  THREADS   1000000 OBJECTS   64   BYTES:   0.9998
8  THREADS   1000000 OBJECTS   128  BYTES:   0.9995
8  THREADS   1000000 OBJECTS   256  BYTES:   1.0015
8  THREADS   1000000 OBJECTS   512  BYTES:   0.9533
