Allocator: /nfs/cm/scratch1/emery/msteranka/shared/libmimalloc.so
Bit width: 10

8  THREADS   1000    OBJECTS   16   BYTES:   0.9942
8  THREADS   1000    OBJECTS   32   BYTES:   0.9949
8  THREADS   1000    OBJECTS   64   BYTES:   0.9965
8  THREADS   1000    OBJECTS   128  BYTES:   0.9054
8  THREADS   1000    OBJECTS   256  BYTES:   0.7949
8  THREADS   1000    OBJECTS   512  BYTES:   0.6742
8  THREADS   10000   OBJECTS   16   BYTES:   0.8256
8  THREADS   10000   OBJECTS   32   BYTES:   0.8201
8  THREADS   10000   OBJECTS   64   BYTES:   0.7308
8  THREADS   10000   OBJECTS   128  BYTES:   0.6128
8  THREADS   10000   OBJECTS   256  BYTES:   0.3019
8  THREADS   10000   OBJECTS   512  BYTES:   0.3762
8  THREADS   100000  OBJECTS   16   BYTES:   0.6509
8  THREADS   100000  OBJECTS   32   BYTES:   0.6487
8  THREADS   100000  OBJECTS   64   BYTES:   0.5779
8  THREADS   100000  OBJECTS   128  BYTES:   0.4918
8  THREADS   100000  OBJECTS   256  BYTES:   0.2408
8  THREADS   100000  OBJECTS   512  BYTES:   0.2408
8  THREADS   1000000 OBJECTS   16   BYTES:   0.5299
8  THREADS   1000000 OBJECTS   32   BYTES:   0.5317
8  THREADS   1000000 OBJECTS   64   BYTES:   0.4605
8  THREADS   1000000 OBJECTS   128  BYTES:   0.3011
8  THREADS   1000000 OBJECTS   256  BYTES:   0.3172
8  THREADS   1000000 OBJECTS   512  BYTES:   0.2007
