Allocator: /nfs/cm/scratch1/emery/msteranka/shared/libscudo.so
Bit width: 10

8  THREADS   1000    OBJECTS   16   BYTES:   1.0002
8  THREADS   1000    OBJECTS   32   BYTES:   0.9963
8  THREADS   1000    OBJECTS   64   BYTES:   0.9969
8  THREADS   1000    OBJECTS   128  BYTES:   0.9885
8  THREADS   1000    OBJECTS   256  BYTES:   0.9750
8  THREADS   1000    OBJECTS   512  BYTES:   0.9319
8  THREADS   10000   OBJECTS   16   BYTES:   0.9701
8  THREADS   10000   OBJECTS   32   BYTES:   0.9522
8  THREADS   10000   OBJECTS   64   BYTES:   0.9388
8  THREADS   10000   OBJECTS   128  BYTES:   0.8945
8  THREADS   10000   OBJECTS   256  BYTES:   0.8267
8  THREADS   10000   OBJECTS   512  BYTES:   0.7581
8  THREADS   100000  OBJECTS   16   BYTES:   0.8772
8  THREADS   100000  OBJECTS   32   BYTES:   0.8366
8  THREADS   100000  OBJECTS   64   BYTES:   0.7920
8  THREADS   100000  OBJECTS   128  BYTES:   0.7313
8  THREADS   100000  OBJECTS   256  BYTES:   0.6732
8  THREADS   100000  OBJECTS   512  BYTES:   0.6555
8  THREADS   1000000 OBJECTS   16   BYTES:   0.7420
8  THREADS   1000000 OBJECTS   32   BYTES:   0.7251
8  THREADS   1000000 OBJECTS   64   BYTES:   0.6871
8  THREADS   1000000 OBJECTS   128  BYTES:   0.6624
8  THREADS   1000000 OBJECTS   256  BYTES:   0.6195
8  THREADS   1000000 OBJECTS   512  BYTES:   0.6114
