Allocator: /nfs/cm/scratch1/emery/msteranka/shared/libsmimalloc.so
Bit width: 10

8  THREADS   1000    OBJECTS   16   BYTES:   0.9471
8  THREADS   1000    OBJECTS   32   BYTES:   0.9716
8  THREADS   1000    OBJECTS   64   BYTES:   0.8540
8  THREADS   1000    OBJECTS   128  BYTES:   0.7827
8  THREADS   1000    OBJECTS   256  BYTES:   0.7853
8  THREADS   1000    OBJECTS   512  BYTES:   0.6947
8  THREADS   10000   OBJECTS   16   BYTES:   0.8816
8  THREADS   10000   OBJECTS   32   BYTES:   0.8071
8  THREADS   10000   OBJECTS   64   BYTES:   0.7487
8  THREADS   10000   OBJECTS   128  BYTES:   0.6722
8  THREADS   10000   OBJECTS   256  BYTES:   0.5948
8  THREADS   10000   OBJECTS   512  BYTES:   0.5205
8  THREADS   100000  OBJECTS   16   BYTES:   0.7170
8  THREADS   100000  OBJECTS   32   BYTES:   0.6563
8  THREADS   100000  OBJECTS   64   BYTES:   0.5960
8  THREADS   100000  OBJECTS   128  BYTES:   0.5372
8  THREADS   100000  OBJECTS   256  BYTES:   0.4765
8  THREADS   100000  OBJECTS   512  BYTES:   0.4158
8  THREADS   1000000 OBJECTS   16   BYTES:   0.5977
8  THREADS   1000000 OBJECTS   32   BYTES:   0.5484
8  THREADS   1000000 OBJECTS   64   BYTES:   0.4969
8  THREADS   1000000 OBJECTS   128  BYTES:   0.4462
8  THREADS   1000000 OBJECTS   256  BYTES:   0.3959
8  THREADS   1000000 OBJECTS   512  BYTES:   