Allocator: /nfs/cm/scratch1/emery/msteranka/shared/libtcmalloc.so
Bit width: 10

8  THREADS   1000    OBJECTS   16   BYTES:   0.0001
8  THREADS   1000    OBJECTS   32   BYTES:   0.0001
8  THREADS   1000    OBJECTS   64   BYTES:   0.0001
8  THREADS   1000    OBJECTS   128  BYTES:   0.0001
8  THREADS   1000    OBJECTS   256  BYTES:   0.0001
8  THREADS   1000    OBJECTS   512  BYTES:   0.0001
8  THREADS   10000   OBJECTS   16   BYTES:   0.0001
8  THREADS   10000   OBJECTS   32   BYTES:   0.0001
8  THREADS   10000   OBJECTS   64   BYTES:   0.0001
8  THREADS   10000   OBJECTS   128  BYTES:   0.0001
8  THREADS   10000   OBJECTS   256  BYTES:   0.0003
8  THREADS   10000   OBJECTS   512  BYTES:   0.0001
8  THREADS   100000  OBJECTS   16   BYTES:   0.0000
8  THREADS   100000  OBJECTS   32   BYTES:   0.0000
8  THREADS   100000  OBJECTS   64   BYTES:   0.0000
8  THREADS   100000  OBJECTS   128  BYTES:   0.0000
8  THREADS   100000  OBJECTS   256  BYTES:   0.0000
8  THREADS   100000  OBJECTS   512  BYTES:   0.0000
8  THREADS   1000000 OBJECTS   16   BYTES:   0.0000
8  THREADS   1000000 OBJECTS   32   BYTES:   0.0000
8  THREADS   1000000 OBJECTS   64   BYTES:   0.0000
8  THREADS   1000000 OBJECTS   128  BYTES:   0.0000
8  THREADS   1000000 OBJECTS   256  BYTES:   0.0000
8  THREADS   1000000 OBJECTS   512  BYTES:   0.0000
