[PARSEC] Benchmarks to run:  parsec.bodytrack

[PARSEC] [========== Running benchmark parsec.bodytrack [1] ==========]
[PARSEC] Deleting old run directory.
[PARSEC] Setting up run directory.
[PARSEC] Unpacking benchmark input 'native'.
sequenceB_261/
sequenceB_261/BodyShapeParameters.txt
sequenceB_261/CALIB/
sequenceB_261/CALIB/Camera1.cal
sequenceB_261/CALIB/Camera2.cal
sequenceB_261/CALIB/Camera3.cal
sequenceB_261/CALIB/Camera4.cal
sequenceB_261/CAM1/
sequenceB_261/CAM1/image0000.bmp
sequenceB_261/CAM1/image0001.bmp
sequenceB_261/CAM1/image0002.bmp
sequenceB_261/CAM1/image0003.bmp
sequenceB_261/CAM1/image0004.bmp
sequenceB_261/CAM1/image0005.bmp
sequenceB_261/CAM1/image0006.bmp
sequenceB_261/CAM1/image0007.bmp
sequenceB_261/CAM1/image0008.bmp
sequenceB_261/CAM1/image0009.bmp
sequenceB_261/CAM1/image0010.bmp
sequenceB_261/CAM1/image0011.bmp
sequenceB_261/CAM1/image0012.bmp
sequenceB_261/CAM1/image0013.bmp
sequenceB_261/CAM1/image0014.bmp
sequenceB_261/CAM1/image0015.bmp
sequenceB_261/CAM1/image0016.bmp
sequenceB_261/CAM1/image0017.bmp
sequenceB_261/CAM1/image0018.bmp
sequenceB_261/CAM1/image0019.bmp
sequenceB_261/CAM1/image0020.bmp
sequenceB_261/CAM1/image0021.bmp
sequenceB_261/CAM1/image0022.bmp
sequenceB_261/CAM1/image0023.bmp
sequenceB_261/CAM1/image0024.bmp
sequenceB_261/CAM1/image0025.bmp
sequenceB_261/CAM1/image0026.bmp
sequenceB_261/CAM1/image0027.bmp
sequenceB_261/CAM1/image0028.bmp
sequenceB_261/CAM1/image0029.bmp
sequenceB_261/CAM1/image0030.bmp
sequenceB_261/CAM1/image0031.bmp
sequenceB_261/CAM1/image0032.bmp
sequenceB_261/CAM1/image0033.bmp
sequenceB_261/CAM1/image0034.bmp
sequenceB_261/CAM1/image0035.bmp
sequenceB_261/CAM1/image0036.bmp
sequenceB_261/CAM1/image0037.bmp
sequenceB_261/CAM1/image0038.bmp
sequenceB_261/CAM1/image0039.bmp
sequenceB_261/CAM1/image0040.bmp
sequenceB_261/CAM1/image0041.bmp
sequenceB_261/CAM1/image0042.bmp
sequenceB_261/CAM1/image0043.bmp
sequenceB_261/CAM1/image0044.bmp
sequenceB_261/CAM1/image0045.bmp
sequenceB_261/CAM1/image0046.bmp
sequenceB_261/CAM1/image0047.bmp
sequenceB_261/CAM1/image0048.bmp
sequenceB_261/CAM1/image0049.bmp
sequenceB_261/CAM1/image0050.bmp
sequenceB_261/CAM1/image0051.bmp
sequenceB_261/CAM1/image0052.bmp
sequenceB_261/CAM1/image0053.bmp
sequenceB_261/CAM1/image0054.bmp
sequenceB_261/CAM1/image0055.bmp
sequenceB_261/CAM1/image0056.bmp
sequenceB_261/CAM1/image0057.bmp
sequenceB_261/CAM1/image0058.bmp
sequenceB_261/CAM1/image0059.bmp
sequenceB_261/CAM1/image0060.bmp
sequenceB_261/CAM1/image0061.bmp
sequenceB_261/CAM1/image0062.bmp
sequenceB_261/CAM1/image0063.bmp
sequenceB_261/CAM1/image0064.bmp
sequenceB_261/CAM1/image0065.bmp
sequenceB_261/CAM1/image0066.bmp
sequenceB_261/CAM1/image0067.bmp
sequenceB_261/CAM1/image0068.bmp
sequenceB_261/CAM1/image0069.bmp
sequenceB_261/CAM1/image0070.bmp
sequenceB_261/CAM1/image0071.bmp
sequenceB_261/CAM1/image0072.bmp
sequenceB_261/CAM1/image0073.bmp
sequenceB_261/CAM1/image0074.bmp
sequenceB_261/CAM1/image0075.bmp
sequenceB_261/CAM1/image0076.bmp
sequenceB_261/CAM1/image0077.bmp
sequenceB_261/CAM1/image0078.bmp
sequenceB_261/CAM1/image0079.bmp
sequenceB_261/CAM1/image0080.bmp
sequenceB_261/CAM1/image0081.bmp
sequenceB_261/CAM1/image0082.bmp
sequenceB_261/CAM1/image0083.bmp
sequenceB_261/CAM1/image0084.bmp
sequenceB_261/CAM1/image0085.bmp
sequenceB_261/CAM1/image0086.bmp
sequenceB_261/CAM1/image0087.bmp
sequenceB_261/CAM1/image0088.bmp
sequenceB_261/CAM1/image0089.bmp
sequenceB_261/CAM1/image0090.bmp
sequenceB_261/CAM1/image0091.bmp
sequenceB_261/CAM1/image0092.bmp
sequenceB_261/CAM1/image0093.bmp
sequenceB_261/CAM1/image0094.bmp
sequenceB_261/CAM1/image0095.bmp
sequenceB_261/CAM1/image0096.bmp
sequenceB_261/CAM1/image0097.bmp
sequenceB_261/CAM1/image0098.bmp
sequenceB_261/CAM1/image0099.bmp
sequenceB_261/CAM1/image0100.bmp
sequenceB_261/CAM1/image0101.bmp
sequenceB_261/CAM1/image0102.bmp
sequenceB_261/CAM1/image0103.bmp
sequenceB_261/CAM1/image0104.bmp
sequenceB_261/CAM1/image0105.bmp
sequenceB_261/CAM1/image0106.bmp
sequenceB_261/CAM1/image0107.bmp
sequenceB_261/CAM1/image0108.bmp
sequenceB_261/CAM1/image0109.bmp
sequenceB_261/CAM1/image0110.bmp
sequenceB_261/CAM1/image0111.bmp
sequenceB_261/CAM1/image0112.bmp
sequenceB_261/CAM1/image0113.bmp
sequenceB_261/CAM1/image0114.bmp
sequenceB_261/CAM1/image0115.bmp
sequenceB_261/CAM1/image0116.bmp
sequenceB_261/CAM1/image0117.bmp
sequenceB_261/CAM1/image0118.bmp
sequenceB_261/CAM1/image0119.bmp
sequenceB_261/CAM1/image0120.bmp
sequenceB_261/CAM1/image0121.bmp
sequenceB_261/CAM1/image0122.bmp
sequenceB_261/CAM1/image0123.bmp
sequenceB_261/CAM1/image0124.bmp
sequenceB_261/CAM1/image0125.bmp
sequenceB_261/CAM1/image0126.bmp
sequenceB_261/CAM1/image0127.bmp
sequenceB_261/CAM1/image0128.bmp
sequenceB_261/CAM1/image0129.bmp
sequenceB_261/CAM1/image0130.bmp
sequenceB_261/CAM1/image0131.bmp
sequenceB_261/CAM1/image0132.bmp
sequenceB_261/CAM1/image0133.bmp
sequenceB_261/CAM1/image0134.bmp
sequenceB_261/CAM1/image0135.bmp
sequenceB_261/CAM1/image0136.bmp
sequenceB_261/CAM1/image0137.bmp
sequenceB_261/CAM1/image0138.bmp
sequenceB_261/CAM1/image0139.bmp
sequenceB_261/CAM1/image0140.bmp
sequenceB_261/CAM1/image0141.bmp
sequenceB_261/CAM1/image0142.bmp
sequenceB_261/CAM1/image0143.bmp
sequenceB_261/CAM1/image0144.bmp
sequenceB_261/CAM1/image0145.bmp
sequenceB_261/CAM1/image0146.bmp
sequenceB_261/CAM1/image0147.bmp
sequenceB_261/CAM1/image0148.bmp
sequenceB_261/CAM1/image0149.bmp
sequenceB_261/CAM1/image0150.bmp
sequenceB_261/CAM1/image0151.bmp
sequenceB_261/CAM1/image0152.bmp
sequenceB_261/CAM1/image0153.bmp
sequenceB_261/CAM1/image0154.bmp
sequenceB_261/CAM1/image0155.bmp
sequenceB_261/CAM1/image0156.bmp
sequenceB_261/CAM1/image0157.bmp
sequenceB_261/CAM1/image0158.bmp
sequenceB_261/CAM1/image0159.bmp
sequenceB_261/CAM1/image0160.bmp
sequenceB_261/CAM1/image0161.bmp
sequenceB_261/CAM1/image0162.bmp
sequenceB_261/CAM1/image0163.bmp
sequenceB_261/CAM1/image0164.bmp
sequenceB_261/CAM1/image0165.bmp
sequenceB_261/CAM1/image0166.bmp
sequenceB_261/CAM1/image0167.bmp
sequenceB_261/CAM1/image0168.bmp
sequenceB_261/CAM1/image0169.bmp
sequenceB_261/CAM1/image0170.bmp
sequenceB_261/CAM1/image0171.bmp
sequenceB_261/CAM1/image0172.bmp
sequenceB_261/CAM1/image0173.bmp
sequenceB_261/CAM1/image0174.bmp
sequenceB_261/CAM1/image0175.bmp
sequenceB_261/CAM1/image0176.bmp
sequenceB_261/CAM1/image0177.bmp
sequenceB_261/CAM1/image0178.bmp
sequenceB_261/CAM1/image0179.bmp
sequenceB_261/CAM1/image0180.bmp
sequenceB_261/CAM1/image0181.bmp
sequenceB_261/CAM1/image0182.bmp
sequenceB_261/CAM1/image0183.bmp
sequenceB_261/CAM1/image0184.bmp
sequenceB_261/CAM1/image0185.bmp
sequenceB_261/CAM1/image0186.bmp
sequenceB_261/CAM1/image0187.bmp
sequenceB_261/CAM1/image0188.bmp
sequenceB_261/CAM1/image0189.bmp
sequenceB_261/CAM1/image0190.bmp
sequenceB_261/CAM1/image0191.bmp
sequenceB_261/CAM1/image0192.bmp
sequenceB_261/CAM1/image0193.bmp
sequenceB_261/CAM1/image0194.bmp
sequenceB_261/CAM1/image0195.bmp
sequenceB_261/CAM1/image0196.bmp
sequenceB_261/CAM1/image0197.bmp
sequenceB_261/CAM1/image0198.bmp
sequenceB_261/CAM1/image0199.bmp
sequenceB_261/CAM1/image0200.bmp
sequenceB_261/CAM1/image0201.bmp
sequenceB_261/CAM1/image0202.bmp
sequenceB_261/CAM1/image0203.bmp
sequenceB_261/CAM1/image0204.bmp
sequenceB_261/CAM1/image0205.bmp
sequenceB_261/CAM1/image0206.bmp
sequenceB_261/CAM1/image0207.bmp
sequenceB_261/CAM1/image0208.bmp
sequenceB_261/CAM1/image0209.bmp
sequenceB_261/CAM1/image0210.bmp
sequenceB_261/CAM1/image0211.bmp
sequenceB_261/CAM1/image0212.bmp
sequenceB_261/CAM1/image0213.bmp
sequenceB_261/CAM1/image0214.bmp
sequenceB_261/CAM1/image0215.bmp
sequenceB_261/CAM1/image0216.bmp
sequenceB_261/CAM1/image0217.bmp
sequenceB_261/CAM1/image0218.bmp
sequenceB_261/CAM1/image0219.bmp
sequenceB_261/CAM1/image0220.bmp
sequenceB_261/CAM1/image0221.bmp
sequenceB_261/CAM1/image0222.bmp
sequenceB_261/CAM1/image0223.bmp
sequenceB_261/CAM1/image0224.bmp
sequenceB_261/CAM1/image0225.bmp
sequenceB_261/CAM1/image0226.bmp
sequenceB_261/CAM1/image0227.bmp
sequenceB_261/CAM1/image0228.bmp
sequenceB_261/CAM1/image0229.bmp
sequenceB_261/CAM1/image0230.bmp
sequenceB_261/CAM1/image0231.bmp
sequenceB_261/CAM1/image0232.bmp
sequenceB_261/CAM1/image0233.bmp
sequenceB_261/CAM1/image0234.bmp
sequenceB_261/CAM1/image0235.bmp
sequenceB_261/CAM1/image0236.bmp
sequenceB_261/CAM1/image0237.bmp
sequenceB_261/CAM1/image0238.bmp
sequenceB_261/CAM1/image0239.bmp
sequenceB_261/CAM1/image0240.bmp
sequenceB_261/CAM1/image0241.bmp
sequenceB_261/CAM1/image0242.bmp
sequenceB_261/CAM1/image0243.bmp
sequenceB_261/CAM1/image0244.bmp
sequenceB_261/CAM1/image0245.bmp
sequenceB_261/CAM1/image0246.bmp
sequenceB_261/CAM1/image0247.bmp
sequenceB_261/CAM1/image0248.bmp
sequenceB_261/CAM1/image0249.bmp
sequenceB_261/CAM1/image0250.bmp
sequenceB_261/CAM1/image0251.bmp
sequenceB_261/CAM1/image0252.bmp
sequenceB_261/CAM1/image0253.bmp
sequenceB_261/CAM1/image0254.bmp
sequenceB_261/CAM1/image0255.bmp
sequenceB_261/CAM1/image0256.bmp
sequenceB_261/CAM1/image0257.bmp
sequenceB_261/CAM1/image0258.bmp
sequenceB_261/CAM1/image0259.bmp
sequenceB_261/CAM1/image0260.bmp
sequenceB_261/CAM2/
sequenceB_261/CAM2/image0000.bmp
sequenceB_261/CAM2/image0001.bmp
sequenceB_261/CAM2/image0002.bmp
sequenceB_261/CAM2/image0003.bmp
sequenceB_261/CAM2/image0004.bmp
sequenceB_261/CAM2/image0005.bmp
sequenceB_261/CAM2/image0006.bmp
sequenceB_261/CAM2/image0007.bmp
sequenceB_261/CAM2/image0008.bmp
sequenceB_261/CAM2/image0009.bmp
sequenceB_261/CAM2/image0010.bmp
sequenceB_261/CAM2/image0011.bmp
sequenceB_261/CAM2/image0012.bmp
sequenceB_261/CAM2/image0013.bmp
sequenceB_261/CAM2/image0014.bmp
sequenceB_261/CAM2/image0015.bmp
sequenceB_261/CAM2/image0016.bmp
sequenceB_261/CAM2/image0017.bmp
sequenceB_261/CAM2/image0018.bmp
sequenceB_261/CAM2/image0019.bmp
sequenceB_261/CAM2/image0020.bmp
sequenceB_261/CAM2/image0021.bmp
sequenceB_261/CAM2/image0022.bmp
sequenceB_261/CAM2/image0023.bmp
sequenceB_261/CAM2/image0024.bmp
sequenceB_261/CAM2/image0025.bmp
sequenceB_261/CAM2/image0026.bmp
sequenceB_261/CAM2/image0027.bmp
sequenceB_261/CAM2/image0028.bmp
sequenceB_261/CAM2/image0029.bmp
sequenceB_261/CAM2/image0030.bmp
sequenceB_261/CAM2/image0031.bmp
sequenceB_261/CAM2/image0032.bmp
sequenceB_261/CAM2/image0033.bmp
sequenceB_261/CAM2/image0034.bmp
sequenceB_261/CAM2/image0035.bmp
sequenceB_261/CAM2/image0036.bmp
sequenceB_261/CAM2/image0037.bmp
sequenceB_261/CAM2/image0038.bmp
sequenceB_261/CAM2/image0039.bmp
sequenceB_261/CAM2/image0040.bmp
sequenceB_261/CAM2/image0041.bmp
sequenceB_261/CAM2/image0042.bmp
sequenceB_261/CAM2/image0043.bmp
sequenceB_261/CAM2/image0044.bmp
sequenceB_261/CAM2/image0045.bmp
sequenceB_261/CAM2/image0046.bmp
sequenceB_261/CAM2/image0047.bmp
sequenceB_261/CAM2/image0048.bmp
sequenceB_261/CAM2/image0049.bmp
sequenceB_261/CAM2/image0050.bmp
sequenceB_261/CAM2/image0051.bmp
sequenceB_261/CAM2/image0052.bmp
sequenceB_261/CAM2/image0053.bmp
sequenceB_261/CAM2/image0054.bmp
sequenceB_261/CAM2/image0055.bmp
sequenceB_261/CAM2/image0056.bmp
sequenceB_261/CAM2/image0057.bmp
sequenceB_261/CAM2/image0058.bmp
sequenceB_261/CAM2/image0059.bmp
sequenceB_261/CAM2/image0060.bmp
sequenceB_261/CAM2/image0061.bmp
sequenceB_261/CAM2/image0062.bmp
sequenceB_261/CAM2/image0063.bmp
sequenceB_261/CAM2/image0064.bmp
sequenceB_261/CAM2/image0065.bmp
sequenceB_261/CAM2/image0066.bmp
sequenceB_261/CAM2/image0067.bmp
sequenceB_261/CAM2/image0068.bmp
sequenceB_261/CAM2/image0069.bmp
sequenceB_261/CAM2/image0070.bmp
sequenceB_261/CAM2/image0071.bmp
sequenceB_261/CAM2/image0072.bmp
sequenceB_261/CAM2/image0073.bmp
sequenceB_261/CAM2/image0074.bmp
sequenceB_261/CAM2/image0075.bmp
sequenceB_261/CAM2/image0076.bmp
sequenceB_261/CAM2/image0077.bmp
sequenceB_261/CAM2/image0078.bmp
sequenceB_261/CAM2/image0079.bmp
sequenceB_261/CAM2/image0080.bmp
sequenceB_261/CAM2/image0081.bmp
sequenceB_261/CAM2/image0082.bmp
sequenceB_261/CAM2/image0083.bmp
sequenceB_261/CAM2/image0084.bmp
sequenceB_261/CAM2/image0085.bmp
sequenceB_261/CAM2/image0086.bmp
sequenceB_261/CAM2/image0087.bmp
sequenceB_261/CAM2/image0088.bmp
sequenceB_261/CAM2/image0089.bmp
sequenceB_261/CAM2/image0090.bmp
sequenceB_261/CAM2/image0091.bmp
sequenceB_261/CAM2/image0092.bmp
sequenceB_261/CAM2/image0093.bmp
sequenceB_261/CAM2/image0094.bmp
sequenceB_261/CAM2/image0095.bmp
sequenceB_261/CAM2/image0096.bmp
sequenceB_261/CAM2/image0097.bmp
sequenceB_261/CAM2/image0098.bmp
sequenceB_261/CAM2/image0099.bmp
sequenceB_261/CAM2/image0100.bmp
sequenceB_261/CAM2/image0101.bmp
sequenceB_261/CAM2/image0102.bmp
sequenceB_261/CAM2/image0103.bmp
sequenceB_261/CAM2/image0104.bmp
sequenceB_261/CAM2/image0105.bmp
sequenceB_261/CAM2/image0106.bmp
sequenceB_261/CAM2/image0107.bmp
sequenceB_261/CAM2/image0108.bmp
sequenceB_261/CAM2/image0109.bmp
sequenceB_261/CAM2/image0110.bmp
sequenceB_261/CAM2/image0111.bmp
sequenceB_261/CAM2/image0112.bmp
sequenceB_261/CAM2/image0113.bmp
sequenceB_261/CAM2/image0114.bmp
sequenceB_261/CAM2/image0115.bmp
sequenceB_261/CAM2/image0116.bmp
sequenceB_261/CAM2/image0117.bmp
sequenceB_261/CAM2/image0118.bmp
sequenceB_261/CAM2/image0119.bmp
sequenceB_261/CAM2/image0120.bmp
sequenceB_261/CAM2/image0121.bmp
sequenceB_261/CAM2/image0122.bmp
sequenceB_261/CAM2/image0123.bmp
sequenceB_261/CAM2/image0124.bmp
sequenceB_261/CAM2/image0125.bmp
sequenceB_261/CAM2/image0126.bmp
sequenceB_261/CAM2/image0127.bmp
sequenceB_261/CAM2/image0128.bmp
sequenceB_261/CAM2/image0129.bmp
sequenceB_261/CAM2/image0130.bmp
sequenceB_261/CAM2/image0131.bmp
sequenceB_261/CAM2/image0132.bmp
sequenceB_261/CAM2/image0133.bmp
sequenceB_261/CAM2/image0134.bmp
sequenceB_261/CAM2/image0135.bmp
sequenceB_261/CAM2/image0136.bmp
sequenceB_261/CAM2/image0137.bmp
sequenceB_261/CAM2/image0138.bmp
sequenceB_261/CAM2/image0139.bmp
sequenceB_261/CAM2/image0140.bmp
sequenceB_261/CAM2/image0141.bmp
sequenceB_261/CAM2/image0142.bmp
sequenceB_261/CAM2/image0143.bmp
sequenceB_261/CAM2/image0144.bmp
sequenceB_261/CAM2/image0145.bmp
sequenceB_261/CAM2/image0146.bmp
sequenceB_261/CAM2/image0147.bmp
sequenceB_261/CAM2/image0148.bmp
sequenceB_261/CAM2/image0149.bmp
sequenceB_261/CAM2/image0150.bmp
sequenceB_261/CAM2/image0151.bmp
sequenceB_261/CAM2/image0152.bmp
sequenceB_261/CAM2/image0153.bmp
sequenceB_261/CAM2/image0154.bmp
sequenceB_261/CAM2/image0155.bmp
sequenceB_261/CAM2/image0156.bmp
sequenceB_261/CAM2/image0157.bmp
sequenceB_261/CAM2/image0158.bmp
sequenceB_261/CAM2/image0159.bmp
sequenceB_261/CAM2/image0160.bmp
sequenceB_261/CAM2/image0161.bmp
sequenceB_261/CAM2/image0162.bmp
sequenceB_261/CAM2/image0163.bmp
sequenceB_261/CAM2/image0164.bmp
sequenceB_261/CAM2/image0165.bmp
sequenceB_261/CAM2/image0166.bmp
sequenceB_261/CAM2/image0167.bmp
sequenceB_261/CAM2/image0168.bmp
sequenceB_261/CAM2/image0169.bmp
sequenceB_261/CAM2/image0170.bmp
sequenceB_261/CAM2/image0171.bmp
sequenceB_261/CAM2/image0172.bmp
sequenceB_261/CAM2/image0173.bmp
sequenceB_261/CAM2/image0174.bmp
sequenceB_261/CAM2/image0175.bmp
sequenceB_261/CAM2/image0176.bmp
sequenceB_261/CAM2/image0177.bmp
sequenceB_261/CAM2/image0178.bmp
sequenceB_261/CAM2/image0179.bmp
sequenceB_261/CAM2/image0180.bmp
sequenceB_261/CAM2/image0181.bmp
sequenceB_261/CAM2/image0182.bmp
sequenceB_261/CAM2/image0183.bmp
sequenceB_261/CAM2/image0184.bmp
sequenceB_261/CAM2/image0185.bmp
sequenceB_261/CAM2/image0186.bmp
sequenceB_261/CAM2/image0187.bmp
sequenceB_261/CAM2/image0188.bmp
sequenceB_261/CAM2/image0189.bmp
sequenceB_261/CAM2/image0190.bmp
sequenceB_261/CAM2/image0191.bmp
sequenceB_261/CAM2/image0192.bmp
sequenceB_261/CAM2/image0193.bmp
sequenceB_261/CAM2/image0194.bmp
sequenceB_261/CAM2/image0195.bmp
sequenceB_261/CAM2/image0196.bmp
sequenceB_261/CAM2/image0197.bmp
sequenceB_261/CAM2/image0198.bmp
sequenceB_261/CAM2/image0199.bmp
sequenceB_261/CAM2/image0200.bmp
sequenceB_261/CAM2/image0201.bmp
sequenceB_261/CAM2/image0202.bmp
sequenceB_261/CAM2/image0203.bmp
sequenceB_261/CAM2/image0204.bmp
sequenceB_261/CAM2/image0205.bmp
sequenceB_261/CAM2/image0206.bmp
sequenceB_261/CAM2/image0207.bmp
sequenceB_261/CAM2/image0208.bmp
sequenceB_261/CAM2/image0209.bmp
sequenceB_261/CAM2/image0210.bmp
sequenceB_261/CAM2/image0211.bmp
sequenceB_261/CAM2/image0212.bmp
sequenceB_261/CAM2/image0213.bmp
sequenceB_261/CAM2/image0214.bmp
sequenceB_261/CAM2/image0215.bmp
sequenceB_261/CAM2/image0216.bmp
sequenceB_261/CAM2/image0217.bmp
sequenceB_261/CAM2/image0218.bmp
sequenceB_261/CAM2/image0219.bmp
sequenceB_261/CAM2/image0220.bmp
sequenceB_261/CAM2/image0221.bmp
sequenceB_261/CAM2/image0222.bmp
sequenceB_261/CAM2/image0223.bmp
sequenceB_261/CAM2/image0224.bmp
sequenceB_261/CAM2/image0225.bmp
sequenceB_261/CAM2/image0226.bmp
sequenceB_261/CAM2/image0227.bmp
sequenceB_261/CAM2/image0228.bmp
sequenceB_261/CAM2/image0229.bmp
sequenceB_261/CAM2/image0230.bmp
sequenceB_261/CAM2/image0231.bmp
sequenceB_261/CAM2/image0232.bmp
sequenceB_261/CAM2/image0233.bmp
sequenceB_261/CAM2/image0234.bmp
sequenceB_261/CAM2/image0235.bmp
sequenceB_261/CAM2/image0236.bmp
sequenceB_261/CAM2/image0237.bmp
sequenceB_261/CAM2/image0238.bmp
sequenceB_261/CAM2/image0239.bmp
sequenceB_261/CAM2/image0240.bmp
sequenceB_261/CAM2/image0241.bmp
sequenceB_261/CAM2/image0242.bmp
sequenceB_261/CAM2/image0243.bmp
sequenceB_261/CAM2/image0244.bmp
sequenceB_261/CAM2/image0245.bmp
sequenceB_261/CAM2/image0246.bmp
sequenceB_261/CAM2/image0247.bmp
sequenceB_261/CAM2/image0248.bmp
sequenceB_261/CAM2/image0249.bmp
sequenceB_261/CAM2/image0250.bmp
sequenceB_261/CAM2/image0251.bmp
sequenceB_261/CAM2/image0252.bmp
sequenceB_261/CAM2/image0253.bmp
sequenceB_261/CAM2/image0254.bmp
sequenceB_261/CAM2/image0255.bmp
sequenceB_261/CAM2/image0256.bmp
sequenceB_261/CAM2/image0257.bmp
sequenceB_261/CAM2/image0258.bmp
sequenceB_261/CAM2/image0259.bmp
sequenceB_261/CAM2/image0260.bmp
sequenceB_261/CAM3/
sequenceB_261/CAM3/image0000.bmp
sequenceB_261/CAM3/image0001.bmp
sequenceB_261/CAM3/image0002.bmp
sequenceB_261/CAM3/image0003.bmp
sequenceB_261/CAM3/image0004.bmp
sequenceB_261/CAM3/image0005.bmp
sequenceB_261/CAM3/image0006.bmp
sequenceB_261/CAM3/image0007.bmp
sequenceB_261/CAM3/image0008.bmp
sequenceB_261/CAM3/image0009.bmp
sequenceB_261/CAM3/image0010.bmp
sequenceB_261/CAM3/image0011.bmp
sequenceB_261/CAM3/image0012.bmp
sequenceB_261/CAM3/image0013.bmp
sequenceB_261/CAM3/image0014.bmp
sequenceB_261/CAM3/image0015.bmp
sequenceB_261/CAM3/image0016.bmp
sequenceB_261/CAM3/image0017.bmp
sequenceB_261/CAM3/image0018.bmp
sequenceB_261/CAM3/image0019.bmp
sequenceB_261/CAM3/image0020.bmp
sequenceB_261/CAM3/image0021.bmp
sequenceB_261/CAM3/image0022.bmp
sequenceB_261/CAM3/image0023.bmp
sequenceB_261/CAM3/image0024.bmp
sequenceB_261/CAM3/image0025.bmp
sequenceB_261/CAM3/image0026.bmp
sequenceB_261/CAM3/image0027.bmp
sequenceB_261/CAM3/image0028.bmp
sequenceB_261/CAM3/image0029.bmp
sequenceB_261/CAM3/image0030.bmp
sequenceB_261/CAM3/image0031.bmp
sequenceB_261/CAM3/image0032.bmp
sequenceB_261/CAM3/image0033.bmp
sequenceB_261/CAM3/image0034.bmp
sequenceB_261/CAM3/image0035.bmp
sequenceB_261/CAM3/image0036.bmp
sequenceB_261/CAM3/image0037.bmp
sequenceB_261/CAM3/image0038.bmp
sequenceB_261/CAM3/image0039.bmp
sequenceB_261/CAM3/image0040.bmp
sequenceB_261/CAM3/image0041.bmp
sequenceB_261/CAM3/image0042.bmp
sequenceB_261/CAM3/image0043.bmp
sequenceB_261/CAM3/image0044.bmp
sequenceB_261/CAM3/image0045.bmp
sequenceB_261/CAM3/image0046.bmp
sequenceB_261/CAM3/image0047.bmp
sequenceB_261/CAM3/image0048.bmp
sequenceB_261/CAM3/image0049.bmp
sequenceB_261/CAM3/image0050.bmp
sequenceB_261/CAM3/image0051.bmp
sequenceB_261/CAM3/image0052.bmp
sequenceB_261/CAM3/image0053.bmp
sequenceB_261/CAM3/image0054.bmp
sequenceB_261/CAM3/image0055.bmp
sequenceB_261/CAM3/image0056.bmp
sequenceB_261/CAM3/image0057.bmp
sequenceB_261/CAM3/image0058.bmp
sequenceB_261/CAM3/image0059.bmp
sequenceB_261/CAM3/image0060.bmp
sequenceB_261/CAM3/image0061.bmp
sequenceB_261/CAM3/image0062.bmp
sequenceB_261/CAM3/image0063.bmp
sequenceB_261/CAM3/image0064.bmp
sequenceB_261/CAM3/image0065.bmp
sequenceB_261/CAM3/image0066.bmp
sequenceB_261/CAM3/image0067.bmp
sequenceB_261/CAM3/image0068.bmp
sequenceB_261/CAM3/image0069.bmp
sequenceB_261/CAM3/image0070.bmp
sequenceB_261/CAM3/image0071.bmp
sequenceB_261/CAM3/image0072.bmp
sequenceB_261/CAM3/image0073.bmp
sequenceB_261/CAM3/image0074.bmp
sequenceB_261/CAM3/image0075.bmp
sequenceB_261/CAM3/image0076.bmp
sequenceB_261/CAM3/image0077.bmp
sequenceB_261/CAM3/image0078.bmp
sequenceB_261/CAM3/image0079.bmp
sequenceB_261/CAM3/image0080.bmp
sequenceB_261/CAM3/image0081.bmp
sequenceB_261/CAM3/image0082.bmp
sequenceB_261/CAM3/image0083.bmp
sequenceB_261/CAM3/image0084.bmp
sequenceB_261/CAM3/image0085.bmp
sequenceB_261/CAM3/image0086.bmp
sequenceB_261/CAM3/image0087.bmp
sequenceB_261/CAM3/image0088.bmp
sequenceB_261/CAM3/image0089.bmp
sequenceB_261/CAM3/image0090.bmp
sequenceB_261/CAM3/image0091.bmp
sequenceB_261/CAM3/image0092.bmp
sequenceB_261/CAM3/image0093.bmp
sequenceB_261/CAM3/image0094.bmp
sequenceB_261/CAM3/image0095.bmp
sequenceB_261/CAM3/image0096.bmp
sequenceB_261/CAM3/image0097.bmp
sequenceB_261/CAM3/image0098.bmp
sequenceB_261/CAM3/image0099.bmp
sequenceB_261/CAM3/image0100.bmp
sequenceB_261/CAM3/image0101.bmp
sequenceB_261/CAM3/image0102.bmp
sequenceB_261/CAM3/image0103.bmp
sequenceB_261/CAM3/image0104.bmp
sequenceB_261/CAM3/image0105.bmp
sequenceB_261/CAM3/image0106.bmp
sequenceB_261/CAM3/image0107.bmp
sequenceB_261/CAM3/image0108.bmp
sequenceB_261/CAM3/image0109.bmp
sequenceB_261/CAM3/image0110.bmp
sequenceB_261/CAM3/image0111.bmp
sequenceB_261/CAM3/image0112.bmp
sequenceB_261/CAM3/image0113.bmp
sequenceB_261/CAM3/image0114.bmp
sequenceB_261/CAM3/image0115.bmp
sequenceB_261/CAM3/image0116.bmp
sequenceB_261/CAM3/image0117.bmp
sequenceB_261/CAM3/image0118.bmp
sequenceB_261/CAM3/image0119.bmp
sequenceB_261/CAM3/image0120.bmp
sequenceB_261/CAM3/image0121.bmp
sequenceB_261/CAM3/image0122.bmp
sequenceB_261/CAM3/image0123.bmp
sequenceB_261/CAM3/image0124.bmp
sequenceB_261/CAM3/image0125.bmp
sequenceB_261/CAM3/image0126.bmp
sequenceB_261/CAM3/image0127.bmp
sequenceB_261/CAM3/image0128.bmp
sequenceB_261/CAM3/image0129.bmp
sequenceB_261/CAM3/image0130.bmp
sequenceB_261/CAM3/image0131.bmp
sequenceB_261/CAM3/image0132.bmp
sequenceB_261/CAM3/image0133.bmp
sequenceB_261/CAM3/image0134.bmp
sequenceB_261/CAM3/image0135.bmp
sequenceB_261/CAM3/image0136.bmp
sequenceB_261/CAM3/image0137.bmp
sequenceB_261/CAM3/image0138.bmp
sequenceB_261/CAM3/image0139.bmp
sequenceB_261/CAM3/image0140.bmp
sequenceB_261/CAM3/image0141.bmp
sequenceB_261/CAM3/image0142.bmp
sequenceB_261/CAM3/image0143.bmp
sequenceB_261/CAM3/image0144.bmp
sequenceB_261/CAM3/image0145.bmp
sequenceB_261/CAM3/image0146.bmp
sequenceB_261/CAM3/image0147.bmp
sequenceB_261/CAM3/image0148.bmp
sequenceB_261/CAM3/image0149.bmp
sequenceB_261/CAM3/image0150.bmp
sequenceB_261/CAM3/image0151.bmp
sequenceB_261/CAM3/image0152.bmp
sequenceB_261/CAM3/image0153.bmp
sequenceB_261/CAM3/image0154.bmp
sequenceB_261/CAM3/image0155.bmp
sequenceB_261/CAM3/image0156.bmp
sequenceB_261/CAM3/image0157.bmp
sequenceB_261/CAM3/image0158.bmp
sequenceB_261/CAM3/image0159.bmp
sequenceB_261/CAM3/image0160.bmp
sequenceB_261/CAM3/image0161.bmp
sequenceB_261/CAM3/image0162.bmp
sequenceB_261/CAM3/image0163.bmp
sequenceB_261/CAM3/image0164.bmp
sequenceB_261/CAM3/image0165.bmp
sequenceB_261/CAM3/image0166.bmp
sequenceB_261/CAM3/image0167.bmp
sequenceB_261/CAM3/image0168.bmp
sequenceB_261/CAM3/image0169.bmp
sequenceB_261/CAM3/image0170.bmp
sequenceB_261/CAM3/image0171.bmp
sequenceB_261/CAM3/image0172.bmp
sequenceB_261/CAM3/image0173.bmp
sequenceB_261/CAM3/image0174.bmp
sequenceB_261/CAM3/image0175.bmp
sequenceB_261/CAM3/image0176.bmp
sequenceB_261/CAM3/image0177.bmp
sequenceB_261/CAM3/image0178.bmp
sequenceB_261/CAM3/image0179.bmp
sequenceB_261/CAM3/image0180.bmp
sequenceB_261/CAM3/image0181.bmp
sequenceB_261/CAM3/image0182.bmp
sequenceB_261/CAM3/image0183.bmp
sequenceB_261/CAM3/image0184.bmp
sequenceB_261/CAM3/image0185.bmp
sequenceB_261/CAM3/image0186.bmp
sequenceB_261/CAM3/image0187.bmp
sequenceB_261/CAM3/image0188.bmp
sequenceB_261/CAM3/image0189.bmp
sequenceB_261/CAM3/image0190.bmp
sequenceB_261/CAM3/image0191.bmp
sequenceB_261/CAM3/image0192.bmp
sequenceB_261/CAM3/image0193.bmp
sequenceB_261/CAM3/image0194.bmp
sequenceB_261/CAM3/image0195.bmp
sequenceB_261/CAM3/image0196.bmp
sequenceB_261/CAM3/image0197.bmp
sequenceB_261/CAM3/image0198.bmp
sequenceB_261/CAM3/image0199.bmp
sequenceB_261/CAM3/image0200.bmp
sequenceB_261/CAM3/image0201.bmp
sequenceB_261/CAM3/image0202.bmp
sequenceB_261/CAM3/image0203.bmp
sequenceB_261/CAM3/image0204.bmp
sequenceB_261/CAM3/image0205.bmp
sequenceB_261/CAM3/image0206.bmp
sequenceB_261/CAM3/image0207.bmp
sequenceB_261/CAM3/image0208.bmp
sequenceB_261/CAM3/image0209.bmp
sequenceB_261/CAM3/image0210.bmp
sequenceB_261/CAM3/image0211.bmp
sequenceB_261/CAM3/image0212.bmp
sequenceB_261/CAM3/image0213.bmp
sequenceB_261/CAM3/image0214.bmp
sequenceB_261/CAM3/image0215.bmp
sequenceB_261/CAM3/image0216.bmp
sequenceB_261/CAM3/image0217.bmp
sequenceB_261/CAM3/image0218.bmp
sequenceB_261/CAM3/image0219.bmp
sequenceB_261/CAM3/image0220.bmp
sequenceB_261/CAM3/image0221.bmp
sequenceB_261/CAM3/image0222.bmp
sequenceB_261/CAM3/image0223.bmp
sequenceB_261/CAM3/image0224.bmp
sequenceB_261/CAM3/image0225.bmp
sequenceB_261/CAM3/image0226.bmp
sequenceB_261/CAM3/image0227.bmp
sequenceB_261/CAM3/image0228.bmp
sequenceB_261/CAM3/image0229.bmp
sequenceB_261/CAM3/image0230.bmp
sequenceB_261/CAM3/image0231.bmp
sequenceB_261/CAM3/image0232.bmp
sequenceB_261/CAM3/image0233.bmp
sequenceB_261/CAM3/image0234.bmp
sequenceB_261/CAM3/image0235.bmp
sequenceB_261/CAM3/image0236.bmp
sequenceB_261/CAM3/image0237.bmp
sequenceB_261/CAM3/image0238.bmp
sequenceB_261/CAM3/image0239.bmp
sequenceB_261/CAM3/image0240.bmp
sequenceB_261/CAM3/image0241.bmp
sequenceB_261/CAM3/image0242.bmp
sequenceB_261/CAM3/image0243.bmp
sequenceB_261/CAM3/image0244.bmp
sequenceB_261/CAM3/image0245.bmp
sequenceB_261/CAM3/image0246.bmp
sequenceB_261/CAM3/image0247.bmp
sequenceB_261/CAM3/image0248.bmp
sequenceB_261/CAM3/image0249.bmp
sequenceB_261/CAM3/image0250.bmp
sequenceB_261/CAM3/image0251.bmp
sequenceB_261/CAM3/image0252.bmp
sequenceB_261/CAM3/image0253.bmp
sequenceB_261/CAM3/image0254.bmp
sequenceB_261/CAM3/image0255.bmp
sequenceB_261/CAM3/image0256.bmp
sequenceB_261/CAM3/image0257.bmp
sequenceB_261/CAM3/image0258.bmp
sequenceB_261/CAM3/image0259.bmp
sequenceB_261/CAM3/image0260.bmp
sequenceB_261/CAM4/
sequenceB_261/CAM4/image0000.bmp
sequenceB_261/CAM4/image0001.bmp
sequenceB_261/CAM4/image0002.bmp
sequenceB_261/CAM4/image0003.bmp
sequenceB_261/CAM4/image0004.bmp
sequenceB_261/CAM4/image0005.bmp
sequenceB_261/CAM4/image0006.bmp
sequenceB_261/CAM4/image0007.bmp
sequenceB_261/CAM4/image0008.bmp
sequenceB_261/CAM4/image0009.bmp
sequenceB_261/CAM4/image0010.bmp
sequenceB_261/CAM4/image0011.bmp
sequenceB_261/CAM4/image0012.bmp
sequenceB_261/CAM4/image0013.bmp
sequenceB_261/CAM4/image0014.bmp
sequenceB_261/CAM4/image0015.bmp
sequenceB_261/CAM4/image0016.bmp
sequenceB_261/CAM4/image0017.bmp
sequenceB_261/CAM4/image0018.bmp
sequenceB_261/CAM4/image0019.bmp
sequenceB_261/CAM4/image0020.bmp
sequenceB_261/CAM4/image0021.bmp
sequenceB_261/CAM4/image0022.bmp
sequenceB_261/CAM4/image0023.bmp
sequenceB_261/CAM4/image0024.bmp
sequenceB_261/CAM4/image0025.bmp
sequenceB_261/CAM4/image0026.bmp
sequenceB_261/CAM4/image0027.bmp
sequenceB_261/CAM4/image0028.bmp
sequenceB_261/CAM4/image0029.bmp
sequenceB_261/CAM4/image0030.bmp
sequenceB_261/CAM4/image0031.bmp
sequenceB_261/CAM4/image0032.bmp
sequenceB_261/CAM4/image0033.bmp
sequenceB_261/CAM4/image0034.bmp
sequenceB_261/CAM4/image0035.bmp
sequenceB_261/CAM4/image0036.bmp
sequenceB_261/CAM4/image0037.bmp
sequenceB_261/CAM4/image0038.bmp
sequenceB_261/CAM4/image0039.bmp
sequenceB_261/CAM4/image0040.bmp
sequenceB_261/CAM4/image0041.bmp
sequenceB_261/CAM4/image0042.bmp
sequenceB_261/CAM4/image0043.bmp
sequenceB_261/CAM4/image0044.bmp
sequenceB_261/CAM4/image0045.bmp
sequenceB_261/CAM4/image0046.bmp
sequenceB_261/CAM4/image0047.bmp
sequenceB_261/CAM4/image0048.bmp
sequenceB_261/CAM4/image0049.bmp
sequenceB_261/CAM4/image0050.bmp
sequenceB_261/CAM4/image0051.bmp
sequenceB_261/CAM4/image0052.bmp
sequenceB_261/CAM4/image0053.bmp
sequenceB_261/CAM4/image0054.bmp
sequenceB_261/CAM4/image0055.bmp
sequenceB_261/CAM4/image0056.bmp
sequenceB_261/CAM4/image0057.bmp
sequenceB_261/CAM4/image0058.bmp
sequenceB_261/CAM4/image0059.bmp
sequenceB_261/CAM4/image0060.bmp
sequenceB_261/CAM4/image0061.bmp
sequenceB_261/CAM4/image0062.bmp
sequenceB_261/CAM4/image0063.bmp
sequenceB_261/CAM4/image0064.bmp
sequenceB_261/CAM4/image0065.bmp
sequenceB_261/CAM4/image0066.bmp
sequenceB_261/CAM4/image0067.bmp
sequenceB_261/CAM4/image0068.bmp
sequenceB_261/CAM4/image0069.bmp
sequenceB_261/CAM4/image0070.bmp
sequenceB_261/CAM4/image0071.bmp
sequenceB_261/CAM4/image0072.bmp
sequenceB_261/CAM4/image0073.bmp
sequenceB_261/CAM4/image0074.bmp
sequenceB_261/CAM4/image0075.bmp
sequenceB_261/CAM4/image0076.bmp
sequenceB_261/CAM4/image0077.bmp
sequenceB_261/CAM4/image0078.bmp
sequenceB_261/CAM4/image0079.bmp
sequenceB_261/CAM4/image0080.bmp
sequenceB_261/CAM4/image0081.bmp
sequenceB_261/CAM4/image0082.bmp
sequenceB_261/CAM4/image0083.bmp
sequenceB_261/CAM4/image0084.bmp
sequenceB_261/CAM4/image0085.bmp
sequenceB_261/CAM4/image0086.bmp
sequenceB_261/CAM4/image0087.bmp
sequenceB_261/CAM4/image0088.bmp
sequenceB_261/CAM4/image0089.bmp
sequenceB_261/CAM4/image0090.bmp
sequenceB_261/CAM4/image0091.bmp
sequenceB_261/CAM4/image0092.bmp
sequenceB_261/CAM4/image0093.bmp
sequenceB_261/CAM4/image0094.bmp
sequenceB_261/CAM4/image0095.bmp
sequenceB_261/CAM4/image0096.bmp
sequenceB_261/CAM4/image0097.bmp
sequenceB_261/CAM4/image0098.bmp
sequenceB_261/CAM4/image0099.bmp
sequenceB_261/CAM4/image0100.bmp
sequenceB_261/CAM4/image0101.bmp
sequenceB_261/CAM4/image0102.bmp
sequenceB_261/CAM4/image0103.bmp
sequenceB_261/CAM4/image0104.bmp
sequenceB_261/CAM4/image0105.bmp
sequenceB_261/CAM4/image0106.bmp
sequenceB_261/CAM4/image0107.bmp
sequenceB_261/CAM4/image0108.bmp
sequenceB_261/CAM4/image0109.bmp
sequenceB_261/CAM4/image0110.bmp
sequenceB_261/CAM4/image0111.bmp
sequenceB_261/CAM4/image0112.bmp
sequenceB_261/CAM4/image0113.bmp
sequenceB_261/CAM4/image0114.bmp
sequenceB_261/CAM4/image0115.bmp
sequenceB_261/CAM4/image0116.bmp
sequenceB_261/CAM4/image0117.bmp
sequenceB_261/CAM4/image0118.bmp
sequenceB_261/CAM4/image0119.bmp
sequenceB_261/CAM4/image0120.bmp
sequenceB_261/CAM4/image0121.bmp
sequenceB_261/CAM4/image0122.bmp
sequenceB_261/CAM4/image0123.bmp
sequenceB_261/CAM4/image0124.bmp
sequenceB_261/CAM4/image0125.bmp
sequenceB_261/CAM4/image0126.bmp
sequenceB_261/CAM4/image0127.bmp
sequenceB_261/CAM4/image0128.bmp
sequenceB_261/CAM4/image0129.bmp
sequenceB_261/CAM4/image0130.bmp
sequenceB_261/CAM4/image0131.bmp
sequenceB_261/CAM4/image0132.bmp
sequenceB_261/CAM4/image0133.bmp
sequenceB_261/CAM4/image0134.bmp
sequenceB_261/CAM4/image0135.bmp
sequenceB_261/CAM4/image0136.bmp
sequenceB_261/CAM4/image0137.bmp
sequenceB_261/CAM4/image0138.bmp
sequenceB_261/CAM4/image0139.bmp
sequenceB_261/CAM4/image0140.bmp
sequenceB_261/CAM4/image0141.bmp
sequenceB_261/CAM4/image0142.bmp
sequenceB_261/CAM4/image0143.bmp
sequenceB_261/CAM4/image0144.bmp
sequenceB_261/CAM4/image0145.bmp
sequenceB_261/CAM4/image0146.bmp
sequenceB_261/CAM4/image0147.bmp
sequenceB_261/CAM4/image0148.bmp
sequenceB_261/CAM4/image0149.bmp
sequenceB_261/CAM4/image0150.bmp
sequenceB_261/CAM4/image0151.bmp
sequenceB_261/CAM4/image0152.bmp
sequenceB_261/CAM4/image0153.bmp
sequenceB_261/CAM4/image0154.bmp
sequenceB_261/CAM4/image0155.bmp
sequenceB_261/CAM4/image0156.bmp
sequenceB_261/CAM4/image0157.bmp
sequenceB_261/CAM4/image0158.bmp
sequenceB_261/CAM4/image0159.bmp
sequenceB_261/CAM4/image0160.bmp
sequenceB_261/CAM4/image0161.bmp
sequenceB_261/CAM4/image0162.bmp
sequenceB_261/CAM4/image0163.bmp
sequenceB_261/CAM4/image0164.bmp
sequenceB_261/CAM4/image0165.bmp
sequenceB_261/CAM4/image0166.bmp
sequenceB_261/CAM4/image0167.bmp
sequenceB_261/CAM4/image0168.bmp
sequenceB_261/CAM4/image0169.bmp
sequenceB_261/CAM4/image0170.bmp
sequenceB_261/CAM4/image0171.bmp
sequenceB_261/CAM4/image0172.bmp
sequenceB_261/CAM4/image0173.bmp
sequenceB_261/CAM4/image0174.bmp
sequenceB_261/CAM4/image0175.bmp
sequenceB_261/CAM4/image0176.bmp
sequenceB_261/CAM4/image0177.bmp
sequenceB_261/CAM4/image0178.bmp
sequenceB_261/CAM4/image0179.bmp
sequenceB_261/CAM4/image0180.bmp
sequenceB_261/CAM4/image0181.bmp
sequenceB_261/CAM4/image0182.bmp
sequenceB_261/CAM4/image0183.bmp
sequenceB_261/CAM4/image0184.bmp
sequenceB_261/CAM4/image0185.bmp
sequenceB_261/CAM4/image0186.bmp
sequenceB_261/CAM4/image0187.bmp
sequenceB_261/CAM4/image0188.bmp
sequenceB_261/CAM4/image0189.bmp
sequenceB_261/CAM4/image0190.bmp
sequenceB_261/CAM4/image0191.bmp
sequenceB_261/CAM4/image0192.bmp
sequenceB_261/CAM4/image0193.bmp
sequenceB_261/CAM4/image0194.bmp
sequenceB_261/CAM4/image0195.bmp
sequenceB_261/CAM4/image0196.bmp
sequenceB_261/CAM4/image0197.bmp
sequenceB_261/CAM4/image0198.bmp
sequenceB_261/CAM4/image0199.bmp
sequenceB_261/CAM4/image0200.bmp
sequenceB_261/CAM4/image0201.bmp
sequenceB_261/CAM4/image0202.bmp
sequenceB_261/CAM4/image0203.bmp
sequenceB_261/CAM4/image0204.bmp
sequenceB_261/CAM4/image0205.bmp
sequenceB_261/CAM4/image0206.bmp
sequenceB_261/CAM4/image0207.bmp
sequenceB_261/CAM4/image0208.bmp
sequenceB_261/CAM4/image0209.bmp
sequenceB_261/CAM4/image0210.bmp
sequenceB_261/CAM4/image0211.bmp
sequenceB_261/CAM4/image0212.bmp
sequenceB_261/CAM4/image0213.bmp
sequenceB_261/CAM4/image0214.bmp
sequenceB_261/CAM4/image0215.bmp
sequenceB_261/CAM4/image0216.bmp
sequenceB_261/CAM4/image0217.bmp
sequenceB_261/CAM4/image0218.bmp
sequenceB_261/CAM4/image0219.bmp
sequenceB_261/CAM4/image0220.bmp
sequenceB_261/CAM4/image0221.bmp
sequenceB_261/CAM4/image0222.bmp
sequenceB_261/CAM4/image0223.bmp
sequenceB_261/CAM4/image0224.bmp
sequenceB_261/CAM4/image0225.bmp
sequenceB_261/CAM4/image0226.bmp
sequenceB_261/CAM4/image0227.bmp
sequenceB_261/CAM4/image0228.bmp
sequenceB_261/CAM4/image0229.bmp
sequenceB_261/CAM4/image0230.bmp
sequenceB_261/CAM4/image0231.bmp
sequenceB_261/CAM4/image0232.bmp
sequenceB_261/CAM4/image0233.bmp
sequenceB_261/CAM4/image0234.bmp
sequenceB_261/CAM4/image0235.bmp
sequenceB_261/CAM4/image0236.bmp
sequenceB_261/CAM4/image0237.bmp
sequenceB_261/CAM4/image0238.bmp
sequenceB_261/CAM4/image0239.bmp
sequenceB_261/CAM4/image0240.bmp
sequenceB_261/CAM4/image0241.bmp
sequenceB_261/CAM4/image0242.bmp
sequenceB_261/CAM4/image0243.bmp
sequenceB_261/CAM4/image0244.bmp
sequenceB_261/CAM4/image0245.bmp
sequenceB_261/CAM4/image0246.bmp
sequenceB_261/CAM4/image0247.bmp
sequenceB_261/CAM4/image0248.bmp
sequenceB_261/CAM4/image0249.bmp
sequenceB_261/CAM4/image0250.bmp
sequenceB_261/CAM4/image0251.bmp
sequenceB_261/CAM4/image0252.bmp
sequenceB_261/CAM4/image0253.bmp
sequenceB_261/CAM4/image0254.bmp
sequenceB_261/CAM4/image0255.bmp
sequenceB_261/CAM4/image0256.bmp
sequenceB_261/CAM4/image0257.bmp
sequenceB_261/CAM4/image0258.bmp
sequenceB_261/CAM4/image0259.bmp
sequenceB_261/CAM4/image0260.bmp
sequenceB_261/FG1/
sequenceB_261/FG1/image0000.bmp
sequenceB_261/FG1/image0001.bmp
sequenceB_261/FG1/image0002.bmp
sequenceB_261/FG1/image0003.bmp
sequenceB_261/FG1/image0004.bmp
sequenceB_261/FG1/image0005.bmp
sequenceB_261/FG1/image0006.bmp
sequenceB_261/FG1/image0007.bmp
sequenceB_261/FG1/image0008.bmp
sequenceB_261/FG1/image0009.bmp
sequenceB_261/FG1/image0010.bmp
sequenceB_261/FG1/image0011.bmp
sequenceB_261/FG1/image0012.bmp
sequenceB_261/FG1/image0013.bmp
sequenceB_261/FG1/image0014.bmp
sequenceB_261/FG1/image0015.bmp
sequenceB_261/FG1/image0016.bmp
sequenceB_261/FG1/image0017.bmp
sequenceB_261/FG1/image0018.bmp
sequenceB_261/FG1/image0019.bmp
sequenceB_261/FG1/image0020.bmp
sequenceB_261/FG1/image0021.bmp
sequenceB_261/FG1/image0022.bmp
sequenceB_261/FG1/image0023.bmp
sequenceB_261/FG1/image0024.bmp
sequenceB_261/FG1/image0025.bmp
sequenceB_261/FG1/image0026.bmp
sequenceB_261/FG1/image0027.bmp
sequenceB_261/FG1/image0028.bmp
sequenceB_261/FG1/image0029.bmp
sequenceB_261/FG1/image0030.bmp
sequenceB_261/FG1/image0031.bmp
sequenceB_261/FG1/image0032.bmp
sequenceB_261/FG1/image0033.bmp
sequenceB_261/FG1/image0034.bmp
sequenceB_261/FG1/image0035.bmp
sequenceB_261/FG1/image0036.bmp
sequenceB_261/FG1/image0037.bmp
sequenceB_261/FG1/image0038.bmp
sequenceB_261/FG1/image0039.bmp
sequenceB_261/FG1/image0040.bmp
sequenceB_261/FG1/image0041.bmp
sequenceB_261/FG1/image0042.bmp
sequenceB_261/FG1/image0043.bmp
sequenceB_261/FG1/image0044.bmp
sequenceB_261/FG1/image0045.bmp
sequenceB_261/FG1/image0046.bmp
sequenceB_261/FG1/image0047.bmp
sequenceB_261/FG1/image0048.bmp
sequenceB_261/FG1/image0049.bmp
sequenceB_261/FG1/image0050.bmp
sequenceB_261/FG1/image0051.bmp
sequenceB_261/FG1/image0052.bmp
sequenceB_261/FG1/image0053.bmp
sequenceB_261/FG1/image0054.bmp
sequenceB_261/FG1/image0055.bmp
sequenceB_261/FG1/image0056.bmp
sequenceB_261/FG1/image0057.bmp
sequenceB_261/FG1/image0058.bmp
sequenceB_261/FG1/image0059.bmp
sequenceB_261/FG1/image0060.bmp
sequenceB_261/FG1/image0061.bmp
sequenceB_261/FG1/image0062.bmp
sequenceB_261/FG1/image0063.bmp
sequenceB_261/FG1/image0064.bmp
sequenceB_261/FG1/image0065.bmp
sequenceB_261/FG1/image0066.bmp
sequenceB_261/FG1/image0067.bmp
sequenceB_261/FG1/image0068.bmp
sequenceB_261/FG1/image0069.bmp
sequenceB_261/FG1/image0070.bmp
sequenceB_261/FG1/image0071.bmp
sequenceB_261/FG1/image0072.bmp
sequenceB_261/FG1/image0073.bmp
sequenceB_261/FG1/image0074.bmp
sequenceB_261/FG1/image0075.bmp
sequenceB_261/FG1/image0076.bmp
sequenceB_261/FG1/image0077.bmp
sequenceB_261/FG1/image0078.bmp
sequenceB_261/FG1/image0079.bmp
sequenceB_261/FG1/image0080.bmp
sequenceB_261/FG1/image0081.bmp
sequenceB_261/FG1/image0082.bmp
sequenceB_261/FG1/image0083.bmp
sequenceB_261/FG1/image0084.bmp
sequenceB_261/FG1/image0085.bmp
sequenceB_261/FG1/image0086.bmp
sequenceB_261/FG1/image0087.bmp
sequenceB_261/FG1/image0088.bmp
sequenceB_261/FG1/image0089.bmp
sequenceB_261/FG1/image0090.bmp
sequenceB_261/FG1/image0091.bmp
sequenceB_261/FG1/image0092.bmp
sequenceB_261/FG1/image0093.bmp
sequenceB_261/FG1/image0094.bmp
sequenceB_261/FG1/image0095.bmp
sequenceB_261/FG1/image0096.bmp
sequenceB_261/FG1/image0097.bmp
sequenceB_261/FG1/image0098.bmp
sequenceB_261/FG1/image0099.bmp
sequenceB_261/FG1/image0100.bmp
sequenceB_261/FG1/image0101.bmp
sequenceB_261/FG1/image0102.bmp
sequenceB_261/FG1/image0103.bmp
sequenceB_261/FG1/image0104.bmp
sequenceB_261/FG1/image0105.bmp
sequenceB_261/FG1/image0106.bmp
sequenceB_261/FG1/image0107.bmp
sequenceB_261/FG1/image0108.bmp
sequenceB_261/FG1/image0109.bmp
sequenceB_261/FG1/image0110.bmp
sequenceB_261/FG1/image0111.bmp
sequenceB_261/FG1/image0112.bmp
sequenceB_261/FG1/image0113.bmp
sequenceB_261/FG1/image0114.bmp
sequenceB_261/FG1/image0115.bmp
sequenceB_261/FG1/image0116.bmp
sequenceB_261/FG1/image0117.bmp
sequenceB_261/FG1/image0118.bmp
sequenceB_261/FG1/image0119.bmp
sequenceB_261/FG1/image0120.bmp
sequenceB_261/FG1/image0121.bmp
sequenceB_261/FG1/image0122.bmp
sequenceB_261/FG1/image0123.bmp
sequenceB_261/FG1/image0124.bmp
sequenceB_261/FG1/image0125.bmp
sequenceB_261/FG1/image0126.bmp
sequenceB_261/FG1/image0127.bmp
sequenceB_261/FG1/image0128.bmp
sequenceB_261/FG1/image0129.bmp
sequenceB_261/FG1/image0130.bmp
sequenceB_261/FG1/image0131.bmp
sequenceB_261/FG1/image0132.bmp
sequenceB_261/FG1/image0133.bmp
sequenceB_261/FG1/image0134.bmp
sequenceB_261/FG1/image0135.bmp
sequenceB_261/FG1/image0136.bmp
sequenceB_261/FG1/image0137.bmp
sequenceB_261/FG1/image0138.bmp
sequenceB_261/FG1/image0139.bmp
sequenceB_261/FG1/image0140.bmp
sequenceB_261/FG1/image0141.bmp
sequenceB_261/FG1/image0142.bmp
sequenceB_261/FG1/image0143.bmp
sequenceB_261/FG1/image0144.bmp
sequenceB_261/FG1/image0145.bmp
sequenceB_261/FG1/image0146.bmp
sequenceB_261/FG1/image0147.bmp
sequenceB_261/FG1/image0148.bmp
sequenceB_261/FG1/image0149.bmp
sequenceB_261/FG1/image0150.bmp
sequenceB_261/FG1/image0151.bmp
sequenceB_261/FG1/image0152.bmp
sequenceB_261/FG1/image0153.bmp
sequenceB_261/FG1/image0154.bmp
sequenceB_261/FG1/image0155.bmp
sequenceB_261/FG1/image0156.bmp
sequenceB_261/FG1/image0157.bmp
sequenceB_261/FG1/image0158.bmp
sequenceB_261/FG1/image0159.bmp
sequenceB_261/FG1/image0160.bmp
sequenceB_261/FG1/image0161.bmp
sequenceB_261/FG1/image0162.bmp
sequenceB_261/FG1/image0163.bmp
sequenceB_261/FG1/image0164.bmp
sequenceB_261/FG1/image0165.bmp
sequenceB_261/FG1/image0166.bmp
sequenceB_261/FG1/image0167.bmp
sequenceB_261/FG1/image0168.bmp
sequenceB_261/FG1/image0169.bmp
sequenceB_261/FG1/image0170.bmp
sequenceB_261/FG1/image0171.bmp
sequenceB_261/FG1/image0172.bmp
sequenceB_261/FG1/image0173.bmp
sequenceB_261/FG1/image0174.bmp
sequenceB_261/FG1/image0175.bmp
sequenceB_261/FG1/image0176.bmp
sequenceB_261/FG1/image0177.bmp
sequenceB_261/FG1/image0178.bmp
sequenceB_261/FG1/image0179.bmp
sequenceB_261/FG1/image0180.bmp
sequenceB_261/FG1/image0181.bmp
sequenceB_261/FG1/image0182.bmp
sequenceB_261/FG1/image0183.bmp
sequenceB_261/FG1/image0184.bmp
sequenceB_261/FG1/image0185.bmp
sequenceB_261/FG1/image0186.bmp
sequenceB_261/FG1/image0187.bmp
sequenceB_261/FG1/image0188.bmp
sequenceB_261/FG1/image0189.bmp
sequenceB_261/FG1/image0190.bmp
sequenceB_261/FG1/image0191.bmp
sequenceB_261/FG1/image0192.bmp
sequenceB_261/FG1/image0193.bmp
sequenceB_261/FG1/image0194.bmp
sequenceB_261/FG1/image0195.bmp
sequenceB_261/FG1/image0196.bmp
sequenceB_261/FG1/image0197.bmp
sequenceB_261/FG1/image0198.bmp
sequenceB_261/FG1/image0199.bmp
sequenceB_261/FG1/image0200.bmp
sequenceB_261/FG1/image0201.bmp
sequenceB_261/FG1/image0202.bmp
sequenceB_261/FG1/image0203.bmp
sequenceB_261/FG1/image0204.bmp
sequenceB_261/FG1/image0205.bmp
sequenceB_261/FG1/image0206.bmp
sequenceB_261/FG1/image0207.bmp
sequenceB_261/FG1/image0208.bmp
sequenceB_261/FG1/image0209.bmp
sequenceB_261/FG1/image0210.bmp
sequenceB_261/FG1/image0211.bmp
sequenceB_261/FG1/image0212.bmp
sequenceB_261/FG1/image0213.bmp
sequenceB_261/FG1/image0214.bmp
sequenceB_261/FG1/image0215.bmp
sequenceB_261/FG1/image0216.bmp
sequenceB_261/FG1/image0217.bmp
sequenceB_261/FG1/image0218.bmp
sequenceB_261/FG1/image0219.bmp
sequenceB_261/FG1/image0220.bmp
sequenceB_261/FG1/image0221.bmp
sequenceB_261/FG1/image0222.bmp
sequenceB_261/FG1/image0223.bmp
sequenceB_261/FG1/image0224.bmp
sequenceB_261/FG1/image0225.bmp
sequenceB_261/FG1/image0226.bmp
sequenceB_261/FG1/image0227.bmp
sequenceB_261/FG1/image0228.bmp
sequenceB_261/FG1/image0229.bmp
sequenceB_261/FG1/image0230.bmp
sequenceB_261/FG1/image0231.bmp
sequenceB_261/FG1/image0232.bmp
sequenceB_261/FG1/image0233.bmp
sequenceB_261/FG1/image0234.bmp
sequenceB_261/FG1/image0235.bmp
sequenceB_261/FG1/image0236.bmp
sequenceB_261/FG1/image0237.bmp
sequenceB_261/FG1/image0238.bmp
sequenceB_261/FG1/image0239.bmp
sequenceB_261/FG1/image0240.bmp
sequenceB_261/FG1/image0241.bmp
sequenceB_261/FG1/image0242.bmp
sequenceB_261/FG1/image0243.bmp
sequenceB_261/FG1/image0244.bmp
sequenceB_261/FG1/image0245.bmp
sequenceB_261/FG1/image0246.bmp
sequenceB_261/FG1/image0247.bmp
sequenceB_261/FG1/image0248.bmp
sequenceB_261/FG1/image0249.bmp
sequenceB_261/FG1/image0250.bmp
sequenceB_261/FG1/image0251.bmp
sequenceB_261/FG1/image0252.bmp
sequenceB_261/FG1/image0253.bmp
sequenceB_261/FG1/image0254.bmp
sequenceB_261/FG1/image0255.bmp
sequenceB_261/FG1/image0256.bmp
sequenceB_261/FG1/image0257.bmp
sequenceB_261/FG1/image0258.bmp
sequenceB_261/FG1/image0259.bmp
sequenceB_261/FG1/image0260.bmp
sequenceB_261/FG2/
sequenceB_261/FG2/image0000.bmp
sequenceB_261/FG2/image0001.bmp
sequenceB_261/FG2/image0002.bmp
sequenceB_261/FG2/image0003.bmp
sequenceB_261/FG2/image0004.bmp
sequenceB_261/FG2/image0005.bmp
sequenceB_261/FG2/image0006.bmp
sequenceB_261/FG2/image0007.bmp
sequenceB_261/FG2/image0008.bmp
sequenceB_261/FG2/image0009.bmp
sequenceB_261/FG2/image0010.bmp
sequenceB_261/FG2/image0011.bmp
sequenceB_261/FG2/image0012.bmp
sequenceB_261/FG2/image0013.bmp
sequenceB_261/FG2/image0014.bmp
sequenceB_261/FG2/image0015.bmp
sequenceB_261/FG2/image0016.bmp
sequenceB_261/FG2/image0017.bmp
sequenceB_261/FG2/image0018.bmp
sequenceB_261/FG2/image0019.bmp
sequenceB_261/FG2/image0020.bmp
sequenceB_261/FG2/image0021.bmp
sequenceB_261/FG2/image0022.bmp
sequenceB_261/FG2/image0023.bmp
sequenceB_261/FG2/image0024.bmp
sequenceB_261/FG2/image0025.bmp
sequenceB_261/FG2/image0026.bmp
sequenceB_261/FG2/image0027.bmp
sequenceB_261/FG2/image0028.bmp
sequenceB_261/FG2/image0029.bmp
sequenceB_261/FG2/image0030.bmp
sequenceB_261/FG2/image0031.bmp
sequenceB_261/FG2/image0032.bmp
sequenceB_261/FG2/image0033.bmp
sequenceB_261/FG2/image0034.bmp
sequenceB_261/FG2/image0035.bmp
sequenceB_261/FG2/image0036.bmp
sequenceB_261/FG2/image0037.bmp
sequenceB_261/FG2/image0038.bmp
sequenceB_261/FG2/image0039.bmp
sequenceB_261/FG2/image0040.bmp
sequenceB_261/FG2/image0041.bmp
sequenceB_261/FG2/image0042.bmp
sequenceB_261/FG2/image0043.bmp
sequenceB_261/FG2/image0044.bmp
sequenceB_261/FG2/image0045.bmp
sequenceB_261/FG2/image0046.bmp
sequenceB_261/FG2/image0047.bmp
sequenceB_261/FG2/image0048.bmp
sequenceB_261/FG2/image0049.bmp
sequenceB_261/FG2/image0050.bmp
sequenceB_261/FG2/image0051.bmp
sequenceB_261/FG2/image0052.bmp
sequenceB_261/FG2/image0053.bmp
sequenceB_261/FG2/image0054.bmp
sequenceB_261/FG2/image0055.bmp
sequenceB_261/FG2/image0056.bmp
sequenceB_261/FG2/image0057.bmp
sequenceB_261/FG2/image0058.bmp
sequenceB_261/FG2/image0059.bmp
sequenceB_261/FG2/image0060.bmp
sequenceB_261/FG2/image0061.bmp
sequenceB_261/FG2/image0062.bmp
sequenceB_261/FG2/image0063.bmp
sequenceB_261/FG2/image0064.bmp
sequenceB_261/FG2/image0065.bmp
sequenceB_261/FG2/image0066.bmp
sequenceB_261/FG2/image0067.bmp
sequenceB_261/FG2/image0068.bmp
sequenceB_261/FG2/image0069.bmp
sequenceB_261/FG2/image0070.bmp
sequenceB_261/FG2/image0071.bmp
sequenceB_261/FG2/image0072.bmp
sequenceB_261/FG2/image0073.bmp
sequenceB_261/FG2/image0074.bmp
sequenceB_261/FG2/image0075.bmp
sequenceB_261/FG2/image0076.bmp
sequenceB_261/FG2/image0077.bmp
sequenceB_261/FG2/image0078.bmp
sequenceB_261/FG2/image0079.bmp
sequenceB_261/FG2/image0080.bmp
sequenceB_261/FG2/image0081.bmp
sequenceB_261/FG2/image0082.bmp
sequenceB_261/FG2/image0083.bmp
sequenceB_261/FG2/image0084.bmp
sequenceB_261/FG2/image0085.bmp
sequenceB_261/FG2/image0086.bmp
sequenceB_261/FG2/image0087.bmp
sequenceB_261/FG2/image0088.bmp
sequenceB_261/FG2/image0089.bmp
sequenceB_261/FG2/image0090.bmp
sequenceB_261/FG2/image0091.bmp
sequenceB_261/FG2/image0092.bmp
sequenceB_261/FG2/image0093.bmp
sequenceB_261/FG2/image0094.bmp
sequenceB_261/FG2/image0095.bmp
sequenceB_261/FG2/image0096.bmp
sequenceB_261/FG2/image0097.bmp
sequenceB_261/FG2/image0098.bmp
sequenceB_261/FG2/image0099.bmp
sequenceB_261/FG2/image0100.bmp
sequenceB_261/FG2/image0101.bmp
sequenceB_261/FG2/image0102.bmp
sequenceB_261/FG2/image0103.bmp
sequenceB_261/FG2/image0104.bmp
sequenceB_261/FG2/image0105.bmp
sequenceB_261/FG2/image0106.bmp
sequenceB_261/FG2/image0107.bmp
sequenceB_261/FG2/image0108.bmp
sequenceB_261/FG2/image0109.bmp
sequenceB_261/FG2/image0110.bmp
sequenceB_261/FG2/image0111.bmp
sequenceB_261/FG2/image0112.bmp
sequenceB_261/FG2/image0113.bmp
sequenceB_261/FG2/image0114.bmp
sequenceB_261/FG2/image0115.bmp
sequenceB_261/FG2/image0116.bmp
sequenceB_261/FG2/image0117.bmp
sequenceB_261/FG2/image0118.bmp
sequenceB_261/FG2/image0119.bmp
sequenceB_261/FG2/image0120.bmp
sequenceB_261/FG2/image0121.bmp
sequenceB_261/FG2/image0122.bmp
sequenceB_261/FG2/image0123.bmp
sequenceB_261/FG2/image0124.bmp
sequenceB_261/FG2/image0125.bmp
sequenceB_261/FG2/image0126.bmp
sequenceB_261/FG2/image0127.bmp
sequenceB_261/FG2/image0128.bmp
sequenceB_261/FG2/image0129.bmp
sequenceB_261/FG2/image0130.bmp
sequenceB_261/FG2/image0131.bmp
sequenceB_261/FG2/image0132.bmp
sequenceB_261/FG2/image0133.bmp
sequenceB_261/FG2/image0134.bmp
sequenceB_261/FG2/image0135.bmp
sequenceB_261/FG2/image0136.bmp
sequenceB_261/FG2/image0137.bmp
sequenceB_261/FG2/image0138.bmp
sequenceB_261/FG2/image0139.bmp
sequenceB_261/FG2/image0140.bmp
sequenceB_261/FG2/image0141.bmp
sequenceB_261/FG2/image0142.bmp
sequenceB_261/FG2/image0143.bmp
sequenceB_261/FG2/image0144.bmp
sequenceB_261/FG2/image0145.bmp
sequenceB_261/FG2/image0146.bmp
sequenceB_261/FG2/image0147.bmp
sequenceB_261/FG2/image0148.bmp
sequenceB_261/FG2/image0149.bmp
sequenceB_261/FG2/image0150.bmp
sequenceB_261/FG2/image0151.bmp
sequenceB_261/FG2/image0152.bmp
sequenceB_261/FG2/image0153.bmp
sequenceB_261/FG2/image0154.bmp
sequenceB_261/FG2/image0155.bmp
sequenceB_261/FG2/image0156.bmp
sequenceB_261/FG2/image0157.bmp
sequenceB_261/FG2/image0158.bmp
sequenceB_261/FG2/image0159.bmp
sequenceB_261/FG2/image0160.bmp
sequenceB_261/FG2/image0161.bmp
sequenceB_261/FG2/image0162.bmp
sequenceB_261/FG2/image0163.bmp
sequenceB_261/FG2/image0164.bmp
sequenceB_261/FG2/image0165.bmp
sequenceB_261/FG2/image0166.bmp
sequenceB_261/FG2/image0167.bmp
sequenceB_261/FG2/image0168.bmp
sequenceB_261/FG2/image0169.bmp
sequenceB_261/FG2/image0170.bmp
sequenceB_261/FG2/image0171.bmp
sequenceB_261/FG2/image0172.bmp
sequenceB_261/FG2/image0173.bmp
sequenceB_261/FG2/image0174.bmp
sequenceB_261/FG2/image0175.bmp
sequenceB_261/FG2/image0176.bmp
sequenceB_261/FG2/image0177.bmp
sequenceB_261/FG2/image0178.bmp
sequenceB_261/FG2/image0179.bmp
sequenceB_261/FG2/image0180.bmp
sequenceB_261/FG2/image0181.bmp
sequenceB_261/FG2/image0182.bmp
sequenceB_261/FG2/image0183.bmp
sequenceB_261/FG2/image0184.bmp
sequenceB_261/FG2/image0185.bmp
sequenceB_261/FG2/image0186.bmp
sequenceB_261/FG2/image0187.bmp
sequenceB_261/FG2/image0188.bmp
sequenceB_261/FG2/image0189.bmp
sequenceB_261/FG2/image0190.bmp
sequenceB_261/FG2/image0191.bmp
sequenceB_261/FG2/image0192.bmp
sequenceB_261/FG2/image0193.bmp
sequenceB_261/FG2/image0194.bmp
sequenceB_261/FG2/image0195.bmp
sequenceB_261/FG2/image0196.bmp
sequenceB_261/FG2/image0197.bmp
sequenceB_261/FG2/image0198.bmp
sequenceB_261/FG2/image0199.bmp
sequenceB_261/FG2/image0200.bmp
sequenceB_261/FG2/image0201.bmp
sequenceB_261/FG2/image0202.bmp
sequenceB_261/FG2/image0203.bmp
sequenceB_261/FG2/image0204.bmp
sequenceB_261/FG2/image0205.bmp
sequenceB_261/FG2/image0206.bmp
sequenceB_261/FG2/image0207.bmp
sequenceB_261/FG2/image0208.bmp
sequenceB_261/FG2/image0209.bmp
sequenceB_261/FG2/image0210.bmp
sequenceB_261/FG2/image0211.bmp
sequenceB_261/FG2/image0212.bmp
sequenceB_261/FG2/image0213.bmp
sequenceB_261/FG2/image0214.bmp
sequenceB_261/FG2/image0215.bmp
sequenceB_261/FG2/image0216.bmp
sequenceB_261/FG2/image0217.bmp
sequenceB_261/FG2/image0218.bmp
sequenceB_261/FG2/image0219.bmp
sequenceB_261/FG2/image0220.bmp
sequenceB_261/FG2/image0221.bmp
sequenceB_261/FG2/image0222.bmp
sequenceB_261/FG2/image0223.bmp
sequenceB_261/FG2/image0224.bmp
sequenceB_261/FG2/image0225.bmp
sequenceB_261/FG2/image0226.bmp
sequenceB_261/FG2/image0227.bmp
sequenceB_261/FG2/image0228.bmp
sequenceB_261/FG2/image0229.bmp
sequenceB_261/FG2/image0230.bmp
sequenceB_261/FG2/image0231.bmp
sequenceB_261/FG2/image0232.bmp
sequenceB_261/FG2/image0233.bmp
sequenceB_261/FG2/image0234.bmp
sequenceB_261/FG2/image0235.bmp
sequenceB_261/FG2/image0236.bmp
sequenceB_261/FG2/image0237.bmp
sequenceB_261/FG2/image0238.bmp
sequenceB_261/FG2/image0239.bmp
sequenceB_261/FG2/image0240.bmp
sequenceB_261/FG2/image0241.bmp
sequenceB_261/FG2/image0242.bmp
sequenceB_261/FG2/image0243.bmp
sequenceB_261/FG2/image0244.bmp
sequenceB_261/FG2/image0245.bmp
sequenceB_261/FG2/image0246.bmp
sequenceB_261/FG2/image0247.bmp
sequenceB_261/FG2/image0248.bmp
sequenceB_261/FG2/image0249.bmp
sequenceB_261/FG2/image0250.bmp
sequenceB_261/FG2/image0251.bmp
sequenceB_261/FG2/image0252.bmp
sequenceB_261/FG2/image0253.bmp
sequenceB_261/FG2/image0254.bmp
sequenceB_261/FG2/image0255.bmp
sequenceB_261/FG2/image0256.bmp
sequenceB_261/FG2/image0257.bmp
sequenceB_261/FG2/image0258.bmp
sequenceB_261/FG2/image0259.bmp
sequenceB_261/FG2/image0260.bmp
sequenceB_261/FG3/
sequenceB_261/FG3/image0000.bmp
sequenceB_261/FG3/image0001.bmp
sequenceB_261/FG3/image0002.bmp
sequenceB_261/FG3/image0003.bmp
sequenceB_261/FG3/image0004.bmp
sequenceB_261/FG3/image0005.bmp
sequenceB_261/FG3/image0006.bmp
sequenceB_261/FG3/image0007.bmp
sequenceB_261/FG3/image0008.bmp
sequenceB_261/FG3/image0009.bmp
sequenceB_261/FG3/image0010.bmp
sequenceB_261/FG3/image0011.bmp
sequenceB_261/FG3/image0012.bmp
sequenceB_261/FG3/image0013.bmp
sequenceB_261/FG3/image0014.bmp
sequenceB_261/FG3/image0015.bmp
sequenceB_261/FG3/image0016.bmp
sequenceB_261/FG3/image0017.bmp
sequenceB_261/FG3/image0018.bmp
sequenceB_261/FG3/image0019.bmp
sequenceB_261/FG3/image0020.bmp
sequenceB_261/FG3/image0021.bmp
sequenceB_261/FG3/image0022.bmp
sequenceB_261/FG3/image0023.bmp
sequenceB_261/FG3/image0024.bmp
sequenceB_261/FG3/image0025.bmp
sequenceB_261/FG3/image0026.bmp
sequenceB_261/FG3/image0027.bmp
sequenceB_261/FG3/image0028.bmp
sequenceB_261/FG3/image0029.bmp
sequenceB_261/FG3/image0030.bmp
sequenceB_261/FG3/image0031.bmp
sequenceB_261/FG3/image0032.bmp
sequenceB_261/FG3/image0033.bmp
sequenceB_261/FG3/image0034.bmp
sequenceB_261/FG3/image0035.bmp
sequenceB_261/FG3/image0036.bmp
sequenceB_261/FG3/image0037.bmp
sequenceB_261/FG3/image0038.bmp
sequenceB_261/FG3/image0039.bmp
sequenceB_261/FG3/image0040.bmp
sequenceB_261/FG3/image0041.bmp
sequenceB_261/FG3/image0042.bmp
sequenceB_261/FG3/image0043.bmp
sequenceB_261/FG3/image0044.bmp
sequenceB_261/FG3/image0045.bmp
sequenceB_261/FG3/image0046.bmp
sequenceB_261/FG3/image0047.bmp
sequenceB_261/FG3/image0048.bmp
sequenceB_261/FG3/image0049.bmp
sequenceB_261/FG3/image0050.bmp
sequenceB_261/FG3/image0051.bmp
sequenceB_261/FG3/image0052.bmp
sequenceB_261/FG3/image0053.bmp
sequenceB_261/FG3/image0054.bmp
sequenceB_261/FG3/image0055.bmp
sequenceB_261/FG3/image0056.bmp
sequenceB_261/FG3/image0057.bmp
sequenceB_261/FG3/image0058.bmp
sequenceB_261/FG3/image0059.bmp
sequenceB_261/FG3/image0060.bmp
sequenceB_261/FG3/image0061.bmp
sequenceB_261/FG3/image0062.bmp
sequenceB_261/FG3/image0063.bmp
sequenceB_261/FG3/image0064.bmp
sequenceB_261/FG3/image0065.bmp
sequenceB_261/FG3/image0066.bmp
sequenceB_261/FG3/image0067.bmp
sequenceB_261/FG3/image0068.bmp
sequenceB_261/FG3/image0069.bmp
sequenceB_261/FG3/image0070.bmp
sequenceB_261/FG3/image0071.bmp
sequenceB_261/FG3/image0072.bmp
sequenceB_261/FG3/image0073.bmp
sequenceB_261/FG3/image0074.bmp
sequenceB_261/FG3/image0075.bmp
sequenceB_261/FG3/image0076.bmp
sequenceB_261/FG3/image0077.bmp
sequenceB_261/FG3/image0078.bmp
sequenceB_261/FG3/image0079.bmp
sequenceB_261/FG3/image0080.bmp
sequenceB_261/FG3/image0081.bmp
sequenceB_261/FG3/image0082.bmp
sequenceB_261/FG3/image0083.bmp
sequenceB_261/FG3/image0084.bmp
sequenceB_261/FG3/image0085.bmp
sequenceB_261/FG3/image0086.bmp
sequenceB_261/FG3/image0087.bmp
sequenceB_261/FG3/image0088.bmp
sequenceB_261/FG3/image0089.bmp
sequenceB_261/FG3/image0090.bmp
sequenceB_261/FG3/image0091.bmp
sequenceB_261/FG3/image0092.bmp
sequenceB_261/FG3/image0093.bmp
sequenceB_261/FG3/image0094.bmp
sequenceB_261/FG3/image0095.bmp
sequenceB_261/FG3/image0096.bmp
sequenceB_261/FG3/image0097.bmp
sequenceB_261/FG3/image0098.bmp
sequenceB_261/FG3/image0099.bmp
sequenceB_261/FG3/image0100.bmp
sequenceB_261/FG3/image0101.bmp
sequenceB_261/FG3/image0102.bmp
sequenceB_261/FG3/image0103.bmp
sequenceB_261/FG3/image0104.bmp
sequenceB_261/FG3/image0105.bmp
sequenceB_261/FG3/image0106.bmp
sequenceB_261/FG3/image0107.bmp
sequenceB_261/FG3/image0108.bmp
sequenceB_261/FG3/image0109.bmp
sequenceB_261/FG3/image0110.bmp
sequenceB_261/FG3/image0111.bmp
sequenceB_261/FG3/image0112.bmp
sequenceB_261/FG3/image0113.bmp
sequenceB_261/FG3/image0114.bmp
sequenceB_261/FG3/image0115.bmp
sequenceB_261/FG3/image0116.bmp
sequenceB_261/FG3/image0117.bmp
sequenceB_261/FG3/image0118.bmp
sequenceB_261/FG3/image0119.bmp
sequenceB_261/FG3/image0120.bmp
sequenceB_261/FG3/image0121.bmp
sequenceB_261/FG3/image0122.bmp
sequenceB_261/FG3/image0123.bmp
sequenceB_261/FG3/image0124.bmp
sequenceB_261/FG3/image0125.bmp
sequenceB_261/FG3/image0126.bmp
sequenceB_261/FG3/image0127.bmp
sequenceB_261/FG3/image0128.bmp
sequenceB_261/FG3/image0129.bmp
sequenceB_261/FG3/image0130.bmp
sequenceB_261/FG3/image0131.bmp
sequenceB_261/FG3/image0132.bmp
sequenceB_261/FG3/image0133.bmp
sequenceB_261/FG3/image0134.bmp
sequenceB_261/FG3/image0135.bmp
sequenceB_261/FG3/image0136.bmp
sequenceB_261/FG3/image0137.bmp
sequenceB_261/FG3/image0138.bmp
sequenceB_261/FG3/image0139.bmp
sequenceB_261/FG3/image0140.bmp
sequenceB_261/FG3/image0141.bmp
sequenceB_261/FG3/image0142.bmp
sequenceB_261/FG3/image0143.bmp
sequenceB_261/FG3/image0144.bmp
sequenceB_261/FG3/image0145.bmp
sequenceB_261/FG3/image0146.bmp
sequenceB_261/FG3/image0147.bmp
sequenceB_261/FG3/image0148.bmp
sequenceB_261/FG3/image0149.bmp
sequenceB_261/FG3/image0150.bmp
sequenceB_261/FG3/image0151.bmp
sequenceB_261/FG3/image0152.bmp
sequenceB_261/FG3/image0153.bmp
sequenceB_261/FG3/image0154.bmp
sequenceB_261/FG3/image0155.bmp
sequenceB_261/FG3/image0156.bmp
sequenceB_261/FG3/image0157.bmp
sequenceB_261/FG3/image0158.bmp
sequenceB_261/FG3/image0159.bmp
sequenceB_261/FG3/image0160.bmp
sequenceB_261/FG3/image0161.bmp
sequenceB_261/FG3/image0162.bmp
sequenceB_261/FG3/image0163.bmp
sequenceB_261/FG3/image0164.bmp
sequenceB_261/FG3/image0165.bmp
sequenceB_261/FG3/image0166.bmp
sequenceB_261/FG3/image0167.bmp
sequenceB_261/FG3/image0168.bmp
sequenceB_261/FG3/image0169.bmp
sequenceB_261/FG3/image0170.bmp
sequenceB_261/FG3/image0171.bmp
sequenceB_261/FG3/image0172.bmp
sequenceB_261/FG3/image0173.bmp
sequenceB_261/FG3/image0174.bmp
sequenceB_261/FG3/image0175.bmp
sequenceB_261/FG3/image0176.bmp
sequenceB_261/FG3/image0177.bmp
sequenceB_261/FG3/image0178.bmp
sequenceB_261/FG3/image0179.bmp
sequenceB_261/FG3/image0180.bmp
sequenceB_261/FG3/image0181.bmp
sequenceB_261/FG3/image0182.bmp
sequenceB_261/FG3/image0183.bmp
sequenceB_261/FG3/image0184.bmp
sequenceB_261/FG3/image0185.bmp
sequenceB_261/FG3/image0186.bmp
sequenceB_261/FG3/image0187.bmp
sequenceB_261/FG3/image0188.bmp
sequenceB_261/FG3/image0189.bmp
sequenceB_261/FG3/image0190.bmp
sequenceB_261/FG3/image0191.bmp
sequenceB_261/FG3/image0192.bmp
sequenceB_261/FG3/image0193.bmp
sequenceB_261/FG3/image0194.bmp
sequenceB_261/FG3/image0195.bmp
sequenceB_261/FG3/image0196.bmp
sequenceB_261/FG3/image0197.bmp
sequenceB_261/FG3/image0198.bmp
sequenceB_261/FG3/image0199.bmp
sequenceB_261/FG3/image0200.bmp
sequenceB_261/FG3/image0201.bmp
sequenceB_261/FG3/image0202.bmp
sequenceB_261/FG3/image0203.bmp
sequenceB_261/FG3/image0204.bmp
sequenceB_261/FG3/image0205.bmp
sequenceB_261/FG3/image0206.bmp
sequenceB_261/FG3/image0207.bmp
sequenceB_261/FG3/image0208.bmp
sequenceB_261/FG3/image0209.bmp
sequenceB_261/FG3/image0210.bmp
sequenceB_261/FG3/image0211.bmp
sequenceB_261/FG3/image0212.bmp
sequenceB_261/FG3/image0213.bmp
sequenceB_261/FG3/image0214.bmp
sequenceB_261/FG3/image0215.bmp
sequenceB_261/FG3/image0216.bmp
sequenceB_261/FG3/image0217.bmp
sequenceB_261/FG3/image0218.bmp
sequenceB_261/FG3/image0219.bmp
sequenceB_261/FG3/image0220.bmp
sequenceB_261/FG3/image0221.bmp
sequenceB_261/FG3/image0222.bmp
sequenceB_261/FG3/image0223.bmp
sequenceB_261/FG3/image0224.bmp
sequenceB_261/FG3/image0225.bmp
sequenceB_261/FG3/image0226.bmp
sequenceB_261/FG3/image0227.bmp
sequenceB_261/FG3/image0228.bmp
sequenceB_261/FG3/image0229.bmp
sequenceB_261/FG3/image0230.bmp
sequenceB_261/FG3/image0231.bmp
sequenceB_261/FG3/image0232.bmp
sequenceB_261/FG3/image0233.bmp
sequenceB_261/FG3/image0234.bmp
sequenceB_261/FG3/image0235.bmp
sequenceB_261/FG3/image0236.bmp
sequenceB_261/FG3/image0237.bmp
sequenceB_261/FG3/image0238.bmp
sequenceB_261/FG3/image0239.bmp
sequenceB_261/FG3/image0240.bmp
sequenceB_261/FG3/image0241.bmp
sequenceB_261/FG3/image0242.bmp
sequenceB_261/FG3/image0243.bmp
sequenceB_261/FG3/image0244.bmp
sequenceB_261/FG3/image0245.bmp
sequenceB_261/FG3/image0246.bmp
sequenceB_261/FG3/image0247.bmp
sequenceB_261/FG3/image0248.bmp
sequenceB_261/FG3/image0249.bmp
sequenceB_261/FG3/image0250.bmp
sequenceB_261/FG3/image0251.bmp
sequenceB_261/FG3/image0252.bmp
sequenceB_261/FG3/image0253.bmp
sequenceB_261/FG3/image0254.bmp
sequenceB_261/FG3/image0255.bmp
sequenceB_261/FG3/image0256.bmp
sequenceB_261/FG3/image0257.bmp
sequenceB_261/FG3/image0258.bmp
sequenceB_261/FG3/image0259.bmp
sequenceB_261/FG3/image0260.bmp
sequenceB_261/FG4/
sequenceB_261/FG4/image0000.bmp
sequenceB_261/FG4/image0001.bmp
sequenceB_261/FG4/image0002.bmp
sequenceB_261/FG4/image0003.bmp
sequenceB_261/FG4/image0004.bmp
sequenceB_261/FG4/image0005.bmp
sequenceB_261/FG4/image0006.bmp
sequenceB_261/FG4/image0007.bmp
sequenceB_261/FG4/image0008.bmp
sequenceB_261/FG4/image0009.bmp
sequenceB_261/FG4/image0010.bmp
sequenceB_261/FG4/image0011.bmp
sequenceB_261/FG4/image0012.bmp
sequenceB_261/FG4/image0013.bmp
sequenceB_261/FG4/image0014.bmp
sequenceB_261/FG4/image0015.bmp
sequenceB_261/FG4/image0016.bmp
sequenceB_261/FG4/image0017.bmp
sequenceB_261/FG4/image0018.bmp
sequenceB_261/FG4/image0019.bmp
sequenceB_261/FG4/image0020.bmp
sequenceB_261/FG4/image0021.bmp
sequenceB_261/FG4/image0022.bmp
sequenceB_261/FG4/image0023.bmp
sequenceB_261/FG4/image0024.bmp
sequenceB_261/FG4/image0025.bmp
sequenceB_261/FG4/image0026.bmp
sequenceB_261/FG4/image0027.bmp
sequenceB_261/FG4/image0028.bmp
sequenceB_261/FG4/image0029.bmp
sequenceB_261/FG4/image0030.bmp
sequenceB_261/FG4/image0031.bmp
sequenceB_261/FG4/image0032.bmp
sequenceB_261/FG4/image0033.bmp
sequenceB_261/FG4/image0034.bmp
sequenceB_261/FG4/image0035.bmp
sequenceB_261/FG4/image0036.bmp
sequenceB_261/FG4/image0037.bmp
sequenceB_261/FG4/image0038.bmp
sequenceB_261/FG4/image0039.bmp
sequenceB_261/FG4/image0040.bmp
sequenceB_261/FG4/image0041.bmp
sequenceB_261/FG4/image0042.bmp
sequenceB_261/FG4/image0043.bmp
sequenceB_261/FG4/image0044.bmp
sequenceB_261/FG4/image0045.bmp
sequenceB_261/FG4/image0046.bmp
sequenceB_261/FG4/image0047.bmp
sequenceB_261/FG4/image0048.bmp
sequenceB_261/FG4/image0049.bmp
sequenceB_261/FG4/image0050.bmp
sequenceB_261/FG4/image0051.bmp
sequenceB_261/FG4/image0052.bmp
sequenceB_261/FG4/image0053.bmp
sequenceB_261/FG4/image0054.bmp
sequenceB_261/FG4/image0055.bmp
sequenceB_261/FG4/image0056.bmp
sequenceB_261/FG4/image0057.bmp
sequenceB_261/FG4/image0058.bmp
sequenceB_261/FG4/image0059.bmp
sequenceB_261/FG4/image0060.bmp
sequenceB_261/FG4/image0061.bmp
sequenceB_261/FG4/image0062.bmp
sequenceB_261/FG4/image0063.bmp
sequenceB_261/FG4/image0064.bmp
sequenceB_261/FG4/image0065.bmp
sequenceB_261/FG4/image0066.bmp
sequenceB_261/FG4/image0067.bmp
sequenceB_261/FG4/image0068.bmp
sequenceB_261/FG4/image0069.bmp
sequenceB_261/FG4/image0070.bmp
sequenceB_261/FG4/image0071.bmp
sequenceB_261/FG4/image0072.bmp
sequenceB_261/FG4/image0073.bmp
sequenceB_261/FG4/image0074.bmp
sequenceB_261/FG4/image0075.bmp
sequenceB_261/FG4/image0076.bmp
sequenceB_261/FG4/image0077.bmp
sequenceB_261/FG4/image0078.bmp
sequenceB_261/FG4/image0079.bmp
sequenceB_261/FG4/image0080.bmp
sequenceB_261/FG4/image0081.bmp
sequenceB_261/FG4/image0082.bmp
sequenceB_261/FG4/image0083.bmp
sequenceB_261/FG4/image0084.bmp
sequenceB_261/FG4/image0085.bmp
sequenceB_261/FG4/image0086.bmp
sequenceB_261/FG4/image0087.bmp
sequenceB_261/FG4/image0088.bmp
sequenceB_261/FG4/image0089.bmp
sequenceB_261/FG4/image0090.bmp
sequenceB_261/FG4/image0091.bmp
sequenceB_261/FG4/image0092.bmp
sequenceB_261/FG4/image0093.bmp
sequenceB_261/FG4/image0094.bmp
sequenceB_261/FG4/image0095.bmp
sequenceB_261/FG4/image0096.bmp
sequenceB_261/FG4/image0097.bmp
sequenceB_261/FG4/image0098.bmp
sequenceB_261/FG4/image0099.bmp
sequenceB_261/FG4/image0100.bmp
sequenceB_261/FG4/image0101.bmp
sequenceB_261/FG4/image0102.bmp
sequenceB_261/FG4/image0103.bmp
sequenceB_261/FG4/image0104.bmp
sequenceB_261/FG4/image0105.bmp
sequenceB_261/FG4/image0106.bmp
sequenceB_261/FG4/image0107.bmp
sequenceB_261/FG4/image0108.bmp
sequenceB_261/FG4/image0109.bmp
sequenceB_261/FG4/image0110.bmp
sequenceB_261/FG4/image0111.bmp
sequenceB_261/FG4/image0112.bmp
sequenceB_261/FG4/image0113.bmp
sequenceB_261/FG4/image0114.bmp
sequenceB_261/FG4/image0115.bmp
sequenceB_261/FG4/image0116.bmp
sequenceB_261/FG4/image0117.bmp
sequenceB_261/FG4/image0118.bmp
sequenceB_261/FG4/image0119.bmp
sequenceB_261/FG4/image0120.bmp
sequenceB_261/FG4/image0121.bmp
sequenceB_261/FG4/image0122.bmp
sequenceB_261/FG4/image0123.bmp
sequenceB_261/FG4/image0124.bmp
sequenceB_261/FG4/image0125.bmp
sequenceB_261/FG4/image0126.bmp
sequenceB_261/FG4/image0127.bmp
sequenceB_261/FG4/image0128.bmp
sequenceB_261/FG4/image0129.bmp
sequenceB_261/FG4/image0130.bmp
sequenceB_261/FG4/image0131.bmp
sequenceB_261/FG4/image0132.bmp
sequenceB_261/FG4/image0133.bmp
sequenceB_261/FG4/image0134.bmp
sequenceB_261/FG4/image0135.bmp
sequenceB_261/FG4/image0136.bmp
sequenceB_261/FG4/image0137.bmp
sequenceB_261/FG4/image0138.bmp
sequenceB_261/FG4/image0139.bmp
sequenceB_261/FG4/image0140.bmp
sequenceB_261/FG4/image0141.bmp
sequenceB_261/FG4/image0142.bmp
sequenceB_261/FG4/image0143.bmp
sequenceB_261/FG4/image0144.bmp
sequenceB_261/FG4/image0145.bmp
sequenceB_261/FG4/image0146.bmp
sequenceB_261/FG4/image0147.bmp
sequenceB_261/FG4/image0148.bmp
sequenceB_261/FG4/image0149.bmp
sequenceB_261/FG4/image0150.bmp
sequenceB_261/FG4/image0151.bmp
sequenceB_261/FG4/image0152.bmp
sequenceB_261/FG4/image0153.bmp
sequenceB_261/FG4/image0154.bmp
sequenceB_261/FG4/image0155.bmp
sequenceB_261/FG4/image0156.bmp
sequenceB_261/FG4/image0157.bmp
sequenceB_261/FG4/image0158.bmp
sequenceB_261/FG4/image0159.bmp
sequenceB_261/FG4/image0160.bmp
sequenceB_261/FG4/image0161.bmp
sequenceB_261/FG4/image0162.bmp
sequenceB_261/FG4/image0163.bmp
sequenceB_261/FG4/image0164.bmp
sequenceB_261/FG4/image0165.bmp
sequenceB_261/FG4/image0166.bmp
sequenceB_261/FG4/image0167.bmp
sequenceB_261/FG4/image0168.bmp
sequenceB_261/FG4/image0169.bmp
sequenceB_261/FG4/image0170.bmp
sequenceB_261/FG4/image0171.bmp
sequenceB_261/FG4/image0172.bmp
sequenceB_261/FG4/image0173.bmp
sequenceB_261/FG4/image0174.bmp
sequenceB_261/FG4/image0175.bmp
sequenceB_261/FG4/image0176.bmp
sequenceB_261/FG4/image0177.bmp
sequenceB_261/FG4/image0178.bmp
sequenceB_261/FG4/image0179.bmp
sequenceB_261/FG4/image0180.bmp
sequenceB_261/FG4/image0181.bmp
sequenceB_261/FG4/image0182.bmp
sequenceB_261/FG4/image0183.bmp
sequenceB_261/FG4/image0184.bmp
sequenceB_261/FG4/image0185.bmp
sequenceB_261/FG4/image0186.bmp
sequenceB_261/FG4/image0187.bmp
sequenceB_261/FG4/image0188.bmp
sequenceB_261/FG4/image0189.bmp
sequenceB_261/FG4/image0190.bmp
sequenceB_261/FG4/image0191.bmp
sequenceB_261/FG4/image0192.bmp
sequenceB_261/FG4/image0193.bmp
sequenceB_261/FG4/image0194.bmp
sequenceB_261/FG4/image0195.bmp
sequenceB_261/FG4/image0196.bmp
sequenceB_261/FG4/image0197.bmp
sequenceB_261/FG4/image0198.bmp
sequenceB_261/FG4/image0199.bmp
sequenceB_261/FG4/image0200.bmp
sequenceB_261/FG4/image0201.bmp
sequenceB_261/FG4/image0202.bmp
sequenceB_261/FG4/image0203.bmp
sequenceB_261/FG4/image0204.bmp
sequenceB_261/FG4/image0205.bmp
sequenceB_261/FG4/image0206.bmp
sequenceB_261/FG4/image0207.bmp
sequenceB_261/FG4/image0208.bmp
sequenceB_261/FG4/image0209.bmp
sequenceB_261/FG4/image0210.bmp
sequenceB_261/FG4/image0211.bmp
sequenceB_261/FG4/image0212.bmp
sequenceB_261/FG4/image0213.bmp
sequenceB_261/FG4/image0214.bmp
sequenceB_261/FG4/image0215.bmp
sequenceB_261/FG4/image0216.bmp
sequenceB_261/FG4/image0217.bmp
sequenceB_261/FG4/image0218.bmp
sequenceB_261/FG4/image0219.bmp
sequenceB_261/FG4/image0220.bmp
sequenceB_261/FG4/image0221.bmp
sequenceB_261/FG4/image0222.bmp
sequenceB_261/FG4/image0223.bmp
sequenceB_261/FG4/image0224.bmp
sequenceB_261/FG4/image0225.bmp
sequenceB_261/FG4/image0226.bmp
sequenceB_261/FG4/image0227.bmp
sequenceB_261/FG4/image0228.bmp
sequenceB_261/FG4/image0229.bmp
sequenceB_261/FG4/image0230.bmp
sequenceB_261/FG4/image0231.bmp
sequenceB_261/FG4/image0232.bmp
sequenceB_261/FG4/image0233.bmp
sequenceB_261/FG4/image0234.bmp
sequenceB_261/FG4/image0235.bmp
sequenceB_261/FG4/image0236.bmp
sequenceB_261/FG4/image0237.bmp
sequenceB_261/FG4/image0238.bmp
sequenceB_261/FG4/image0239.bmp
sequenceB_261/FG4/image0240.bmp
sequenceB_261/FG4/image0241.bmp
sequenceB_261/FG4/image0242.bmp
sequenceB_261/FG4/image0243.bmp
sequenceB_261/FG4/image0244.bmp
sequenceB_261/FG4/image0245.bmp
sequenceB_261/FG4/image0246.bmp
sequenceB_261/FG4/image0247.bmp
sequenceB_261/FG4/image0248.bmp
sequenceB_261/FG4/image0249.bmp
sequenceB_261/FG4/image0250.bmp
sequenceB_261/FG4/image0251.bmp
sequenceB_261/FG4/image0252.bmp
sequenceB_261/FG4/image0253.bmp
sequenceB_261/FG4/image0254.bmp
sequenceB_261/FG4/image0255.bmp
sequenceB_261/FG4/image0256.bmp
sequenceB_261/FG4/image0257.bmp
sequenceB_261/FG4/image0258.bmp
sequenceB_261/FG4/image0259.bmp
sequenceB_261/FG4/image0260.bmp
sequenceB_261/InitialPose.txt
sequenceB_261/PoseParameters.txt
[PARSEC] Running '/home/msteranka/entroprise/libentroprise/entroprise -a /nfs/cm/scratch1/emery/msteranka/shared/libhoard.so /home/msteranka/scratch/parsec-3.0/pkgs/apps/bodytrack/inst/amd64-linux.gnu++98-config/bin/bodytrack sequenceB_261 4 261 4000 5 0 8':
[PARSEC] [---------- Beginning of output ----------]

OUTPUT OF LD_PRELOAD=/home/msteranka/entroprise/libentroprise/libentroprise.so:/nfs/cm/scratch1/emery/msteranka/shared/libhoard.so /home/msteranka/scratch/parsec-3.0/pkgs/apps/bodytrack/inst/amd64-linux.gnu++98-config/bin/bodytrack sequenceB_261 4 261 4000 5 0 8 
------------------------------------------------------------
PARSEC Benchmark Suite Version 3.0-beta-20150206
Threading with Posix Threads
Number of threads : 8
Using dataset : sequenceB_261/
4000 particles with 5 annealing layers

Processing frame 0
Processing frame 1
Processing frame 2
Processing frame 3
Processing frame 4
Processing frame 5
Processing frame 6
Processing frame 7
Processing frame 8
Processing frame 9
Processing frame 10
Processing frame 11
Processing frame 12
Processing frame 13
Processing frame 14
Processing frame 15
Processing frame 16
Processing frame 17
Processing frame 18
Processing frame 19
Processing frame 20
Processing frame 21
Processing frame 22
Processing frame 23
Processing frame 24
Processing frame 25
Processing frame 26
Processing frame 27
Processing frame 28
Processing frame 29
Processing frame 30
Processing frame 31
Processing frame 32
Processing frame 33
Processing frame 34
Processing frame 35
Processing frame 36
Processing frame 37
Processing frame 38
Processing frame 39
Processing frame 40
Processing frame 41
Processing frame 42
Processing frame 43
Processing frame 44
Processing frame 45
Processing frame 46
Processing frame 47
Processing frame 48
Processing frame 49
Processing frame 50
Processing frame 51
Processing frame 52
Processing frame 53
Processing frame 54
Processing frame 55
Processing frame 56
Processing frame 57
Processing frame 58
Processing frame 59
Processing frame 60
Processing frame 61
Processing frame 62
Processing frame 63
Processing frame 64
Processing frame 65
Processing frame 66
Processing frame 67
Processing frame 68
Processing frame 69
Processing frame 70
Processing frame 71
Processing frame 72
Processing frame 73
Processing frame 74
Processing frame 75
Processing frame 76
Processing frame 77
Processing frame 78
Processing frame 79
Processing frame 80
Processing frame 81
Processing frame 82
Processing frame 83
Processing frame 84
Processing frame 85
Processing frame 86
Processing frame 87
Processing frame 88
Processing frame 89
Processing frame 90
Processing frame 91
Processing frame 92
Processing frame 93
Processing frame 94
Processing frame 95
Processing frame 96
Processing frame 97
Processing frame 98
Processing frame 99
Processing frame 100
Processing frame 101
Processing frame 102
Processing frame 103
Processing frame 104
Processing frame 105
Processing frame 106
Processing frame 107
Processing frame 108
Processing frame 109
Processing frame 110
Processing frame 111
Processing frame 112
Processing frame 113
Processing frame 114
Processing frame 115
Processing frame 116
Processing frame 117
Processing frame 118
Processing frame 119
Processing frame 120
Processing frame 121
Processing frame 122
Processing frame 123
Processing frame 124
Processing frame 125
Processing frame 126
Processing frame 127
Processing frame 128
Processing frame 129
Processing frame 130
Processing frame 131
Processing frame 132
Processing frame 133
Processing frame 134
Processing frame 135
Processing frame 136
Processing frame 137
Processing frame 138
Processing frame 139
Processing frame 140
Processing frame 141
Processing frame 142
Processing frame 143
Processing frame 144
Processing frame 145
Processing frame 146
Processing frame 147
Processing frame 148
Processing frame 149
Processing frame 150
Processing frame 151
Processing frame 152
Processing frame 153
Processing frame 154
Processing frame 155
Processing frame 156
Processing frame 157
Processing frame 158
Processing frame 159
Processing frame 160
Processing frame 161
Processing frame 162
Processing frame 163
Processing frame 164
Processing frame 165
Processing frame 166
Processing frame 167
Processing frame 168
Processing frame 169
Processing frame 170
Processing frame 171
Processing frame 172
Processing frame 173
Processing frame 174
Processing frame 175
Processing frame 176
Processing frame 177
Processing frame 178
Processing frame 179
Processing frame 180
Processing frame 181
Processing frame 182
Processing frame 183
Processing frame 184
Processing frame 185
Processing frame 186
Processing frame 187
Processing frame 188
Processing frame 189
Processing frame 190
Processing frame 191
Processing frame 192
Processing frame 193
Processing frame 194
Processing frame 195
Processing frame 196
Processing frame 197
Processing frame 198
Processing frame 199
Processing frame 200
Processing frame 201
Processing frame 202
Processing frame 203
Processing frame 204
Processing frame 205
Processing frame 206
Processing frame 207
Processing frame 208
Processing frame 209
Processing frame 210
Processing frame 211
Processing frame 212
Processing frame 213
Processing frame 214
Processing frame 215
Processing frame 216
Processing frame 217
Processing frame 218
Processing frame 219
Processing frame 220
Processing frame 221
Processing frame 222
Processing frame 223
Processing frame 224
Processing frame 225
Processing frame 226
Processing frame 227
Processing frame 228
Processing frame 229
Processing frame 230
Processing frame 231
Processing frame 232
Processing frame 233
Processing frame 234
Processing frame 235
Processing frame 236
Processing frame 237
Processing frame 238
Processing frame 239
Processing frame 240
Processing frame 241
Processing frame 242
Processing frame 243
Processing frame 244
Processing frame 245
Processing frame 246
Processing frame 247
Processing frame 248
Processing frame 249
Processing frame 250
Processing frame 251
Processing frame 252
Processing frame 253
Processing frame 254
Processing frame 255
Processing frame 256
Processing frame 257
Processing frame 258
Processing frame 259
Processing frame 260
------------------------------------------------------------
END OF OUTPUT



ENTROPRISE RESULTS
------------------------------------------------------------
THREAD 0:
	Number of Allocations: 130354
	Number of Unique Addresses: 20436.3
	Calculated Entropy: 14.3188
	Maximum Entropy: 16.9921
	Normalized Entropy: 0.842678
	Sequence is NOT random

THREAD 1:
	Number of Allocations: 42318
	Number of Unique Addresses: 2971.33
	Calculated Entropy: 11.5369
	Maximum Entropy: 15.369
	Normalized Entropy: 0.750661
	Sequence is NOT random

THREAD 2:
	Number of Allocations: 34148
	Number of Unique Addresses: 7797.7
	Calculated Entropy: 12.9288
	Maximum Entropy: 15.0595
	Normalized Entropy: 0.858516
	Sequence is NOT random

THREAD 3:
	Number of Allocations: 34574
	Number of Unique Addresses: 9700.23
	Calculated Entropy: 13.2438
	Maximum Entropy: 15.0774
	Normalized Entropy: 0.878388
	Sequence is NOT random

THREAD 4:
	Number of Allocations: 34940
	Number of Unique Addresses: 8205.72
	Calculated Entropy: 13.0024
	Maximum Entropy: 15.0926
	Normalized Entropy: 0.86151
	Sequence is NOT random

THREAD 5:
	Number of Allocations: 34014
	Number of Unique Addresses: 3591.31
	Calculated Entropy: 11.8103
	Maximum Entropy: 15.0538
	Normalized Entropy: 0.784537
	Sequence is NOT random

THREAD 6:
	Number of Allocations: 34684
	Number of Unique Addresses: 8821.15
	Calculated Entropy: 13.1068
	Maximum Entropy: 15.082
	Normalized Entropy: 0.869034
	Sequence is NOT random

THREAD 7:
	Number of Allocations: 34526
	Number of Unique Addresses: 9135.17
	Calculated Entropy: 13.1572
	Maximum Entropy: 15.0754
	Normalized Entropy: 0.872761
	Sequence is NOT random

THREAD 8:
	Number of Allocations: 34306
	Number of Unique Addresses: 9076.42
	Calculated Entropy: 13.1479
	Maximum Entropy: 15.0662
	Normalized Entropy: 0.872677
	Sequence is NOT random

THREAD 9:
	Number of Allocations: 34293
	Number of Unique Addresses: 6777.35
	Calculated Entropy: 12.7265
	Maximum Entropy: 15.0656
	Normalized Entropy: 0.844738
	Sequence is NOT random

SUMMARY:
	Total Number of Threads: 10
	Total Number of Allocations: 448157

	Average Number of Allocations: 40156.8
	Average Number of Unique Addresses: 7632.53
	Average Calculated Entropy: 12.8768
	Average Maximum Entropy: 15.2833
	Average Normalized Entropy: 0.842543

	Minimum Number of Allocations: 34014
	Maximum Number of Allocations: 130354
	Minimum Normalized Entropy: 0.750661
	Maximum Normalized Entropy: 0.878388
	Number of Allocations Standard Deviation: 28987.4
	Normalized Entropy Standard Deviation: 0.0402921

	0 / 10 Random Sequences

[PARSEC] [----------    End of output    ----------]
[PARSEC]
[PARSEC] BIBLIOGRAPHY
[PARSEC]
[PARSEC] [1] Bienia. Benchmarking Modern Multiprocessors. Ph.D. Thesis, 2011.
[PARSEC]
[PARSEC] Done.
