[PARSEC] Benchmarks to run:  parsec.freqmine

[PARSEC] [========== Running benchmark parsec.freqmine [1] ==========]
[PARSEC] Deleting old run directory.
[PARSEC] Setting up run directory.
[PARSEC] Unpacking benchmark input 'native'.
webdocs_250k.dat
[PARSEC] Running '/home/msteranka/entroprise/libentroprise/entroprise -a /nfs/cm/scratch1/emery/msteranka/shared/libdieharder.so /home/msteranka/scratch/parsec-3.0/pkgs/apps/freqmine/inst/amd64-linux.gcc/bin/freqmine webdocs_250k.dat 11000':
[PARSEC] [---------- Beginning of output ----------]

OUTPUT OF LD_PRELOAD=/home/msteranka/entroprise/libentroprise/libentroprise.so:/nfs/cm/scratch1/emery/msteranka/shared/libdieharder.so /home/msteranka/scratch/parsec-3.0/pkgs/apps/freqmine/inst/amd64-linux.gcc/bin/freqmine webdocs_250k.dat 11000 
------------------------------------------------------------
PARSEC Benchmark Suite Version 3.0-beta-20150206
transaction number is 250000
829
28599
363898
2699198
13410070
47495313
124190838
245065199
369974305
430373350
386138019
265795578
138598934
53551164
14790217
2753445
311877
17498
269
the data preparation cost 1.889358 seconds, the FPgrowth cost 125.342853 seconds
------------------------------------------------------------
END OF OUTPUT

/home/msteranka/scratch/parsec-3.0/bin/parsecmgmt: line 1222: 12888 Segmentation fault      (core dumped) /home/msteranka/entroprise/libentroprise/entroprise -a /nfs/cm/scratch1/emery/msteranka/shared/libdieharder.so /home/msteranka/scratch/parsec-3.0/pkgs/apps/freqmine/inst/amd64-linux.gcc/bin/freqmine webdocs_250k.dat 11000
[PARSEC] [----------    End of output    ----------]
[PARSEC]
[PARSEC] BIBLIOGRAPHY
[PARSEC]
[PARSEC] [1] Bienia. Benchmarking Modern Multiprocessors. Ph.D. Thesis, 2011.
[PARSEC]
[PARSEC] Done.
