[PARSEC] Benchmarks to run:  parsec.raytrace

[PARSEC] [========== Running benchmark parsec.raytrace [1] ==========]
[PARSEC] Deleting old run directory.
[PARSEC] Setting up run directory.
[PARSEC] Unpacking benchmark input 'native'.
thai_statue.obj
[PARSEC] Running '/home/msteranka/entroprise/libentroprise/entroprise -a /nfs/cm/scratch1/emery/msteranka/shared/libfreeguard.so /home/msteranka/scratch/parsec-3.0/pkgs/apps/raytrace/inst/amd64-linux.gcc/bin/rtview thai_statue.obj -automove -nthreads 1 -frames 200 -res 1920 1080':
[PARSEC] [---------- Beginning of output ----------]

OUTPUT OF LD_PRELOAD=/home/msteranka/entroprise/libentroprise/libentroprise.so:/nfs/cm/scratch1/emery/msteranka/shared/libfreeguard.so /home/msteranka/scratch/parsec-3.0/pkgs/apps/raytrace/inst/amd64-linux.gcc/bin/rtview thai_statue.obj -automove -nthreads 1 -frames 200 -res 1920 1080 
------------------------------------------------------------
this =0x56036cf00740
PARSEC Benchmark Suite Version 3.0-beta-20150206
initializing LRT ray tracer ...
default BVH builder : binnedalldimssavespace


Options:  automove = ;
    files = thai_statue.obj;
   frames = 200;
 nthreads = 1;
      res = [1920, 1080];

Using memory framebuffer...
Adding obj file: thai_statue.obj
Using auto camera...
num nodes in scene graph 1
adding 4999996 vertices
adding 10000000 triangles
finalizing geometry
vertices            4999996 (58593.7 KB)
triangles           10000000 (117188 KB)
texture coordinates 0 (0 KB)
No materials -> create dummy material
building index
using BVH builder default
build time 16.5391
done
sceneAABB =[[[-117.959,-195.497,-99.8228,0] ],[[117.252,205.549,103.342,0] ]]
Rendering 200 frames... 
Done
------------------------------------------------------------
END OF OUTPUT



ENTROPRISE RESULTS
------------------------------------------------------------
THREAD 0:
	Number of Allocations: 20000212
	Number of Unique Addresses: 3.72489e+06
	Calculated Entropy: 21.8288
	Maximum Entropy: 24.2535
	Normalized Entropy: 0.900025
	Sequence is POSSIBLY random

SUMMARY:
	Total Number of Threads: 1
	Total Number of Allocations: 20000212

	Average Number of Allocations: 2.00002e+07
	Average Number of Unique Addresses: 3.72489e+06
	Average Calculated Entropy: 21.8288
	Average Maximum Entropy: 24.2535
	Average Normalized Entropy: 0.900025

	Minimum Number of Allocations: 20000212
	Maximum Number of Allocations: 20000212
	Minimum Normalized Entropy: 0.900025
	Maximum Normalized Entropy: 0.900025
	Number of Allocations Standard Deviation: 0
	Normalized Entropy Standard Deviation: 0

	1 / 1 Random Sequences

[PARSEC] [----------    End of output    ----------]
[PARSEC]
[PARSEC] BIBLIOGRAPHY
[PARSEC]
[PARSEC] [1] Bienia. Benchmarking Modern Multiprocessors. Ph.D. Thesis, 2011.
[PARSEC]
[PARSEC] Done.
