[PARSEC] Benchmarks to run:  parsec.streamcluster

[PARSEC] [========== Running benchmark parsec.streamcluster [1] ==========]
[PARSEC] Deleting old run directory.
[PARSEC] Setting up run directory.
[PARSEC] No archive for input 'native' available, skipping input setup.
[PARSEC] Running 'SCUDO_OPTIONS=DeallocationTypeMismatch=0 /home/msteranka/entroprise/libentroprise/entroprise -a /nfs/cm/scratch1/emery/msteranka/shared/libscudo.so /home/msteranka/scratch/parsec-3.0/pkgs/kernels/streamcluster/inst/amd64-linux.gcc/bin/streamcluster 10 20 128 1000000 200000 5000 none output.txt 8':
[PARSEC] [---------- Beginning of output ----------]

OUTPUT OF LD_PRELOAD=/home/msteranka/entroprise/libentroprise/libentroprise.so:/nfs/cm/scratch1/emery/msteranka/shared/libscudo.so /home/msteranka/scratch/parsec-3.0/pkgs/kernels/streamcluster/inst/amd64-linux.gcc/bin/streamcluster 10 20 128 1000000 200000 5000 none output.txt 8 
------------------------------------------------------------
PARSEC Benchmark Suite Version 3.0-beta-20150206
read 200000 points
read 200000 points
read 200000 points
read 200000 points
read 200000 points
------------------------------------------------------------
END OF OUTPUT



ENTROPRISE RESULTS
------------------------------------------------------------
THREAD 0:
	Number of Allocations: 75
	Number of Unique Addresses: 47.5021
	Calculated Entropy: 5.56992
	Maximum Entropy: 6.22882
	Normalized Entropy: 0.894218
	Sequence is NOT random

THREAD 1:
	Number of Allocations: 1620
	Number of Unique Addresses: 1614.86
	Calculated Entropy: 10.6572
	Maximum Entropy: 10.6618
	Normalized Entropy: 0.99957
	Sequence is POSSIBLY random

THREAD 2:
	Number of Allocations: 1261
	Number of Unique Addresses: 1151.21
	Calculated Entropy: 10.1689
	Maximum Entropy: 10.3004
	Normalized Entropy: 0.987241
	Sequence is POSSIBLY random

THREAD 3:
	Number of Allocations: 1619
	Number of Unique Addresses: 1614.86
	Calculated Entropy: 10.6572
	Maximum Entropy: 10.6609
	Normalized Entropy: 0.999653
	Sequence is POSSIBLY random

THREAD 4:
	Number of Allocations: 1797
	Number of Unique Addresses: 1614.86
	Calculated Entropy: 10.6572
	Maximum Entropy: 10.8114
	Normalized Entropy: 0.985739
	Sequence is POSSIBLY random

THREAD 5:
	Number of Allocations: 1620
	Number of Unique Addresses: 1585.82
	Calculated Entropy: 10.631
	Maximum Entropy: 10.6618
	Normalized Entropy: 0.997115
	Sequence is POSSIBLY random

THREAD 6:
	Number of Allocations: 902
	Number of Unique Addresses: 610.46
	Calculated Entropy: 9.25375
	Maximum Entropy: 9.81698
	Normalized Entropy: 0.942627
	Sequence is POSSIBLY random

SUMMARY:
	Total Number of Threads: 7
	Total Number of Allocations: 8894

	Average Number of Allocations: 940.592
	Average Number of Unique Addresses: 807.017
	Average Calculated Entropy: 9.45287
	Average Maximum Entropy: 9.72929
	Average Normalized Entropy: 0.971588

	Minimum Number of Allocations: 75
	Maximum Number of Allocations: 1797
	Minimum Normalized Entropy: 0.894218
	Maximum Normalized Entropy: 0.999653
	Number of Allocations Standard Deviation: 651.401
	Normalized Entropy Standard Deviation: 0.0368247

	6 / 7 Random Sequences

[PARSEC] [----------    End of output    ----------]
[PARSEC]
[PARSEC] BIBLIOGRAPHY
[PARSEC]
[PARSEC] [1] Bienia. Benchmarking Modern Multiprocessors. Ph.D. Thesis, 2011.
[PARSEC]
[PARSEC] Done.
