[PARSEC] Benchmarks to run:  parsec.streamcluster

[PARSEC] [========== Running benchmark parsec.streamcluster [1] ==========]
[PARSEC] Deleting old run directory.
[PARSEC] Setting up run directory.
[PARSEC] No archive for input 'native' available, skipping input setup.
[PARSEC] Running '/home/msteranka/entroprise/libentroprise/entroprise -a /nfs/cm/scratch1/emery/msteranka/shared/libhoard.so /home/msteranka/scratch/parsec-3.0/pkgs/kernels/streamcluster/inst/amd64-linux.gcc/bin/streamcluster 10 20 128 1000000 200000 5000 none output.txt 8':
[PARSEC] [---------- Beginning of output ----------]

OUTPUT OF LD_PRELOAD=/home/msteranka/entroprise/libentroprise/libentroprise.so:/nfs/cm/scratch1/emery/msteranka/shared/libhoard.so /home/msteranka/scratch/parsec-3.0/pkgs/kernels/streamcluster/inst/amd64-linux.gcc/bin/streamcluster 10 20 128 1000000 200000 5000 none output.txt 8 
------------------------------------------------------------
PARSEC Benchmark Suite Version 3.0-beta-20150206
read 200000 points
read 200000 points
read 200000 points
read 200000 points
read 200000 points
------------------------------------------------------------
END OF OUTPUT



ENTROPRISE RESULTS
------------------------------------------------------------
THREAD 0:
	Number of Allocations: 124
	Number of Unique Addresses: 88.7439
	Calculated Entropy: 6.47158
	Maximum Entropy: 6.9542
	Normalized Entropy: 0.9306
	Sequence is NOT random

THREAD 1:
	Number of Allocations: 1620
	Number of Unique Addresses: 633.475
	Calculated Entropy: 9.30714
	Maximum Entropy: 10.6618
	Normalized Entropy: 0.872945
	Sequence is NOT random

THREAD 2:
	Number of Allocations: 1261
	Number of Unique Addresses: 5.9951
	Calculated Entropy: 2.58378
	Maximum Entropy: 10.3004
	Normalized Entropy: 0.250844
	Sequence is NOT random

THREAD 3:
	Number of Allocations: 1619
	Number of Unique Addresses: 760.034
	Calculated Entropy: 9.56992
	Maximum Entropy: 10.6609
	Normalized Entropy: 0.897666
	Sequence is NOT random

THREAD 4:
	Number of Allocations: 1797
	Number of Unique Addresses: 760.034
	Calculated Entropy: 9.56992
	Maximum Entropy: 10.8114
	Normalized Entropy: 0.885171
	Sequence is NOT random

THREAD 5:
	Number of Allocations: 1619
	Number of Unique Addresses: 760.034
	Calculated Entropy: 9.56992
	Maximum Entropy: 10.6609
	Normalized Entropy: 0.897666
	Sequence is NOT random

THREAD 6:
	Number of Allocations: 902
	Number of Unique Addresses: 466.573
	Calculated Entropy: 8.86596
	Maximum Entropy: 9.81698
	Normalized Entropy: 0.903125
	Sequence is NOT random

SUMMARY:
	Total Number of Threads: 7
	Total Number of Allocations: 8942

	Average Number of Allocations: 1010.55
	Average Number of Unique Addresses: 254.439
	Average Calculated Entropy: 7.39492
	Average Maximum Entropy: 9.8835
	Average Normalized Entropy: 0.748209

	Minimum Number of Allocations: 124
	Maximum Number of Allocations: 1797
	Minimum Normalized Entropy: 0.250844
	Maximum Normalized Entropy: 0.9306
	Number of Allocations Standard Deviation: 608.375
	Normalized Entropy Standard Deviation: 0.234103

	0 / 7 Random Sequences

[PARSEC] [----------    End of output    ----------]
[PARSEC]
[PARSEC] BIBLIOGRAPHY
[PARSEC]
[PARSEC] [1] Bienia. Benchmarking Modern Multiprocessors. Ph.D. Thesis, 2011.
[PARSEC]
[PARSEC] Done.
