[PARSEC] Benchmarks to run:  parsec.streamcluster

[PARSEC] [========== Running benchmark parsec.streamcluster [1] ==========]
[PARSEC] Deleting old run directory.
[PARSEC] Setting up run directory.
[PARSEC] No archive for input 'native' available, skipping input setup.
[PARSEC] Running '/home/msteranka/entroprise/libentroprise/entroprise -a /nfs/cm/scratch1/emery/msteranka/shared/libmesh.so /home/msteranka/scratch/parsec-3.0/pkgs/kernels/streamcluster/inst/amd64-linux.gcc/bin/streamcluster 10 20 128 1000000 200000 5000 none output.txt 8':
[PARSEC] [---------- Beginning of output ----------]

OUTPUT OF LD_PRELOAD=/home/msteranka/entroprise/libentroprise/libentroprise.so:/nfs/cm/scratch1/emery/msteranka/shared/libmesh.so /home/msteranka/scratch/parsec-3.0/pkgs/kernels/streamcluster/inst/amd64-linux.gcc/bin/streamcluster 10 20 128 1000000 200000 5000 none output.txt 8 
------------------------------------------------------------
PARSEC Benchmark Suite Version 3.0-beta-20150206
read 200000 points
read 200000 points
read 200000 points
read 200000 points
read 200000 points
------------------------------------------------------------
END OF OUTPUT



ENTROPRISE RESULTS
------------------------------------------------------------
THREAD 0:
	Number of Allocations: 76
	Number of Unique Addresses: 44.3614
	Calculated Entropy: 5.47123
	Maximum Entropy: 6.24793
	Normalized Entropy: 0.875688
	Sequence is NOT random

THREAD 1:
	Number of Allocations: 1620
	Number of Unique Addresses: 7.52006
	Calculated Entropy: 2.91074
	Maximum Entropy: 10.6618
	Normalized Entropy: 0.273007
	Sequence is NOT random

THREAD 2:
	Number of Allocations: 1261
	Number of Unique Addresses: 9.20583
	Calculated Entropy: 3.20255
	Maximum Entropy: 10.3004
	Normalized Entropy: 0.310916
	Sequence is NOT random

THREAD 3:
	Number of Allocations: 1619
	Number of Unique Addresses: 9.20583
	Calculated Entropy: 3.20255
	Maximum Entropy: 10.6609
	Normalized Entropy: 0.300402
	Sequence is NOT random

THREAD 4:
	Number of Allocations: 1797
	Number of Unique Addresses: 7.52006
	Calculated Entropy: 2.91074
	Maximum Entropy: 10.8114
	Normalized Entropy: 0.26923
	Sequence is NOT random

THREAD 5:
	Number of Allocations: 1619
	Number of Unique Addresses: 5.9951
	Calculated Entropy: 2.58378
	Maximum Entropy: 10.6609
	Normalized Entropy: 0.242361
	Sequence is NOT random

THREAD 6:
	Number of Allocations: 902
	Number of Unique Addresses: 5.9951
	Calculated Entropy: 2.58378
	Maximum Entropy: 9.81698
	Normalized Entropy: 0.263195
	Sequence is NOT random

SUMMARY:
	Total Number of Threads: 7
	Total Number of Allocations: 8894

	Average Number of Allocations: 942.29
	Average Number of Unique Addresses: 9.62298
	Average Calculated Entropy: 3.16394
	Average Maximum Entropy: 9.73344
	Average Normalized Entropy: 0.325059

	Minimum Number of Allocations: 76
	Maximum Number of Allocations: 1797
	Minimum Normalized Entropy: 0.242361
	Maximum Normalized Entropy: 0.875688
	Number of Allocations Standard Deviation: 650.203
	Normalized Entropy Standard Deviation: 0.213973

	0 / 7 Random Sequences

[PARSEC] [----------    End of output    ----------]
[PARSEC]
[PARSEC] BIBLIOGRAPHY
[PARSEC]
[PARSEC] [1] Bienia. Benchmarking Modern Multiprocessors. Ph.D. Thesis, 2011.
[PARSEC]
[PARSEC] Done.
