[PARSEC] Benchmarks to run:  parsec.vips

[PARSEC] [========== Running benchmark parsec.vips [1] ==========]
[PARSEC] Deleting old run directory.
[PARSEC] Setting up run directory.
[PARSEC] Unpacking benchmark input 'native'.
orion_18000x18000.v
[PARSEC] Running '/home/msteranka/entroprise/libentroprise/entroprise -a /nfs/cm/scratch1/emery/msteranka/shared/libmimalloc.so /home/msteranka/scratch/parsec-3.0/pkgs/apps/vips/inst/amd64-linux.gcc/bin/vips im_benchmark orion_18000x18000.v output.v':
[PARSEC] [---------- Beginning of output ----------]

OUTPUT OF LD_PRELOAD=/home/msteranka/entroprise/libentroprise/libentroprise.so:/nfs/cm/scratch1/emery/msteranka/shared/libmimalloc.so /home/msteranka/scratch/parsec-3.0/pkgs/apps/vips/inst/amd64-linux.gcc/bin/vips im_benchmark orion_18000x18000.v output.v 
------------------------------------------------------------
------------------------------------------------------------
END OF OUTPUT



ENTROPRISE RESULTS
------------------------------------------------------------
THREAD 0:
	Number of Allocations: 1704
	Number of Unique Addresses: 1786.56
	Calculated Entropy: 10.803
	Maximum Entropy: 10.7347
	Normalized Entropy: 1.00636
	Sequence is POSSIBLY random

THREAD 1:
	Number of Allocations: 339129
	Number of Unique Addresses: 262.241
	Calculated Entropy: 8.03475
	Maximum Entropy: 18.3715
	Normalized Entropy: 0.437349
	Sequence is NOT random

THREAD 2:
	Number of Allocations: 342079
	Number of Unique Addresses: 203.722
	Calculated Entropy: 7.67046
	Maximum Entropy: 18.384
	Normalized Entropy: 0.417236
	Sequence is NOT random

THREAD 3:
	Number of Allocations: 334854
	Number of Unique Addresses: 228.527
	Calculated Entropy: 7.83622
	Maximum Entropy: 18.3532
	Normalized Entropy: 0.426968
	Sequence is NOT random

THREAD 4:
	Number of Allocations: 340838
	Number of Unique Addresses: 222.616
	Calculated Entropy: 7.79841
	Maximum Entropy: 18.3787
	Normalized Entropy: 0.424317
	Sequence is NOT random

THREAD 5:
	Number of Allocations: 340247
	Number of Unique Addresses: 240.933
	Calculated Entropy: 7.91249
	Maximum Entropy: 18.3762
	Normalized Entropy: 0.430583
	Sequence is NOT random

THREAD 6:
	Number of Allocations: 341947
	Number of Unique Addresses: 242.007
	Calculated Entropy: 7.9189
	Maximum Entropy: 18.3834
	Normalized Entropy: 0.430763
	Sequence is NOT random

THREAD 7:
	Number of Allocations: 341498
	Number of Unique Addresses: 284.553
	Calculated Entropy: 8.15255
	Maximum Entropy: 18.3815
	Normalized Entropy: 0.443519
	Sequence is NOT random

SUMMARY:
	Total Number of Threads: 8
	Total Number of Allocations: 2382296

	Average Number of Allocations: 175414
	Average Number of Unique Addresses: 307.799
	Average Calculated Entropy: 8.21704
	Average Maximum Entropy: 17.1814
	Average Normalized Entropy: 0.478252

	Minimum Number of Allocations: 1704
	Maximum Number of Allocations: 342079
	Minimum Normalized Entropy: 0.417236
	Maximum Normalized Entropy: 1.00636
	Number of Allocations Standard Deviation: 165842
	Normalized Entropy Standard Deviation: 0.192213

	1 / 8 Random Sequences

[PARSEC] [----------    End of output    ----------]
[PARSEC]
[PARSEC] BIBLIOGRAPHY
[PARSEC]
[PARSEC] [1] Bienia. Benchmarking Modern Multiprocessors. Ph.D. Thesis, 2011.
[PARSEC]
[PARSEC] Done.
